[2024-04-17T00:46:30.747+0000] {local_task_job_runner.py:120} INFO - ::group::Pre task execution logs
[2024-04-17T00:46:30.789+0000] {taskinstance.py:2073} INFO - Dependencies all met for dep_context=non-requeueable deps ti=<TaskInstance: dag_with_api_data_anime_V01.get_data scheduled__2024-04-10T00:00:00+00:00 [queued]>
[2024-04-17T00:46:30.806+0000] {taskinstance.py:2073} INFO - Dependencies all met for dep_context=requeueable deps ti=<TaskInstance: dag_with_api_data_anime_V01.get_data scheduled__2024-04-10T00:00:00+00:00 [queued]>
[2024-04-17T00:46:30.806+0000] {taskinstance.py:2303} INFO - Starting attempt 1 of 1
[2024-04-17T00:46:31.278+0000] {taskinstance.py:2327} INFO - Executing <Task(PythonOperator): get_data> on 2024-04-10 00:00:00+00:00
[2024-04-17T00:46:31.296+0000] {standard_task_runner.py:90} INFO - Running: ['***', 'tasks', 'run', 'dag_with_api_data_anime_V01', 'get_data', 'scheduled__2024-04-10T00:00:00+00:00', '--job-id', '5', '--raw', '--subdir', 'DAGS_FOLDER/dag_streams_anime.py', '--cfg-path', '/tmp/tmpfxdc8z2n']
[2024-04-17T00:46:31.301+0000] {logging_mixin.py:188} WARNING - /home/***/.local/lib/python3.12/site-packages/***/task/task_runner/standard_task_runner.py:61 DeprecationWarning: This process (pid=898) is multi-threaded, use of fork() may lead to deadlocks in the child.
[2024-04-17T00:46:31.303+0000] {standard_task_runner.py:63} INFO - Started process 935 to run task
[2024-04-17T00:46:31.300+0000] {standard_task_runner.py:91} INFO - Job 5: Subtask get_data
[2024-04-17T00:46:31.692+0000] {task_command.py:426} INFO - Running <TaskInstance: dag_with_api_data_anime_V01.get_data scheduled__2024-04-10T00:00:00+00:00 [running]> on host 00607fb6ce10
[2024-04-17T00:46:32.269+0000] {taskinstance.py:2644} INFO - Exporting env vars: AIRFLOW_CTX_DAG_OWNER='mad' AIRFLOW_CTX_DAG_ID='dag_with_api_data_anime_V01' AIRFLOW_CTX_TASK_ID='get_data' AIRFLOW_CTX_EXECUTION_DATE='2024-04-10T00:00:00+00:00' AIRFLOW_CTX_TRY_NUMBER='1' AIRFLOW_CTX_DAG_RUN_ID='scheduled__2024-04-10T00:00:00+00:00'
[2024-04-17T00:46:32.272+0000] {taskinstance.py:430} INFO - ::endgroup::
[2024-04-17T00:46:33.468+0000] {logging_mixin.py:188} INFO - 200
[2024-04-17T00:46:33.475+0000] {python.py:237} INFO - Done. Returned value was: {
   "title": [
      "Cowboy Bebop",
      "Cowboy Bebop: Tengoku no Tobira",
      "Trigun",
      "Witch Hunter Robin",
      "Bouken Ou Beet",
      "Eyeshield 21",
      "Hachimitsu to Clover",
      "Hungry Heart: Wild Striker",
      "Initial D Fourth Stage",
      "Monster",
      "Naruto",
      "One Piece",
      "Tennis no Oujisama",
      "Ring ni Kakero 1",
      "School Rumble",
      "Sunabouzu",
      "Texhnolyze",
      "Trinity Blood",
      "Yakitate!! Japan",
      "Zipang",
      "Shinseiki Evangelion",
      "Shinseiki Evangelion Movie: Shi to Shinsei",
      "Shinseiki Evangelion Movie: Air/Magokoro wo, Kimi ni",
      "Kenpuu Denki Berserk",
      "Koukaku Kidoutai"
   ],
   "score": [
      8.75,
      8.38,
      8.22,
      7.24,
      6.93,
      7.92,
      7.99,
      7.55,
      8.17,
      8.88,
      8,
      8.72,
      7.86,
      6.42,
      7.89,
      7.37,
      7.76,
      7.29,
      7.91,
      7.49,
      8.35,
      7.47,
      8.55,
      8.58,
      8.27
   ],
   "popularity": [
      43,
      618,
      252,
      1854,
      5353,
      1299,
      901,
      4412,
      1271,
      133,
      8,
      19,
      1293,
      8554,
      728,
      1622,
      962,
      1291,
      2094,
      4597,
      45,
      918,
      173,
      314,
      335
   ],
   "ranking": [
      46,
      191,
      338,
      3052,
      4567,
      741,
      651,
      1689,
      415,
      24,
      639,
      52,
      878,
      7373,
      800,
      2382,
      1064,
      2796,
      755,
      1888,
      216,
      1991,
      103,
      93,
      297
   ],
   "rating": [
      "R - 17+ (violence & profanity)",
      "R - 17+ (violence & profanity)",
      "PG-13 - Teens 13 or older",
      "PG-13 - Teens 13 or older",
      "PG - Children",
      "PG-13 - Teens 13 or older",
      "PG-13 - Teens 13 or older",
      "PG-13 - Teens 13 or older",
      "PG-13 - Teens 13 or older",
      "R+ - Mild Nudity",
      "PG-13 - Teens 13 or older",
      "PG-13 - Teens 13 or older",
      "PG-13 - Teens 13 or older",
      "PG - Children",
      "PG-13 - Teens 13 or older",
      "R - 17+ (violence & profanity)",
      "R+ - Mild Nudity",
      "R - 17+ (violence & profanity)",
      "PG-13 - Teens 13 or older",
      "PG-13 - Teens 13 or older",
      "PG-13 - Teens 13 or older",
      "R - 17+ (violence & profanity)",
      "R+ - Mild Nudity",
      "R+ - Mild Nudity",
      "R+ - Mild Nudity"
   ],
   "favorites": [
      82224,
      1578,
      15975,
      647,
      15,
      2051,
      4194,
      244,
      1313,
      52505,
      79759,
      219904,
      3049,
      7,
      5243,
      852,
      5056,
      1351,
      915,
      188,
      105925,
      733,
      28983,
      27664,
      13044
   ]
}
[2024-04-17T00:46:33.476+0000] {taskinstance.py:441} INFO - ::group::Post task execution logs
[2024-04-17T00:46:33.673+0000] {taskinstance.py:1205} INFO - Marking task as SUCCESS. dag_id=dag_with_api_data_anime_V01, task_id=get_data, execution_date=20240410T000000, start_date=20240417T004630, end_date=20240417T004633
[2024-04-17T00:46:34.062+0000] {local_task_job_runner.py:240} INFO - Task exited with return code 0
[2024-04-17T00:46:34.091+0000] {taskinstance.py:3482} INFO - 0 downstream tasks scheduled from follow-on schedule check
[2024-04-17T00:46:34.414+0000] {local_task_job_runner.py:222} INFO - ::endgroup::
