[2024-04-17T00:40:57.295+0000] {processor.py:161} INFO - Started process (PID=208) to work on /home/airflow/.local/lib/python3.12/site-packages/airflow/example_dags/example_skip_dag.py
[2024-04-17T00:40:57.296+0000] {processor.py:830} INFO - Processing file /home/airflow/.local/lib/python3.12/site-packages/airflow/example_dags/example_skip_dag.py for tasks to queue
[2024-04-17T00:40:57.301+0000] {logging_mixin.py:188} INFO - [2024-04-17T00:40:57.300+0000] {dagbag.py:540} INFO - Filling up the DagBag from /home/airflow/.local/lib/python3.12/site-packages/airflow/example_dags/example_skip_dag.py
[2024-04-17T00:40:57.316+0000] {processor.py:840} INFO - DAG(s) 'example_skip_dag' retrieved from /home/airflow/.local/lib/python3.12/site-packages/airflow/example_dags/example_skip_dag.py
[2024-04-17T00:40:57.334+0000] {logging_mixin.py:188} INFO - [2024-04-17T00:40:57.333+0000] {dag.py:3096} INFO - Sync 1 DAGs
[2024-04-17T00:40:57.371+0000] {logging_mixin.py:188} INFO - [2024-04-17T00:40:57.371+0000] {dag.py:3954} INFO - Setting next_dagrun for example_skip_dag to 2024-04-16 00:00:00+00:00, run_after=2024-04-17 00:00:00+00:00
[2024-04-17T00:40:57.401+0000] {processor.py:183} INFO - Processing /home/airflow/.local/lib/python3.12/site-packages/airflow/example_dags/example_skip_dag.py took 0.115 seconds
[2024-04-17T00:41:28.058+0000] {processor.py:161} INFO - Started process (PID=469) to work on /home/airflow/.local/lib/python3.12/site-packages/airflow/example_dags/example_skip_dag.py
[2024-04-17T00:41:28.059+0000] {processor.py:830} INFO - Processing file /home/airflow/.local/lib/python3.12/site-packages/airflow/example_dags/example_skip_dag.py for tasks to queue
[2024-04-17T00:41:28.065+0000] {logging_mixin.py:188} INFO - [2024-04-17T00:41:28.063+0000] {dagbag.py:540} INFO - Filling up the DagBag from /home/airflow/.local/lib/python3.12/site-packages/airflow/example_dags/example_skip_dag.py
[2024-04-17T00:41:28.078+0000] {processor.py:840} INFO - DAG(s) 'example_skip_dag' retrieved from /home/airflow/.local/lib/python3.12/site-packages/airflow/example_dags/example_skip_dag.py
[2024-04-17T00:41:28.330+0000] {logging_mixin.py:188} INFO - [2024-04-17T00:41:28.329+0000] {dag.py:3096} INFO - Sync 1 DAGs
[2024-04-17T00:41:28.358+0000] {logging_mixin.py:188} INFO - [2024-04-17T00:41:28.358+0000] {dag.py:3954} INFO - Setting next_dagrun for example_skip_dag to 2024-04-16 00:00:00+00:00, run_after=2024-04-17 00:00:00+00:00
[2024-04-17T00:41:28.383+0000] {processor.py:183} INFO - Processing /home/airflow/.local/lib/python3.12/site-packages/airflow/example_dags/example_skip_dag.py took 0.333 seconds
[2024-04-17T00:41:58.825+0000] {processor.py:161} INFO - Started process (PID=731) to work on /home/airflow/.local/lib/python3.12/site-packages/airflow/example_dags/example_skip_dag.py
[2024-04-17T00:41:58.826+0000] {processor.py:830} INFO - Processing file /home/airflow/.local/lib/python3.12/site-packages/airflow/example_dags/example_skip_dag.py for tasks to queue
[2024-04-17T00:41:58.827+0000] {logging_mixin.py:188} INFO - [2024-04-17T00:41:58.827+0000] {dagbag.py:540} INFO - Filling up the DagBag from /home/airflow/.local/lib/python3.12/site-packages/airflow/example_dags/example_skip_dag.py
[2024-04-17T00:41:58.833+0000] {processor.py:840} INFO - DAG(s) 'example_skip_dag' retrieved from /home/airflow/.local/lib/python3.12/site-packages/airflow/example_dags/example_skip_dag.py
[2024-04-17T00:41:58.853+0000] {logging_mixin.py:188} INFO - [2024-04-17T00:41:58.852+0000] {dag.py:3096} INFO - Sync 1 DAGs
[2024-04-17T00:41:58.876+0000] {logging_mixin.py:188} INFO - [2024-04-17T00:41:58.876+0000] {dag.py:3954} INFO - Setting next_dagrun for example_skip_dag to 2024-04-16 00:00:00+00:00, run_after=2024-04-17 00:00:00+00:00
[2024-04-17T00:41:58.898+0000] {processor.py:183} INFO - Processing /home/airflow/.local/lib/python3.12/site-packages/airflow/example_dags/example_skip_dag.py took 0.080 seconds
[2024-04-17T00:42:29.535+0000] {processor.py:161} INFO - Started process (PID=995) to work on /home/airflow/.local/lib/python3.12/site-packages/airflow/example_dags/example_skip_dag.py
[2024-04-17T00:42:29.536+0000] {processor.py:830} INFO - Processing file /home/airflow/.local/lib/python3.12/site-packages/airflow/example_dags/example_skip_dag.py for tasks to queue
[2024-04-17T00:42:29.538+0000] {logging_mixin.py:188} INFO - [2024-04-17T00:42:29.537+0000] {dagbag.py:540} INFO - Filling up the DagBag from /home/airflow/.local/lib/python3.12/site-packages/airflow/example_dags/example_skip_dag.py
[2024-04-17T00:42:29.543+0000] {processor.py:840} INFO - DAG(s) 'example_skip_dag' retrieved from /home/airflow/.local/lib/python3.12/site-packages/airflow/example_dags/example_skip_dag.py
[2024-04-17T00:42:29.564+0000] {logging_mixin.py:188} INFO - [2024-04-17T00:42:29.563+0000] {dag.py:3096} INFO - Sync 1 DAGs
[2024-04-17T00:42:29.587+0000] {logging_mixin.py:188} INFO - [2024-04-17T00:42:29.587+0000] {dag.py:3954} INFO - Setting next_dagrun for example_skip_dag to 2024-04-16 00:00:00+00:00, run_after=2024-04-17 00:00:00+00:00
[2024-04-17T00:42:29.607+0000] {processor.py:183} INFO - Processing /home/airflow/.local/lib/python3.12/site-packages/airflow/example_dags/example_skip_dag.py took 0.078 seconds
[2024-04-17T00:45:08.432+0000] {processor.py:161} INFO - Started process (PID=219) to work on /home/airflow/.local/lib/python3.12/site-packages/airflow/example_dags/example_skip_dag.py
[2024-04-17T00:45:08.433+0000] {processor.py:830} INFO - Processing file /home/airflow/.local/lib/python3.12/site-packages/airflow/example_dags/example_skip_dag.py for tasks to queue
[2024-04-17T00:45:08.441+0000] {logging_mixin.py:188} INFO - [2024-04-17T00:45:08.436+0000] {dagbag.py:540} INFO - Filling up the DagBag from /home/airflow/.local/lib/python3.12/site-packages/airflow/example_dags/example_skip_dag.py
[2024-04-17T00:45:08.464+0000] {processor.py:840} INFO - DAG(s) 'example_skip_dag' retrieved from /home/airflow/.local/lib/python3.12/site-packages/airflow/example_dags/example_skip_dag.py
[2024-04-17T00:45:08.755+0000] {logging_mixin.py:188} INFO - [2024-04-17T00:45:08.755+0000] {dag.py:3096} INFO - Sync 1 DAGs
[2024-04-17T00:45:08.815+0000] {logging_mixin.py:188} INFO - [2024-04-17T00:45:08.815+0000] {dag.py:3954} INFO - Setting next_dagrun for example_skip_dag to 2024-04-16 00:00:00+00:00, run_after=2024-04-17 00:00:00+00:00
[2024-04-17T00:45:09.207+0000] {processor.py:183} INFO - Processing /home/airflow/.local/lib/python3.12/site-packages/airflow/example_dags/example_skip_dag.py took 0.783 seconds
[2024-04-17T00:45:42.514+0000] {processor.py:161} INFO - Started process (PID=486) to work on /home/airflow/.local/lib/python3.12/site-packages/airflow/example_dags/example_skip_dag.py
[2024-04-17T00:45:42.515+0000] {processor.py:830} INFO - Processing file /home/airflow/.local/lib/python3.12/site-packages/airflow/example_dags/example_skip_dag.py for tasks to queue
[2024-04-17T00:45:42.516+0000] {logging_mixin.py:188} INFO - [2024-04-17T00:45:42.516+0000] {dagbag.py:540} INFO - Filling up the DagBag from /home/airflow/.local/lib/python3.12/site-packages/airflow/example_dags/example_skip_dag.py
[2024-04-17T00:45:42.522+0000] {processor.py:840} INFO - DAG(s) 'example_skip_dag' retrieved from /home/airflow/.local/lib/python3.12/site-packages/airflow/example_dags/example_skip_dag.py
[2024-04-17T00:45:42.542+0000] {logging_mixin.py:188} INFO - [2024-04-17T00:45:42.542+0000] {dag.py:3096} INFO - Sync 1 DAGs
[2024-04-17T00:45:42.589+0000] {logging_mixin.py:188} INFO - [2024-04-17T00:45:42.589+0000] {dag.py:3954} INFO - Setting next_dagrun for example_skip_dag to 2024-04-16 00:00:00+00:00, run_after=2024-04-17 00:00:00+00:00
[2024-04-17T00:45:42.910+0000] {processor.py:183} INFO - Processing /home/airflow/.local/lib/python3.12/site-packages/airflow/example_dags/example_skip_dag.py took 0.403 seconds
[2024-04-17T00:46:13.024+0000] {processor.py:161} INFO - Started process (PID=755) to work on /home/airflow/.local/lib/python3.12/site-packages/airflow/example_dags/example_skip_dag.py
[2024-04-17T00:46:13.025+0000] {processor.py:830} INFO - Processing file /home/airflow/.local/lib/python3.12/site-packages/airflow/example_dags/example_skip_dag.py for tasks to queue
[2024-04-17T00:46:13.028+0000] {logging_mixin.py:188} INFO - [2024-04-17T00:46:13.028+0000] {dagbag.py:540} INFO - Filling up the DagBag from /home/airflow/.local/lib/python3.12/site-packages/airflow/example_dags/example_skip_dag.py
[2024-04-17T00:46:13.038+0000] {processor.py:840} INFO - DAG(s) 'example_skip_dag' retrieved from /home/airflow/.local/lib/python3.12/site-packages/airflow/example_dags/example_skip_dag.py
[2024-04-17T00:46:13.067+0000] {logging_mixin.py:188} INFO - [2024-04-17T00:46:13.067+0000] {dag.py:3096} INFO - Sync 1 DAGs
[2024-04-17T00:46:13.097+0000] {logging_mixin.py:188} INFO - [2024-04-17T00:46:13.097+0000] {dag.py:3954} INFO - Setting next_dagrun for example_skip_dag to 2024-04-16 00:00:00+00:00, run_after=2024-04-17 00:00:00+00:00
[2024-04-17T00:46:13.243+0000] {processor.py:183} INFO - Processing /home/airflow/.local/lib/python3.12/site-packages/airflow/example_dags/example_skip_dag.py took 0.225 seconds
[2024-04-17T00:46:43.542+0000] {processor.py:161} INFO - Started process (PID=1023) to work on /home/airflow/.local/lib/python3.12/site-packages/airflow/example_dags/example_skip_dag.py
[2024-04-17T00:46:43.544+0000] {processor.py:830} INFO - Processing file /home/airflow/.local/lib/python3.12/site-packages/airflow/example_dags/example_skip_dag.py for tasks to queue
[2024-04-17T00:46:43.546+0000] {logging_mixin.py:188} INFO - [2024-04-17T00:46:43.545+0000] {dagbag.py:540} INFO - Filling up the DagBag from /home/airflow/.local/lib/python3.12/site-packages/airflow/example_dags/example_skip_dag.py
[2024-04-17T00:46:43.553+0000] {processor.py:840} INFO - DAG(s) 'example_skip_dag' retrieved from /home/airflow/.local/lib/python3.12/site-packages/airflow/example_dags/example_skip_dag.py
[2024-04-17T00:46:43.579+0000] {logging_mixin.py:188} INFO - [2024-04-17T00:46:43.578+0000] {dag.py:3096} INFO - Sync 1 DAGs
[2024-04-17T00:46:43.606+0000] {logging_mixin.py:188} INFO - [2024-04-17T00:46:43.605+0000] {dag.py:3954} INFO - Setting next_dagrun for example_skip_dag to 2024-04-16 00:00:00+00:00, run_after=2024-04-17 00:00:00+00:00
[2024-04-17T00:46:43.873+0000] {processor.py:183} INFO - Processing /home/airflow/.local/lib/python3.12/site-packages/airflow/example_dags/example_skip_dag.py took 0.338 seconds
[2024-04-17T00:47:13.938+0000] {processor.py:161} INFO - Started process (PID=1290) to work on /home/airflow/.local/lib/python3.12/site-packages/airflow/example_dags/example_skip_dag.py
[2024-04-17T00:47:13.939+0000] {processor.py:830} INFO - Processing file /home/airflow/.local/lib/python3.12/site-packages/airflow/example_dags/example_skip_dag.py for tasks to queue
[2024-04-17T00:47:13.941+0000] {logging_mixin.py:188} INFO - [2024-04-17T00:47:13.941+0000] {dagbag.py:540} INFO - Filling up the DagBag from /home/airflow/.local/lib/python3.12/site-packages/airflow/example_dags/example_skip_dag.py
[2024-04-17T00:47:13.949+0000] {processor.py:840} INFO - DAG(s) 'example_skip_dag' retrieved from /home/airflow/.local/lib/python3.12/site-packages/airflow/example_dags/example_skip_dag.py
[2024-04-17T00:47:13.973+0000] {logging_mixin.py:188} INFO - [2024-04-17T00:47:13.973+0000] {dag.py:3096} INFO - Sync 1 DAGs
[2024-04-17T00:47:14.001+0000] {logging_mixin.py:188} INFO - [2024-04-17T00:47:14.001+0000] {dag.py:3954} INFO - Setting next_dagrun for example_skip_dag to 2024-04-16 00:00:00+00:00, run_after=2024-04-17 00:00:00+00:00
[2024-04-17T00:47:14.286+0000] {processor.py:183} INFO - Processing /home/airflow/.local/lib/python3.12/site-packages/airflow/example_dags/example_skip_dag.py took 0.352 seconds
[2024-04-17T00:47:44.451+0000] {processor.py:161} INFO - Started process (PID=1557) to work on /home/airflow/.local/lib/python3.12/site-packages/airflow/example_dags/example_skip_dag.py
[2024-04-17T00:47:44.452+0000] {processor.py:830} INFO - Processing file /home/airflow/.local/lib/python3.12/site-packages/airflow/example_dags/example_skip_dag.py for tasks to queue
[2024-04-17T00:47:44.454+0000] {logging_mixin.py:188} INFO - [2024-04-17T00:47:44.453+0000] {dagbag.py:540} INFO - Filling up the DagBag from /home/airflow/.local/lib/python3.12/site-packages/airflow/example_dags/example_skip_dag.py
[2024-04-17T00:47:44.460+0000] {processor.py:840} INFO - DAG(s) 'example_skip_dag' retrieved from /home/airflow/.local/lib/python3.12/site-packages/airflow/example_dags/example_skip_dag.py
[2024-04-17T00:47:44.483+0000] {logging_mixin.py:188} INFO - [2024-04-17T00:47:44.483+0000] {dag.py:3096} INFO - Sync 1 DAGs
[2024-04-17T00:47:44.506+0000] {logging_mixin.py:188} INFO - [2024-04-17T00:47:44.505+0000] {dag.py:3954} INFO - Setting next_dagrun for example_skip_dag to 2024-04-16 00:00:00+00:00, run_after=2024-04-17 00:00:00+00:00
[2024-04-17T00:47:44.671+0000] {processor.py:183} INFO - Processing /home/airflow/.local/lib/python3.12/site-packages/airflow/example_dags/example_skip_dag.py took 0.227 seconds
[2024-04-17T00:48:15.448+0000] {processor.py:161} INFO - Started process (PID=1825) to work on /home/airflow/.local/lib/python3.12/site-packages/airflow/example_dags/example_skip_dag.py
[2024-04-17T00:48:15.449+0000] {processor.py:830} INFO - Processing file /home/airflow/.local/lib/python3.12/site-packages/airflow/example_dags/example_skip_dag.py for tasks to queue
[2024-04-17T00:48:15.451+0000] {logging_mixin.py:188} INFO - [2024-04-17T00:48:15.451+0000] {dagbag.py:540} INFO - Filling up the DagBag from /home/airflow/.local/lib/python3.12/site-packages/airflow/example_dags/example_skip_dag.py
[2024-04-17T00:48:15.457+0000] {processor.py:840} INFO - DAG(s) 'example_skip_dag' retrieved from /home/airflow/.local/lib/python3.12/site-packages/airflow/example_dags/example_skip_dag.py
[2024-04-17T00:48:15.478+0000] {logging_mixin.py:188} INFO - [2024-04-17T00:48:15.478+0000] {dag.py:3096} INFO - Sync 1 DAGs
[2024-04-17T00:48:15.507+0000] {logging_mixin.py:188} INFO - [2024-04-17T00:48:15.506+0000] {dag.py:3954} INFO - Setting next_dagrun for example_skip_dag to 2024-04-16 00:00:00+00:00, run_after=2024-04-17 00:00:00+00:00
[2024-04-17T00:48:15.863+0000] {processor.py:183} INFO - Processing /home/airflow/.local/lib/python3.12/site-packages/airflow/example_dags/example_skip_dag.py took 0.420 seconds
