[2024-04-17T00:40:57.448+0000] {processor.py:161} INFO - Started process (PID=218) to work on /home/airflow/.local/lib/python3.12/site-packages/airflow/example_dags/example_sensors.py
[2024-04-17T00:40:57.449+0000] {processor.py:830} INFO - Processing file /home/airflow/.local/lib/python3.12/site-packages/airflow/example_dags/example_sensors.py for tasks to queue
[2024-04-17T00:40:57.451+0000] {logging_mixin.py:188} INFO - [2024-04-17T00:40:57.451+0000] {dagbag.py:540} INFO - Filling up the DagBag from /home/airflow/.local/lib/python3.12/site-packages/airflow/example_dags/example_sensors.py
[2024-04-17T00:40:57.464+0000] {processor.py:840} INFO - DAG(s) 'example_sensors' retrieved from /home/airflow/.local/lib/python3.12/site-packages/airflow/example_dags/example_sensors.py
[2024-04-17T00:40:57.476+0000] {logging_mixin.py:188} INFO - [2024-04-17T00:40:57.475+0000] {dag.py:3096} INFO - Sync 1 DAGs
[2024-04-17T00:40:57.495+0000] {logging_mixin.py:188} INFO - [2024-04-17T00:40:57.494+0000] {dag.py:3954} INFO - Setting next_dagrun for example_sensors to None, run_after=None
[2024-04-17T00:40:57.521+0000] {processor.py:183} INFO - Processing /home/airflow/.local/lib/python3.12/site-packages/airflow/example_dags/example_sensors.py took 0.079 seconds
[2024-04-17T00:41:28.418+0000] {processor.py:161} INFO - Started process (PID=479) to work on /home/airflow/.local/lib/python3.12/site-packages/airflow/example_dags/example_sensors.py
[2024-04-17T00:41:28.419+0000] {processor.py:830} INFO - Processing file /home/airflow/.local/lib/python3.12/site-packages/airflow/example_dags/example_sensors.py for tasks to queue
[2024-04-17T00:41:28.421+0000] {logging_mixin.py:188} INFO - [2024-04-17T00:41:28.421+0000] {dagbag.py:540} INFO - Filling up the DagBag from /home/airflow/.local/lib/python3.12/site-packages/airflow/example_dags/example_sensors.py
[2024-04-17T00:41:28.433+0000] {processor.py:840} INFO - DAG(s) 'example_sensors' retrieved from /home/airflow/.local/lib/python3.12/site-packages/airflow/example_dags/example_sensors.py
[2024-04-17T00:41:28.565+0000] {logging_mixin.py:188} INFO - [2024-04-17T00:41:28.565+0000] {dag.py:3096} INFO - Sync 1 DAGs
[2024-04-17T00:41:28.578+0000] {logging_mixin.py:188} INFO - [2024-04-17T00:41:28.578+0000] {dag.py:3954} INFO - Setting next_dagrun for example_sensors to None, run_after=None
[2024-04-17T00:41:28.602+0000] {processor.py:183} INFO - Processing /home/airflow/.local/lib/python3.12/site-packages/airflow/example_dags/example_sensors.py took 0.190 seconds
[2024-04-17T00:41:58.944+0000] {processor.py:161} INFO - Started process (PID=741) to work on /home/airflow/.local/lib/python3.12/site-packages/airflow/example_dags/example_sensors.py
[2024-04-17T00:41:58.945+0000] {processor.py:830} INFO - Processing file /home/airflow/.local/lib/python3.12/site-packages/airflow/example_dags/example_sensors.py for tasks to queue
[2024-04-17T00:41:58.947+0000] {logging_mixin.py:188} INFO - [2024-04-17T00:41:58.947+0000] {dagbag.py:540} INFO - Filling up the DagBag from /home/airflow/.local/lib/python3.12/site-packages/airflow/example_dags/example_sensors.py
[2024-04-17T00:41:58.957+0000] {processor.py:840} INFO - DAG(s) 'example_sensors' retrieved from /home/airflow/.local/lib/python3.12/site-packages/airflow/example_dags/example_sensors.py
[2024-04-17T00:41:58.984+0000] {logging_mixin.py:188} INFO - [2024-04-17T00:41:58.984+0000] {dag.py:3096} INFO - Sync 1 DAGs
[2024-04-17T00:41:58.997+0000] {logging_mixin.py:188} INFO - [2024-04-17T00:41:58.997+0000] {dag.py:3954} INFO - Setting next_dagrun for example_sensors to None, run_after=None
[2024-04-17T00:41:59.017+0000] {processor.py:183} INFO - Processing /home/airflow/.local/lib/python3.12/site-packages/airflow/example_dags/example_sensors.py took 0.078 seconds
[2024-04-17T00:42:29.638+0000] {processor.py:161} INFO - Started process (PID=1005) to work on /home/airflow/.local/lib/python3.12/site-packages/airflow/example_dags/example_sensors.py
[2024-04-17T00:42:29.639+0000] {processor.py:830} INFO - Processing file /home/airflow/.local/lib/python3.12/site-packages/airflow/example_dags/example_sensors.py for tasks to queue
[2024-04-17T00:42:29.641+0000] {logging_mixin.py:188} INFO - [2024-04-17T00:42:29.640+0000] {dagbag.py:540} INFO - Filling up the DagBag from /home/airflow/.local/lib/python3.12/site-packages/airflow/example_dags/example_sensors.py
[2024-04-17T00:42:29.650+0000] {processor.py:840} INFO - DAG(s) 'example_sensors' retrieved from /home/airflow/.local/lib/python3.12/site-packages/airflow/example_dags/example_sensors.py
[2024-04-17T00:42:29.674+0000] {logging_mixin.py:188} INFO - [2024-04-17T00:42:29.674+0000] {dag.py:3096} INFO - Sync 1 DAGs
[2024-04-17T00:42:29.686+0000] {logging_mixin.py:188} INFO - [2024-04-17T00:42:29.686+0000] {dag.py:3954} INFO - Setting next_dagrun for example_sensors to None, run_after=None
[2024-04-17T00:42:29.707+0000] {processor.py:183} INFO - Processing /home/airflow/.local/lib/python3.12/site-packages/airflow/example_dags/example_sensors.py took 0.074 seconds
[2024-04-17T00:45:09.984+0000] {processor.py:161} INFO - Started process (PID=231) to work on /home/airflow/.local/lib/python3.12/site-packages/airflow/example_dags/example_sensors.py
[2024-04-17T00:45:09.987+0000] {processor.py:830} INFO - Processing file /home/airflow/.local/lib/python3.12/site-packages/airflow/example_dags/example_sensors.py for tasks to queue
[2024-04-17T00:45:09.991+0000] {logging_mixin.py:188} INFO - [2024-04-17T00:45:09.991+0000] {dagbag.py:540} INFO - Filling up the DagBag from /home/airflow/.local/lib/python3.12/site-packages/airflow/example_dags/example_sensors.py
[2024-04-17T00:45:10.027+0000] {processor.py:840} INFO - DAG(s) 'example_sensors' retrieved from /home/airflow/.local/lib/python3.12/site-packages/airflow/example_dags/example_sensors.py
[2024-04-17T00:45:10.354+0000] {logging_mixin.py:188} INFO - [2024-04-17T00:45:10.354+0000] {dag.py:3096} INFO - Sync 1 DAGs
[2024-04-17T00:45:10.396+0000] {logging_mixin.py:188} INFO - [2024-04-17T00:45:10.395+0000] {dag.py:3954} INFO - Setting next_dagrun for example_sensors to None, run_after=None
[2024-04-17T00:45:10.574+0000] {processor.py:183} INFO - Processing /home/airflow/.local/lib/python3.12/site-packages/airflow/example_dags/example_sensors.py took 0.601 seconds
[2024-04-17T00:45:42.951+0000] {processor.py:161} INFO - Started process (PID=496) to work on /home/airflow/.local/lib/python3.12/site-packages/airflow/example_dags/example_sensors.py
[2024-04-17T00:45:43.316+0000] {processor.py:830} INFO - Processing file /home/airflow/.local/lib/python3.12/site-packages/airflow/example_dags/example_sensors.py for tasks to queue
[2024-04-17T00:45:43.323+0000] {logging_mixin.py:188} INFO - [2024-04-17T00:45:43.322+0000] {dagbag.py:540} INFO - Filling up the DagBag from /home/airflow/.local/lib/python3.12/site-packages/airflow/example_dags/example_sensors.py
[2024-04-17T00:45:43.350+0000] {processor.py:840} INFO - DAG(s) 'example_sensors' retrieved from /home/airflow/.local/lib/python3.12/site-packages/airflow/example_dags/example_sensors.py
[2024-04-17T00:45:43.406+0000] {logging_mixin.py:188} INFO - [2024-04-17T00:45:43.406+0000] {dag.py:3096} INFO - Sync 1 DAGs
[2024-04-17T00:45:43.423+0000] {logging_mixin.py:188} INFO - [2024-04-17T00:45:43.422+0000] {dag.py:3954} INFO - Setting next_dagrun for example_sensors to None, run_after=None
[2024-04-17T00:45:43.954+0000] {processor.py:183} INFO - Processing /home/airflow/.local/lib/python3.12/site-packages/airflow/example_dags/example_sensors.py took 1.011 seconds
[2024-04-17T00:46:14.304+0000] {processor.py:161} INFO - Started process (PID=765) to work on /home/airflow/.local/lib/python3.12/site-packages/airflow/example_dags/example_sensors.py
[2024-04-17T00:46:14.306+0000] {processor.py:830} INFO - Processing file /home/airflow/.local/lib/python3.12/site-packages/airflow/example_dags/example_sensors.py for tasks to queue
[2024-04-17T00:46:14.313+0000] {logging_mixin.py:188} INFO - [2024-04-17T00:46:14.312+0000] {dagbag.py:540} INFO - Filling up the DagBag from /home/airflow/.local/lib/python3.12/site-packages/airflow/example_dags/example_sensors.py
[2024-04-17T00:46:14.330+0000] {processor.py:840} INFO - DAG(s) 'example_sensors' retrieved from /home/airflow/.local/lib/python3.12/site-packages/airflow/example_dags/example_sensors.py
[2024-04-17T00:46:14.364+0000] {logging_mixin.py:188} INFO - [2024-04-17T00:46:14.364+0000] {dag.py:3096} INFO - Sync 1 DAGs
[2024-04-17T00:46:14.387+0000] {logging_mixin.py:188} INFO - [2024-04-17T00:46:14.386+0000] {dag.py:3954} INFO - Setting next_dagrun for example_sensors to None, run_after=None
[2024-04-17T00:46:14.650+0000] {processor.py:183} INFO - Processing /home/airflow/.local/lib/python3.12/site-packages/airflow/example_dags/example_sensors.py took 0.351 seconds
[2024-04-17T00:46:44.918+0000] {processor.py:161} INFO - Started process (PID=1035) to work on /home/airflow/.local/lib/python3.12/site-packages/airflow/example_dags/example_sensors.py
[2024-04-17T00:46:44.919+0000] {processor.py:830} INFO - Processing file /home/airflow/.local/lib/python3.12/site-packages/airflow/example_dags/example_sensors.py for tasks to queue
[2024-04-17T00:46:44.921+0000] {logging_mixin.py:188} INFO - [2024-04-17T00:46:44.921+0000] {dagbag.py:540} INFO - Filling up the DagBag from /home/airflow/.local/lib/python3.12/site-packages/airflow/example_dags/example_sensors.py
[2024-04-17T00:46:44.932+0000] {processor.py:840} INFO - DAG(s) 'example_sensors' retrieved from /home/airflow/.local/lib/python3.12/site-packages/airflow/example_dags/example_sensors.py
[2024-04-17T00:46:44.958+0000] {logging_mixin.py:188} INFO - [2024-04-17T00:46:44.958+0000] {dag.py:3096} INFO - Sync 1 DAGs
[2024-04-17T00:46:44.972+0000] {logging_mixin.py:188} INFO - [2024-04-17T00:46:44.971+0000] {dag.py:3954} INFO - Setting next_dagrun for example_sensors to None, run_after=None
[2024-04-17T00:46:45.265+0000] {processor.py:183} INFO - Processing /home/airflow/.local/lib/python3.12/site-packages/airflow/example_dags/example_sensors.py took 0.351 seconds
[2024-04-17T00:47:15.336+0000] {processor.py:161} INFO - Started process (PID=1302) to work on /home/airflow/.local/lib/python3.12/site-packages/airflow/example_dags/example_sensors.py
[2024-04-17T00:47:15.338+0000] {processor.py:830} INFO - Processing file /home/airflow/.local/lib/python3.12/site-packages/airflow/example_dags/example_sensors.py for tasks to queue
[2024-04-17T00:47:15.339+0000] {logging_mixin.py:188} INFO - [2024-04-17T00:47:15.339+0000] {dagbag.py:540} INFO - Filling up the DagBag from /home/airflow/.local/lib/python3.12/site-packages/airflow/example_dags/example_sensors.py
[2024-04-17T00:47:15.353+0000] {processor.py:840} INFO - DAG(s) 'example_sensors' retrieved from /home/airflow/.local/lib/python3.12/site-packages/airflow/example_dags/example_sensors.py
[2024-04-17T00:47:15.385+0000] {logging_mixin.py:188} INFO - [2024-04-17T00:47:15.385+0000] {dag.py:3096} INFO - Sync 1 DAGs
[2024-04-17T00:47:15.400+0000] {logging_mixin.py:188} INFO - [2024-04-17T00:47:15.400+0000] {dag.py:3954} INFO - Setting next_dagrun for example_sensors to None, run_after=None
[2024-04-17T00:47:15.626+0000] {processor.py:183} INFO - Processing /home/airflow/.local/lib/python3.12/site-packages/airflow/example_dags/example_sensors.py took 0.295 seconds
[2024-04-17T00:47:45.717+0000] {processor.py:161} INFO - Started process (PID=1569) to work on /home/airflow/.local/lib/python3.12/site-packages/airflow/example_dags/example_sensors.py
[2024-04-17T00:47:45.718+0000] {processor.py:830} INFO - Processing file /home/airflow/.local/lib/python3.12/site-packages/airflow/example_dags/example_sensors.py for tasks to queue
[2024-04-17T00:47:45.720+0000] {logging_mixin.py:188} INFO - [2024-04-17T00:47:45.719+0000] {dagbag.py:540} INFO - Filling up the DagBag from /home/airflow/.local/lib/python3.12/site-packages/airflow/example_dags/example_sensors.py
[2024-04-17T00:47:45.729+0000] {processor.py:840} INFO - DAG(s) 'example_sensors' retrieved from /home/airflow/.local/lib/python3.12/site-packages/airflow/example_dags/example_sensors.py
[2024-04-17T00:47:45.757+0000] {logging_mixin.py:188} INFO - [2024-04-17T00:47:45.757+0000] {dag.py:3096} INFO - Sync 1 DAGs
[2024-04-17T00:47:45.772+0000] {logging_mixin.py:188} INFO - [2024-04-17T00:47:45.771+0000] {dag.py:3954} INFO - Setting next_dagrun for example_sensors to None, run_after=None
[2024-04-17T00:47:46.095+0000] {processor.py:183} INFO - Processing /home/airflow/.local/lib/python3.12/site-packages/airflow/example_dags/example_sensors.py took 0.383 seconds
[2024-04-17T00:48:16.776+0000] {processor.py:161} INFO - Started process (PID=1835) to work on /home/airflow/.local/lib/python3.12/site-packages/airflow/example_dags/example_sensors.py
[2024-04-17T00:48:16.777+0000] {processor.py:830} INFO - Processing file /home/airflow/.local/lib/python3.12/site-packages/airflow/example_dags/example_sensors.py for tasks to queue
[2024-04-17T00:48:16.780+0000] {logging_mixin.py:188} INFO - [2024-04-17T00:48:16.779+0000] {dagbag.py:540} INFO - Filling up the DagBag from /home/airflow/.local/lib/python3.12/site-packages/airflow/example_dags/example_sensors.py
[2024-04-17T00:48:16.794+0000] {processor.py:840} INFO - DAG(s) 'example_sensors' retrieved from /home/airflow/.local/lib/python3.12/site-packages/airflow/example_dags/example_sensors.py
[2024-04-17T00:48:16.839+0000] {logging_mixin.py:188} INFO - [2024-04-17T00:48:16.839+0000] {dag.py:3096} INFO - Sync 1 DAGs
[2024-04-17T00:48:16.862+0000] {logging_mixin.py:188} INFO - [2024-04-17T00:48:16.862+0000] {dag.py:3954} INFO - Setting next_dagrun for example_sensors to None, run_after=None
[2024-04-17T00:48:16.997+0000] {processor.py:183} INFO - Processing /home/airflow/.local/lib/python3.12/site-packages/airflow/example_dags/example_sensors.py took 0.229 seconds
