[2024-04-17T00:40:58.304+0000] {processor.py:161} INFO - Started process (PID=258) to work on /home/airflow/.local/lib/python3.12/site-packages/airflow/example_dags/example_dag_decorator.py
[2024-04-17T00:40:58.305+0000] {processor.py:830} INFO - Processing file /home/airflow/.local/lib/python3.12/site-packages/airflow/example_dags/example_dag_decorator.py for tasks to queue
[2024-04-17T00:40:58.307+0000] {logging_mixin.py:188} INFO - [2024-04-17T00:40:58.306+0000] {dagbag.py:540} INFO - Filling up the DagBag from /home/airflow/.local/lib/python3.12/site-packages/airflow/example_dags/example_dag_decorator.py
[2024-04-17T00:40:58.572+0000] {processor.py:840} INFO - DAG(s) 'example_dag_decorator' retrieved from /home/airflow/.local/lib/python3.12/site-packages/airflow/example_dags/example_dag_decorator.py
[2024-04-17T00:40:58.716+0000] {logging_mixin.py:188} INFO - [2024-04-17T00:40:58.716+0000] {dag.py:3096} INFO - Sync 1 DAGs
[2024-04-17T00:40:58.733+0000] {logging_mixin.py:188} INFO - [2024-04-17T00:40:58.732+0000] {dag.py:3954} INFO - Setting next_dagrun for example_dag_decorator to None, run_after=None
[2024-04-17T00:40:58.758+0000] {processor.py:183} INFO - Processing /home/airflow/.local/lib/python3.12/site-packages/airflow/example_dags/example_dag_decorator.py took 0.461 seconds
[2024-04-17T00:41:29.343+0000] {processor.py:161} INFO - Started process (PID=519) to work on /home/airflow/.local/lib/python3.12/site-packages/airflow/example_dags/example_dag_decorator.py
[2024-04-17T00:41:29.344+0000] {processor.py:830} INFO - Processing file /home/airflow/.local/lib/python3.12/site-packages/airflow/example_dags/example_dag_decorator.py for tasks to queue
[2024-04-17T00:41:29.346+0000] {logging_mixin.py:188} INFO - [2024-04-17T00:41:29.345+0000] {dagbag.py:540} INFO - Filling up the DagBag from /home/airflow/.local/lib/python3.12/site-packages/airflow/example_dags/example_dag_decorator.py
[2024-04-17T00:41:29.447+0000] {processor.py:840} INFO - DAG(s) 'example_dag_decorator' retrieved from /home/airflow/.local/lib/python3.12/site-packages/airflow/example_dags/example_dag_decorator.py
[2024-04-17T00:41:29.636+0000] {logging_mixin.py:188} INFO - [2024-04-17T00:41:29.636+0000] {dag.py:3096} INFO - Sync 1 DAGs
[2024-04-17T00:41:29.648+0000] {logging_mixin.py:188} INFO - [2024-04-17T00:41:29.648+0000] {dag.py:3954} INFO - Setting next_dagrun for example_dag_decorator to None, run_after=None
[2024-04-17T00:41:29.670+0000] {processor.py:183} INFO - Processing /home/airflow/.local/lib/python3.12/site-packages/airflow/example_dags/example_dag_decorator.py took 0.333 seconds
[2024-04-17T00:42:00.427+0000] {processor.py:161} INFO - Started process (PID=781) to work on /home/airflow/.local/lib/python3.12/site-packages/airflow/example_dags/example_dag_decorator.py
[2024-04-17T00:42:00.428+0000] {processor.py:830} INFO - Processing file /home/airflow/.local/lib/python3.12/site-packages/airflow/example_dags/example_dag_decorator.py for tasks to queue
[2024-04-17T00:42:00.432+0000] {logging_mixin.py:188} INFO - [2024-04-17T00:42:00.431+0000] {dagbag.py:540} INFO - Filling up the DagBag from /home/airflow/.local/lib/python3.12/site-packages/airflow/example_dags/example_dag_decorator.py
[2024-04-17T00:42:00.576+0000] {processor.py:840} INFO - DAG(s) 'example_dag_decorator' retrieved from /home/airflow/.local/lib/python3.12/site-packages/airflow/example_dags/example_dag_decorator.py
[2024-04-17T00:42:00.738+0000] {logging_mixin.py:188} INFO - [2024-04-17T00:42:00.737+0000] {dag.py:3096} INFO - Sync 1 DAGs
[2024-04-17T00:42:00.754+0000] {logging_mixin.py:188} INFO - [2024-04-17T00:42:00.754+0000] {dag.py:3954} INFO - Setting next_dagrun for example_dag_decorator to None, run_after=None
[2024-04-17T00:42:00.787+0000] {processor.py:183} INFO - Processing /home/airflow/.local/lib/python3.12/site-packages/airflow/example_dags/example_dag_decorator.py took 0.368 seconds
[2024-04-17T00:42:31.061+0000] {processor.py:161} INFO - Started process (PID=1043) to work on /home/airflow/.local/lib/python3.12/site-packages/airflow/example_dags/example_dag_decorator.py
[2024-04-17T00:42:31.062+0000] {processor.py:830} INFO - Processing file /home/airflow/.local/lib/python3.12/site-packages/airflow/example_dags/example_dag_decorator.py for tasks to queue
[2024-04-17T00:42:31.064+0000] {logging_mixin.py:188} INFO - [2024-04-17T00:42:31.064+0000] {dagbag.py:540} INFO - Filling up the DagBag from /home/airflow/.local/lib/python3.12/site-packages/airflow/example_dags/example_dag_decorator.py
[2024-04-17T00:42:31.159+0000] {processor.py:840} INFO - DAG(s) 'example_dag_decorator' retrieved from /home/airflow/.local/lib/python3.12/site-packages/airflow/example_dags/example_dag_decorator.py
[2024-04-17T00:42:31.262+0000] {logging_mixin.py:188} INFO - [2024-04-17T00:42:31.262+0000] {dag.py:3096} INFO - Sync 1 DAGs
[2024-04-17T00:42:31.272+0000] {logging_mixin.py:188} INFO - [2024-04-17T00:42:31.272+0000] {dag.py:3954} INFO - Setting next_dagrun for example_dag_decorator to None, run_after=None
[2024-04-17T00:42:31.293+0000] {processor.py:183} INFO - Processing /home/airflow/.local/lib/python3.12/site-packages/airflow/example_dags/example_dag_decorator.py took 0.237 seconds
[2024-04-17T00:45:13.809+0000] {processor.py:161} INFO - Started process (PID=271) to work on /home/airflow/.local/lib/python3.12/site-packages/airflow/example_dags/example_dag_decorator.py
[2024-04-17T00:45:13.811+0000] {processor.py:830} INFO - Processing file /home/airflow/.local/lib/python3.12/site-packages/airflow/example_dags/example_dag_decorator.py for tasks to queue
[2024-04-17T00:45:13.819+0000] {logging_mixin.py:188} INFO - [2024-04-17T00:45:13.815+0000] {dagbag.py:540} INFO - Filling up the DagBag from /home/airflow/.local/lib/python3.12/site-packages/airflow/example_dags/example_dag_decorator.py
[2024-04-17T00:45:14.524+0000] {processor.py:840} INFO - DAG(s) 'example_dag_decorator' retrieved from /home/airflow/.local/lib/python3.12/site-packages/airflow/example_dags/example_dag_decorator.py
[2024-04-17T00:45:14.905+0000] {logging_mixin.py:188} INFO - [2024-04-17T00:45:14.905+0000] {dag.py:3096} INFO - Sync 1 DAGs
[2024-04-17T00:45:14.940+0000] {logging_mixin.py:188} INFO - [2024-04-17T00:45:14.939+0000] {dag.py:3954} INFO - Setting next_dagrun for example_dag_decorator to None, run_after=None
[2024-04-17T00:45:15.256+0000] {processor.py:183} INFO - Processing /home/airflow/.local/lib/python3.12/site-packages/airflow/example_dags/example_dag_decorator.py took 1.481 seconds
[2024-04-17T00:45:46.073+0000] {processor.py:161} INFO - Started process (PID=538) to work on /home/airflow/.local/lib/python3.12/site-packages/airflow/example_dags/example_dag_decorator.py
[2024-04-17T00:45:46.074+0000] {processor.py:830} INFO - Processing file /home/airflow/.local/lib/python3.12/site-packages/airflow/example_dags/example_dag_decorator.py for tasks to queue
[2024-04-17T00:45:46.076+0000] {logging_mixin.py:188} INFO - [2024-04-17T00:45:46.075+0000] {dagbag.py:540} INFO - Filling up the DagBag from /home/airflow/.local/lib/python3.12/site-packages/airflow/example_dags/example_dag_decorator.py
[2024-04-17T00:45:46.236+0000] {processor.py:840} INFO - DAG(s) 'example_dag_decorator' retrieved from /home/airflow/.local/lib/python3.12/site-packages/airflow/example_dags/example_dag_decorator.py
[2024-04-17T00:45:46.375+0000] {logging_mixin.py:188} INFO - [2024-04-17T00:45:46.375+0000] {dag.py:3096} INFO - Sync 1 DAGs
[2024-04-17T00:45:46.388+0000] {logging_mixin.py:188} INFO - [2024-04-17T00:45:46.388+0000] {dag.py:3954} INFO - Setting next_dagrun for example_dag_decorator to None, run_after=None
[2024-04-17T00:45:46.564+0000] {processor.py:183} INFO - Processing /home/airflow/.local/lib/python3.12/site-packages/airflow/example_dags/example_dag_decorator.py took 0.506 seconds
[2024-04-17T00:46:17.365+0000] {processor.py:161} INFO - Started process (PID=803) to work on /home/airflow/.local/lib/python3.12/site-packages/airflow/example_dags/example_dag_decorator.py
[2024-04-17T00:46:17.384+0000] {processor.py:830} INFO - Processing file /home/airflow/.local/lib/python3.12/site-packages/airflow/example_dags/example_dag_decorator.py for tasks to queue
[2024-04-17T00:46:17.396+0000] {logging_mixin.py:188} INFO - [2024-04-17T00:46:17.395+0000] {dagbag.py:540} INFO - Filling up the DagBag from /home/airflow/.local/lib/python3.12/site-packages/airflow/example_dags/example_dag_decorator.py
[2024-04-17T00:46:17.768+0000] {processor.py:840} INFO - DAG(s) 'example_dag_decorator' retrieved from /home/airflow/.local/lib/python3.12/site-packages/airflow/example_dags/example_dag_decorator.py
[2024-04-17T00:46:18.145+0000] {logging_mixin.py:188} INFO - [2024-04-17T00:46:18.144+0000] {dag.py:3096} INFO - Sync 1 DAGs
[2024-04-17T00:46:18.180+0000] {logging_mixin.py:188} INFO - [2024-04-17T00:46:18.180+0000] {dag.py:3954} INFO - Setting next_dagrun for example_dag_decorator to None, run_after=None
[2024-04-17T00:46:18.478+0000] {processor.py:183} INFO - Processing /home/airflow/.local/lib/python3.12/site-packages/airflow/example_dags/example_dag_decorator.py took 1.132 seconds
[2024-04-17T00:46:48.695+0000] {processor.py:161} INFO - Started process (PID=1085) to work on /home/airflow/.local/lib/python3.12/site-packages/airflow/example_dags/example_dag_decorator.py
[2024-04-17T00:46:48.696+0000] {processor.py:830} INFO - Processing file /home/airflow/.local/lib/python3.12/site-packages/airflow/example_dags/example_dag_decorator.py for tasks to queue
[2024-04-17T00:46:48.698+0000] {logging_mixin.py:188} INFO - [2024-04-17T00:46:48.697+0000] {dagbag.py:540} INFO - Filling up the DagBag from /home/airflow/.local/lib/python3.12/site-packages/airflow/example_dags/example_dag_decorator.py
[2024-04-17T00:46:48.821+0000] {processor.py:840} INFO - DAG(s) 'example_dag_decorator' retrieved from /home/airflow/.local/lib/python3.12/site-packages/airflow/example_dags/example_dag_decorator.py
[2024-04-17T00:46:48.969+0000] {logging_mixin.py:188} INFO - [2024-04-17T00:46:48.968+0000] {dag.py:3096} INFO - Sync 1 DAGs
[2024-04-17T00:46:48.984+0000] {logging_mixin.py:188} INFO - [2024-04-17T00:46:48.984+0000] {dag.py:3954} INFO - Setting next_dagrun for example_dag_decorator to None, run_after=None
[2024-04-17T00:46:49.149+0000] {processor.py:183} INFO - Processing /home/airflow/.local/lib/python3.12/site-packages/airflow/example_dags/example_dag_decorator.py took 0.462 seconds
[2024-04-17T00:47:19.849+0000] {processor.py:161} INFO - Started process (PID=1352) to work on /home/airflow/.local/lib/python3.12/site-packages/airflow/example_dags/example_dag_decorator.py
[2024-04-17T00:47:19.849+0000] {processor.py:830} INFO - Processing file /home/airflow/.local/lib/python3.12/site-packages/airflow/example_dags/example_dag_decorator.py for tasks to queue
[2024-04-17T00:47:19.851+0000] {logging_mixin.py:188} INFO - [2024-04-17T00:47:19.851+0000] {dagbag.py:540} INFO - Filling up the DagBag from /home/airflow/.local/lib/python3.12/site-packages/airflow/example_dags/example_dag_decorator.py
[2024-04-17T00:47:19.954+0000] {processor.py:840} INFO - DAG(s) 'example_dag_decorator' retrieved from /home/airflow/.local/lib/python3.12/site-packages/airflow/example_dags/example_dag_decorator.py
[2024-04-17T00:47:20.057+0000] {logging_mixin.py:188} INFO - [2024-04-17T00:47:20.057+0000] {dag.py:3096} INFO - Sync 1 DAGs
[2024-04-17T00:47:20.068+0000] {logging_mixin.py:188} INFO - [2024-04-17T00:47:20.068+0000] {dag.py:3954} INFO - Setting next_dagrun for example_dag_decorator to None, run_after=None
[2024-04-17T00:47:20.240+0000] {processor.py:183} INFO - Processing /home/airflow/.local/lib/python3.12/site-packages/airflow/example_dags/example_dag_decorator.py took 0.397 seconds
[2024-04-17T00:47:50.407+0000] {processor.py:161} INFO - Started process (PID=1619) to work on /home/airflow/.local/lib/python3.12/site-packages/airflow/example_dags/example_dag_decorator.py
[2024-04-17T00:47:50.408+0000] {processor.py:830} INFO - Processing file /home/airflow/.local/lib/python3.12/site-packages/airflow/example_dags/example_dag_decorator.py for tasks to queue
[2024-04-17T00:47:50.410+0000] {logging_mixin.py:188} INFO - [2024-04-17T00:47:50.410+0000] {dagbag.py:540} INFO - Filling up the DagBag from /home/airflow/.local/lib/python3.12/site-packages/airflow/example_dags/example_dag_decorator.py
[2024-04-17T00:47:50.511+0000] {processor.py:840} INFO - DAG(s) 'example_dag_decorator' retrieved from /home/airflow/.local/lib/python3.12/site-packages/airflow/example_dags/example_dag_decorator.py
[2024-04-17T00:47:50.615+0000] {logging_mixin.py:188} INFO - [2024-04-17T00:47:50.615+0000] {dag.py:3096} INFO - Sync 1 DAGs
[2024-04-17T00:47:50.626+0000] {logging_mixin.py:188} INFO - [2024-04-17T00:47:50.626+0000] {dag.py:3954} INFO - Setting next_dagrun for example_dag_decorator to None, run_after=None
[2024-04-17T00:47:50.775+0000] {processor.py:183} INFO - Processing /home/airflow/.local/lib/python3.12/site-packages/airflow/example_dags/example_dag_decorator.py took 0.375 seconds
[2024-04-17T00:48:20.864+0000] {processor.py:161} INFO - Started process (PID=1885) to work on /home/airflow/.local/lib/python3.12/site-packages/airflow/example_dags/example_dag_decorator.py
[2024-04-17T00:48:20.867+0000] {processor.py:830} INFO - Processing file /home/airflow/.local/lib/python3.12/site-packages/airflow/example_dags/example_dag_decorator.py for tasks to queue
[2024-04-17T00:48:20.873+0000] {logging_mixin.py:188} INFO - [2024-04-17T00:48:20.872+0000] {dagbag.py:540} INFO - Filling up the DagBag from /home/airflow/.local/lib/python3.12/site-packages/airflow/example_dags/example_dag_decorator.py
[2024-04-17T00:48:21.056+0000] {processor.py:840} INFO - DAG(s) 'example_dag_decorator' retrieved from /home/airflow/.local/lib/python3.12/site-packages/airflow/example_dags/example_dag_decorator.py
[2024-04-17T00:48:21.296+0000] {logging_mixin.py:188} INFO - [2024-04-17T00:48:21.296+0000] {dag.py:3096} INFO - Sync 1 DAGs
[2024-04-17T00:48:21.314+0000] {logging_mixin.py:188} INFO - [2024-04-17T00:48:21.313+0000] {dag.py:3954} INFO - Setting next_dagrun for example_dag_decorator to None, run_after=None
[2024-04-17T00:48:21.352+0000] {processor.py:183} INFO - Processing /home/airflow/.local/lib/python3.12/site-packages/airflow/example_dags/example_dag_decorator.py took 0.507 seconds
