[2024-04-17T00:41:00.335+0000] {processor.py:161} INFO - Started process (PID=310) to work on /home/airflow/.local/lib/python3.12/site-packages/airflow/example_dags/example_latest_only.py
[2024-04-17T00:41:00.336+0000] {processor.py:830} INFO - Processing file /home/airflow/.local/lib/python3.12/site-packages/airflow/example_dags/example_latest_only.py for tasks to queue
[2024-04-17T00:41:00.338+0000] {logging_mixin.py:188} INFO - [2024-04-17T00:41:00.337+0000] {dagbag.py:540} INFO - Filling up the DagBag from /home/airflow/.local/lib/python3.12/site-packages/airflow/example_dags/example_latest_only.py
[2024-04-17T00:41:00.345+0000] {processor.py:840} INFO - DAG(s) 'latest_only' retrieved from /home/airflow/.local/lib/python3.12/site-packages/airflow/example_dags/example_latest_only.py
[2024-04-17T00:41:00.451+0000] {logging_mixin.py:188} INFO - [2024-04-17T00:41:00.451+0000] {dag.py:3096} INFO - Sync 1 DAGs
[2024-04-17T00:41:00.473+0000] {logging_mixin.py:188} INFO - [2024-04-17T00:41:00.473+0000] {dag.py:3954} INFO - Setting next_dagrun for latest_only to 2024-04-16 20:00:00+00:00, run_after=2024-04-17 00:00:00+00:00
[2024-04-17T00:41:00.495+0000] {processor.py:183} INFO - Processing /home/airflow/.local/lib/python3.12/site-packages/airflow/example_dags/example_latest_only.py took 0.165 seconds
[2024-04-17T00:41:31.138+0000] {processor.py:161} INFO - Started process (PID=571) to work on /home/airflow/.local/lib/python3.12/site-packages/airflow/example_dags/example_latest_only.py
[2024-04-17T00:41:31.139+0000] {processor.py:830} INFO - Processing file /home/airflow/.local/lib/python3.12/site-packages/airflow/example_dags/example_latest_only.py for tasks to queue
[2024-04-17T00:41:31.141+0000] {logging_mixin.py:188} INFO - [2024-04-17T00:41:31.141+0000] {dagbag.py:540} INFO - Filling up the DagBag from /home/airflow/.local/lib/python3.12/site-packages/airflow/example_dags/example_latest_only.py
[2024-04-17T00:41:31.146+0000] {processor.py:840} INFO - DAG(s) 'latest_only' retrieved from /home/airflow/.local/lib/python3.12/site-packages/airflow/example_dags/example_latest_only.py
[2024-04-17T00:41:31.163+0000] {logging_mixin.py:188} INFO - [2024-04-17T00:41:31.162+0000] {dag.py:3096} INFO - Sync 1 DAGs
[2024-04-17T00:41:31.184+0000] {logging_mixin.py:188} INFO - [2024-04-17T00:41:31.184+0000] {dag.py:3954} INFO - Setting next_dagrun for latest_only to 2024-04-16 20:00:00+00:00, run_after=2024-04-17 00:00:00+00:00
[2024-04-17T00:41:31.204+0000] {processor.py:183} INFO - Processing /home/airflow/.local/lib/python3.12/site-packages/airflow/example_dags/example_latest_only.py took 0.071 seconds
[2024-04-17T00:42:01.359+0000] {processor.py:161} INFO - Started process (PID=831) to work on /home/airflow/.local/lib/python3.12/site-packages/airflow/example_dags/example_latest_only.py
[2024-04-17T00:42:01.360+0000] {processor.py:830} INFO - Processing file /home/airflow/.local/lib/python3.12/site-packages/airflow/example_dags/example_latest_only.py for tasks to queue
[2024-04-17T00:42:01.364+0000] {logging_mixin.py:188} INFO - [2024-04-17T00:42:01.363+0000] {dagbag.py:540} INFO - Filling up the DagBag from /home/airflow/.local/lib/python3.12/site-packages/airflow/example_dags/example_latest_only.py
[2024-04-17T00:42:01.369+0000] {processor.py:840} INFO - DAG(s) 'latest_only' retrieved from /home/airflow/.local/lib/python3.12/site-packages/airflow/example_dags/example_latest_only.py
[2024-04-17T00:42:01.394+0000] {logging_mixin.py:188} INFO - [2024-04-17T00:42:01.393+0000] {dag.py:3096} INFO - Sync 1 DAGs
[2024-04-17T00:42:01.437+0000] {logging_mixin.py:188} INFO - [2024-04-17T00:42:01.437+0000] {dag.py:3954} INFO - Setting next_dagrun for latest_only to 2024-04-16 20:00:00+00:00, run_after=2024-04-17 00:00:00+00:00
[2024-04-17T00:42:01.477+0000] {processor.py:183} INFO - Processing /home/airflow/.local/lib/python3.12/site-packages/airflow/example_dags/example_latest_only.py took 0.125 seconds
[2024-04-17T00:42:31.697+0000] {processor.py:161} INFO - Started process (PID=1093) to work on /home/airflow/.local/lib/python3.12/site-packages/airflow/example_dags/example_latest_only.py
[2024-04-17T00:42:31.698+0000] {processor.py:830} INFO - Processing file /home/airflow/.local/lib/python3.12/site-packages/airflow/example_dags/example_latest_only.py for tasks to queue
[2024-04-17T00:42:31.700+0000] {logging_mixin.py:188} INFO - [2024-04-17T00:42:31.699+0000] {dagbag.py:540} INFO - Filling up the DagBag from /home/airflow/.local/lib/python3.12/site-packages/airflow/example_dags/example_latest_only.py
[2024-04-17T00:42:31.704+0000] {processor.py:840} INFO - DAG(s) 'latest_only' retrieved from /home/airflow/.local/lib/python3.12/site-packages/airflow/example_dags/example_latest_only.py
[2024-04-17T00:42:31.722+0000] {logging_mixin.py:188} INFO - [2024-04-17T00:42:31.721+0000] {dag.py:3096} INFO - Sync 1 DAGs
[2024-04-17T00:42:31.748+0000] {logging_mixin.py:188} INFO - [2024-04-17T00:42:31.748+0000] {dag.py:3954} INFO - Setting next_dagrun for latest_only to 2024-04-16 20:00:00+00:00, run_after=2024-04-17 00:00:00+00:00
[2024-04-17T00:42:31.767+0000] {processor.py:183} INFO - Processing /home/airflow/.local/lib/python3.12/site-packages/airflow/example_dags/example_latest_only.py took 0.074 seconds
[2024-04-17T00:45:19.430+0000] {processor.py:161} INFO - Started process (PID=319) to work on /home/airflow/.local/lib/python3.12/site-packages/airflow/example_dags/example_latest_only.py
[2024-04-17T00:45:19.432+0000] {processor.py:830} INFO - Processing file /home/airflow/.local/lib/python3.12/site-packages/airflow/example_dags/example_latest_only.py for tasks to queue
[2024-04-17T00:45:19.437+0000] {logging_mixin.py:188} INFO - [2024-04-17T00:45:19.436+0000] {dagbag.py:540} INFO - Filling up the DagBag from /home/airflow/.local/lib/python3.12/site-packages/airflow/example_dags/example_latest_only.py
[2024-04-17T00:45:19.463+0000] {processor.py:840} INFO - DAG(s) 'latest_only' retrieved from /home/airflow/.local/lib/python3.12/site-packages/airflow/example_dags/example_latest_only.py
[2024-04-17T00:45:19.715+0000] {logging_mixin.py:188} INFO - [2024-04-17T00:45:19.715+0000] {dag.py:3096} INFO - Sync 1 DAGs
[2024-04-17T00:45:19.746+0000] {logging_mixin.py:188} INFO - [2024-04-17T00:45:19.746+0000] {dag.py:3954} INFO - Setting next_dagrun for latest_only to 2024-04-16 20:00:00+00:00, run_after=2024-04-17 00:00:00+00:00
[2024-04-17T00:45:20.148+0000] {processor.py:183} INFO - Processing /home/airflow/.local/lib/python3.12/site-packages/airflow/example_dags/example_latest_only.py took 0.725 seconds
[2024-04-17T00:45:50.243+0000] {processor.py:161} INFO - Started process (PID=588) to work on /home/airflow/.local/lib/python3.12/site-packages/airflow/example_dags/example_latest_only.py
[2024-04-17T00:45:50.263+0000] {processor.py:830} INFO - Processing file /home/airflow/.local/lib/python3.12/site-packages/airflow/example_dags/example_latest_only.py for tasks to queue
[2024-04-17T00:45:50.265+0000] {logging_mixin.py:188} INFO - [2024-04-17T00:45:50.265+0000] {dagbag.py:540} INFO - Filling up the DagBag from /home/airflow/.local/lib/python3.12/site-packages/airflow/example_dags/example_latest_only.py
[2024-04-17T00:45:50.278+0000] {processor.py:840} INFO - DAG(s) 'latest_only' retrieved from /home/airflow/.local/lib/python3.12/site-packages/airflow/example_dags/example_latest_only.py
[2024-04-17T00:45:50.303+0000] {logging_mixin.py:188} INFO - [2024-04-17T00:45:50.303+0000] {dag.py:3096} INFO - Sync 1 DAGs
[2024-04-17T00:45:50.331+0000] {logging_mixin.py:188} INFO - [2024-04-17T00:45:50.331+0000] {dag.py:3954} INFO - Setting next_dagrun for latest_only to 2024-04-16 20:00:00+00:00, run_after=2024-04-17 00:00:00+00:00
[2024-04-17T00:45:50.465+0000] {processor.py:183} INFO - Processing /home/airflow/.local/lib/python3.12/site-packages/airflow/example_dags/example_latest_only.py took 0.240 seconds
[2024-04-17T00:46:20.943+0000] {processor.py:161} INFO - Started process (PID=855) to work on /home/airflow/.local/lib/python3.12/site-packages/airflow/example_dags/example_latest_only.py
[2024-04-17T00:46:20.944+0000] {processor.py:830} INFO - Processing file /home/airflow/.local/lib/python3.12/site-packages/airflow/example_dags/example_latest_only.py for tasks to queue
[2024-04-17T00:46:20.947+0000] {logging_mixin.py:188} INFO - [2024-04-17T00:46:20.947+0000] {dagbag.py:540} INFO - Filling up the DagBag from /home/airflow/.local/lib/python3.12/site-packages/airflow/example_dags/example_latest_only.py
[2024-04-17T00:46:20.956+0000] {processor.py:840} INFO - DAG(s) 'latest_only' retrieved from /home/airflow/.local/lib/python3.12/site-packages/airflow/example_dags/example_latest_only.py
[2024-04-17T00:46:20.994+0000] {logging_mixin.py:188} INFO - [2024-04-17T00:46:20.993+0000] {dag.py:3096} INFO - Sync 1 DAGs
[2024-04-17T00:46:21.036+0000] {logging_mixin.py:188} INFO - [2024-04-17T00:46:21.036+0000] {dag.py:3954} INFO - Setting next_dagrun for latest_only to 2024-04-16 20:00:00+00:00, run_after=2024-04-17 00:00:00+00:00
[2024-04-17T00:46:21.252+0000] {processor.py:183} INFO - Processing /home/airflow/.local/lib/python3.12/site-packages/airflow/example_dags/example_latest_only.py took 0.315 seconds
[2024-04-17T00:46:51.511+0000] {processor.py:161} INFO - Started process (PID=1123) to work on /home/airflow/.local/lib/python3.12/site-packages/airflow/example_dags/example_latest_only.py
[2024-04-17T00:46:51.512+0000] {processor.py:830} INFO - Processing file /home/airflow/.local/lib/python3.12/site-packages/airflow/example_dags/example_latest_only.py for tasks to queue
[2024-04-17T00:46:51.514+0000] {logging_mixin.py:188} INFO - [2024-04-17T00:46:51.514+0000] {dagbag.py:540} INFO - Filling up the DagBag from /home/airflow/.local/lib/python3.12/site-packages/airflow/example_dags/example_latest_only.py
[2024-04-17T00:46:51.521+0000] {processor.py:840} INFO - DAG(s) 'latest_only' retrieved from /home/airflow/.local/lib/python3.12/site-packages/airflow/example_dags/example_latest_only.py
[2024-04-17T00:46:51.544+0000] {logging_mixin.py:188} INFO - [2024-04-17T00:46:51.544+0000] {dag.py:3096} INFO - Sync 1 DAGs
[2024-04-17T00:46:51.578+0000] {logging_mixin.py:188} INFO - [2024-04-17T00:46:51.577+0000] {dag.py:3954} INFO - Setting next_dagrun for latest_only to 2024-04-16 20:00:00+00:00, run_after=2024-04-17 00:00:00+00:00
[2024-04-17T00:46:51.730+0000] {processor.py:183} INFO - Processing /home/airflow/.local/lib/python3.12/site-packages/airflow/example_dags/example_latest_only.py took 0.230 seconds
[2024-04-17T00:47:22.106+0000] {processor.py:161} INFO - Started process (PID=1390) to work on /home/airflow/.local/lib/python3.12/site-packages/airflow/example_dags/example_latest_only.py
[2024-04-17T00:47:22.107+0000] {processor.py:830} INFO - Processing file /home/airflow/.local/lib/python3.12/site-packages/airflow/example_dags/example_latest_only.py for tasks to queue
[2024-04-17T00:47:22.109+0000] {logging_mixin.py:188} INFO - [2024-04-17T00:47:22.109+0000] {dagbag.py:540} INFO - Filling up the DagBag from /home/airflow/.local/lib/python3.12/site-packages/airflow/example_dags/example_latest_only.py
[2024-04-17T00:47:22.113+0000] {processor.py:840} INFO - DAG(s) 'latest_only' retrieved from /home/airflow/.local/lib/python3.12/site-packages/airflow/example_dags/example_latest_only.py
[2024-04-17T00:47:22.132+0000] {logging_mixin.py:188} INFO - [2024-04-17T00:47:22.131+0000] {dag.py:3096} INFO - Sync 1 DAGs
[2024-04-17T00:47:22.154+0000] {logging_mixin.py:188} INFO - [2024-04-17T00:47:22.154+0000] {dag.py:3954} INFO - Setting next_dagrun for latest_only to 2024-04-16 20:00:00+00:00, run_after=2024-04-17 00:00:00+00:00
[2024-04-17T00:47:22.539+0000] {processor.py:183} INFO - Processing /home/airflow/.local/lib/python3.12/site-packages/airflow/example_dags/example_latest_only.py took 0.440 seconds
[2024-04-17T00:47:52.928+0000] {processor.py:161} INFO - Started process (PID=1659) to work on /home/airflow/.local/lib/python3.12/site-packages/airflow/example_dags/example_latest_only.py
[2024-04-17T00:47:52.929+0000] {processor.py:830} INFO - Processing file /home/airflow/.local/lib/python3.12/site-packages/airflow/example_dags/example_latest_only.py for tasks to queue
[2024-04-17T00:47:52.932+0000] {logging_mixin.py:188} INFO - [2024-04-17T00:47:52.931+0000] {dagbag.py:540} INFO - Filling up the DagBag from /home/airflow/.local/lib/python3.12/site-packages/airflow/example_dags/example_latest_only.py
[2024-04-17T00:47:52.936+0000] {processor.py:840} INFO - DAG(s) 'latest_only' retrieved from /home/airflow/.local/lib/python3.12/site-packages/airflow/example_dags/example_latest_only.py
[2024-04-17T00:47:52.957+0000] {logging_mixin.py:188} INFO - [2024-04-17T00:47:52.957+0000] {dag.py:3096} INFO - Sync 1 DAGs
[2024-04-17T00:47:52.982+0000] {logging_mixin.py:188} INFO - [2024-04-17T00:47:52.982+0000] {dag.py:3954} INFO - Setting next_dagrun for latest_only to 2024-04-16 20:00:00+00:00, run_after=2024-04-17 00:00:00+00:00
[2024-04-17T00:47:53.100+0000] {processor.py:183} INFO - Processing /home/airflow/.local/lib/python3.12/site-packages/airflow/example_dags/example_latest_only.py took 0.179 seconds
[2024-04-17T00:48:23.252+0000] {processor.py:161} INFO - Started process (PID=1923) to work on /home/airflow/.local/lib/python3.12/site-packages/airflow/example_dags/example_latest_only.py
[2024-04-17T00:48:23.253+0000] {processor.py:830} INFO - Processing file /home/airflow/.local/lib/python3.12/site-packages/airflow/example_dags/example_latest_only.py for tasks to queue
[2024-04-17T00:48:23.255+0000] {logging_mixin.py:188} INFO - [2024-04-17T00:48:23.255+0000] {dagbag.py:540} INFO - Filling up the DagBag from /home/airflow/.local/lib/python3.12/site-packages/airflow/example_dags/example_latest_only.py
[2024-04-17T00:48:23.261+0000] {processor.py:840} INFO - DAG(s) 'latest_only' retrieved from /home/airflow/.local/lib/python3.12/site-packages/airflow/example_dags/example_latest_only.py
[2024-04-17T00:48:23.284+0000] {logging_mixin.py:188} INFO - [2024-04-17T00:48:23.284+0000] {dag.py:3096} INFO - Sync 1 DAGs
[2024-04-17T00:48:23.316+0000] {logging_mixin.py:188} INFO - [2024-04-17T00:48:23.316+0000] {dag.py:3954} INFO - Setting next_dagrun for latest_only to 2024-04-16 20:00:00+00:00, run_after=2024-04-17 00:00:00+00:00
[2024-04-17T00:48:23.433+0000] {processor.py:183} INFO - Processing /home/airflow/.local/lib/python3.12/site-packages/airflow/example_dags/example_latest_only.py took 0.188 seconds
