[2024-04-17T00:41:00.529+0000] {processor.py:161} INFO - Started process (PID=320) to work on /home/airflow/.local/lib/python3.12/site-packages/airflow/example_dags/example_datasets.py
[2024-04-17T00:41:00.530+0000] {processor.py:830} INFO - Processing file /home/airflow/.local/lib/python3.12/site-packages/airflow/example_dags/example_datasets.py for tasks to queue
[2024-04-17T00:41:00.532+0000] {logging_mixin.py:188} INFO - [2024-04-17T00:41:00.531+0000] {dagbag.py:540} INFO - Filling up the DagBag from /home/airflow/.local/lib/python3.12/site-packages/airflow/example_dags/example_datasets.py
[2024-04-17T00:41:00.552+0000] {processor.py:840} INFO - DAG(s) 'consume_1_or_2_with_dataset_expressions', 'dataset_produces_2', 'dataset_produces_1', 'consume_1_and_2_with_dataset_expressions', 'dataset_consumes_1_never_scheduled', 'dataset_consumes_1_and_2', 'consume_1_or_both_2_and_3_with_dataset_expressions', 'dataset_consumes_unknown_never_scheduled', 'dataset_consumes_1', 'conditional_dataset_and_time_based_timetable' retrieved from /home/airflow/.local/lib/python3.12/site-packages/airflow/example_dags/example_datasets.py
[2024-04-17T00:41:00.802+0000] {logging_mixin.py:188} INFO - [2024-04-17T00:41:00.801+0000] {dag.py:3096} INFO - Sync 10 DAGs
[2024-04-17T00:41:00.827+0000] {logging_mixin.py:188} INFO - [2024-04-17T00:41:00.827+0000] {dag.py:3954} INFO - Setting next_dagrun for conditional_dataset_and_time_based_timetable to 2024-04-10 01:00:00+00:00, run_after=2024-04-10 01:00:00+00:00
[2024-04-17T00:41:00.831+0000] {logging_mixin.py:188} INFO - [2024-04-17T00:41:00.830+0000] {dag.py:3954} INFO - Setting next_dagrun for consume_1_and_2_with_dataset_expressions to None, run_after=None
[2024-04-17T00:41:00.832+0000] {logging_mixin.py:188} INFO - [2024-04-17T00:41:00.832+0000] {dag.py:3954} INFO - Setting next_dagrun for consume_1_or_2_with_dataset_expressions to None, run_after=None
[2024-04-17T00:41:00.833+0000] {logging_mixin.py:188} INFO - [2024-04-17T00:41:00.833+0000] {dag.py:3954} INFO - Setting next_dagrun for consume_1_or_both_2_and_3_with_dataset_expressions to None, run_after=None
[2024-04-17T00:41:00.835+0000] {logging_mixin.py:188} INFO - [2024-04-17T00:41:00.835+0000] {dag.py:3954} INFO - Setting next_dagrun for dataset_consumes_1 to None, run_after=None
[2024-04-17T00:41:00.836+0000] {logging_mixin.py:188} INFO - [2024-04-17T00:41:00.836+0000] {dag.py:3954} INFO - Setting next_dagrun for dataset_consumes_1_and_2 to None, run_after=None
[2024-04-17T00:41:00.838+0000] {logging_mixin.py:188} INFO - [2024-04-17T00:41:00.837+0000] {dag.py:3954} INFO - Setting next_dagrun for dataset_consumes_1_never_scheduled to None, run_after=None
[2024-04-17T00:41:00.839+0000] {logging_mixin.py:188} INFO - [2024-04-17T00:41:00.839+0000] {dag.py:3954} INFO - Setting next_dagrun for dataset_consumes_unknown_never_scheduled to None, run_after=None
[2024-04-17T00:41:00.841+0000] {logging_mixin.py:188} INFO - [2024-04-17T00:41:00.841+0000] {dag.py:3954} INFO - Setting next_dagrun for dataset_produces_1 to 2024-04-16 00:00:00+00:00, run_after=2024-04-17 00:00:00+00:00
[2024-04-17T00:41:00.843+0000] {logging_mixin.py:188} INFO - [2024-04-17T00:41:00.842+0000] {dag.py:3954} INFO - Setting next_dagrun for dataset_produces_2 to None, run_after=None
[2024-04-17T00:41:00.885+0000] {processor.py:183} INFO - Processing /home/airflow/.local/lib/python3.12/site-packages/airflow/example_dags/example_datasets.py took 0.361 seconds
[2024-04-17T00:41:31.232+0000] {processor.py:161} INFO - Started process (PID=581) to work on /home/airflow/.local/lib/python3.12/site-packages/airflow/example_dags/example_datasets.py
[2024-04-17T00:41:31.233+0000] {processor.py:830} INFO - Processing file /home/airflow/.local/lib/python3.12/site-packages/airflow/example_dags/example_datasets.py for tasks to queue
[2024-04-17T00:41:31.235+0000] {logging_mixin.py:188} INFO - [2024-04-17T00:41:31.234+0000] {dagbag.py:540} INFO - Filling up the DagBag from /home/airflow/.local/lib/python3.12/site-packages/airflow/example_dags/example_datasets.py
[2024-04-17T00:41:31.250+0000] {processor.py:840} INFO - DAG(s) 'conditional_dataset_and_time_based_timetable', 'dataset_consumes_1_and_2', 'consume_1_or_both_2_and_3_with_dataset_expressions', 'consume_1_and_2_with_dataset_expressions', 'dataset_produces_1', 'dataset_consumes_unknown_never_scheduled', 'dataset_produces_2', 'dataset_consumes_1_never_scheduled', 'dataset_consumes_1', 'consume_1_or_2_with_dataset_expressions' retrieved from /home/airflow/.local/lib/python3.12/site-packages/airflow/example_dags/example_datasets.py
[2024-04-17T00:41:31.298+0000] {logging_mixin.py:188} INFO - [2024-04-17T00:41:31.297+0000] {dag.py:3096} INFO - Sync 10 DAGs
[2024-04-17T00:41:31.321+0000] {logging_mixin.py:188} INFO - [2024-04-17T00:41:31.321+0000] {dag.py:3954} INFO - Setting next_dagrun for conditional_dataset_and_time_based_timetable to 2024-04-10 01:00:00+00:00, run_after=2024-04-10 01:00:00+00:00
[2024-04-17T00:41:31.325+0000] {logging_mixin.py:188} INFO - [2024-04-17T00:41:31.325+0000] {dag.py:3954} INFO - Setting next_dagrun for consume_1_and_2_with_dataset_expressions to None, run_after=None
[2024-04-17T00:41:31.326+0000] {logging_mixin.py:188} INFO - [2024-04-17T00:41:31.326+0000] {dag.py:3954} INFO - Setting next_dagrun for consume_1_or_2_with_dataset_expressions to None, run_after=None
[2024-04-17T00:41:31.328+0000] {logging_mixin.py:188} INFO - [2024-04-17T00:41:31.328+0000] {dag.py:3954} INFO - Setting next_dagrun for consume_1_or_both_2_and_3_with_dataset_expressions to None, run_after=None
[2024-04-17T00:41:31.329+0000] {logging_mixin.py:188} INFO - [2024-04-17T00:41:31.329+0000] {dag.py:3954} INFO - Setting next_dagrun for dataset_consumes_1 to None, run_after=None
[2024-04-17T00:41:31.331+0000] {logging_mixin.py:188} INFO - [2024-04-17T00:41:31.331+0000] {dag.py:3954} INFO - Setting next_dagrun for dataset_consumes_1_and_2 to None, run_after=None
[2024-04-17T00:41:31.332+0000] {logging_mixin.py:188} INFO - [2024-04-17T00:41:31.332+0000] {dag.py:3954} INFO - Setting next_dagrun for dataset_consumes_1_never_scheduled to None, run_after=None
[2024-04-17T00:41:31.333+0000] {logging_mixin.py:188} INFO - [2024-04-17T00:41:31.333+0000] {dag.py:3954} INFO - Setting next_dagrun for dataset_consumes_unknown_never_scheduled to None, run_after=None
[2024-04-17T00:41:31.336+0000] {logging_mixin.py:188} INFO - [2024-04-17T00:41:31.335+0000] {dag.py:3954} INFO - Setting next_dagrun for dataset_produces_1 to 2024-04-16 00:00:00+00:00, run_after=2024-04-17 00:00:00+00:00
[2024-04-17T00:41:31.337+0000] {logging_mixin.py:188} INFO - [2024-04-17T00:41:31.337+0000] {dag.py:3954} INFO - Setting next_dagrun for dataset_produces_2 to None, run_after=None
[2024-04-17T00:41:31.371+0000] {processor.py:183} INFO - Processing /home/airflow/.local/lib/python3.12/site-packages/airflow/example_dags/example_datasets.py took 0.143 seconds
[2024-04-17T00:42:01.523+0000] {processor.py:161} INFO - Started process (PID=841) to work on /home/airflow/.local/lib/python3.12/site-packages/airflow/example_dags/example_datasets.py
[2024-04-17T00:42:01.525+0000] {processor.py:830} INFO - Processing file /home/airflow/.local/lib/python3.12/site-packages/airflow/example_dags/example_datasets.py for tasks to queue
[2024-04-17T00:42:01.527+0000] {logging_mixin.py:188} INFO - [2024-04-17T00:42:01.527+0000] {dagbag.py:540} INFO - Filling up the DagBag from /home/airflow/.local/lib/python3.12/site-packages/airflow/example_dags/example_datasets.py
[2024-04-17T00:42:01.550+0000] {processor.py:840} INFO - DAG(s) 'dataset_consumes_1_and_2', 'conditional_dataset_and_time_based_timetable', 'dataset_consumes_unknown_never_scheduled', 'dataset_produces_2', 'consume_1_and_2_with_dataset_expressions', 'dataset_consumes_1_never_scheduled', 'dataset_produces_1', 'dataset_consumes_1', 'consume_1_or_2_with_dataset_expressions', 'consume_1_or_both_2_and_3_with_dataset_expressions' retrieved from /home/airflow/.local/lib/python3.12/site-packages/airflow/example_dags/example_datasets.py
[2024-04-17T00:42:01.625+0000] {logging_mixin.py:188} INFO - [2024-04-17T00:42:01.625+0000] {dag.py:3096} INFO - Sync 10 DAGs
[2024-04-17T00:42:01.659+0000] {logging_mixin.py:188} INFO - [2024-04-17T00:42:01.659+0000] {dag.py:3954} INFO - Setting next_dagrun for conditional_dataset_and_time_based_timetable to 2024-04-10 01:00:00+00:00, run_after=2024-04-10 01:00:00+00:00
[2024-04-17T00:42:01.668+0000] {logging_mixin.py:188} INFO - [2024-04-17T00:42:01.668+0000] {dag.py:3954} INFO - Setting next_dagrun for consume_1_and_2_with_dataset_expressions to None, run_after=None
[2024-04-17T00:42:01.671+0000] {logging_mixin.py:188} INFO - [2024-04-17T00:42:01.670+0000] {dag.py:3954} INFO - Setting next_dagrun for consume_1_or_2_with_dataset_expressions to None, run_after=None
[2024-04-17T00:42:01.673+0000] {logging_mixin.py:188} INFO - [2024-04-17T00:42:01.673+0000] {dag.py:3954} INFO - Setting next_dagrun for consume_1_or_both_2_and_3_with_dataset_expressions to None, run_after=None
[2024-04-17T00:42:01.676+0000] {logging_mixin.py:188} INFO - [2024-04-17T00:42:01.675+0000] {dag.py:3954} INFO - Setting next_dagrun for dataset_consumes_1 to None, run_after=None
[2024-04-17T00:42:01.680+0000] {logging_mixin.py:188} INFO - [2024-04-17T00:42:01.680+0000] {dag.py:3954} INFO - Setting next_dagrun for dataset_consumes_1_and_2 to None, run_after=None
[2024-04-17T00:42:01.683+0000] {logging_mixin.py:188} INFO - [2024-04-17T00:42:01.682+0000] {dag.py:3954} INFO - Setting next_dagrun for dataset_consumes_1_never_scheduled to None, run_after=None
[2024-04-17T00:42:01.685+0000] {logging_mixin.py:188} INFO - [2024-04-17T00:42:01.685+0000] {dag.py:3954} INFO - Setting next_dagrun for dataset_consumes_unknown_never_scheduled to None, run_after=None
[2024-04-17T00:42:01.689+0000] {logging_mixin.py:188} INFO - [2024-04-17T00:42:01.688+0000] {dag.py:3954} INFO - Setting next_dagrun for dataset_produces_1 to 2024-04-16 00:00:00+00:00, run_after=2024-04-17 00:00:00+00:00
[2024-04-17T00:42:01.690+0000] {logging_mixin.py:188} INFO - [2024-04-17T00:42:01.690+0000] {dag.py:3954} INFO - Setting next_dagrun for dataset_produces_2 to None, run_after=None
[2024-04-17T00:42:01.751+0000] {processor.py:183} INFO - Processing /home/airflow/.local/lib/python3.12/site-packages/airflow/example_dags/example_datasets.py took 0.236 seconds
[2024-04-17T00:42:31.834+0000] {processor.py:161} INFO - Started process (PID=1108) to work on /home/airflow/.local/lib/python3.12/site-packages/airflow/example_dags/example_datasets.py
[2024-04-17T00:42:31.834+0000] {processor.py:830} INFO - Processing file /home/airflow/.local/lib/python3.12/site-packages/airflow/example_dags/example_datasets.py for tasks to queue
[2024-04-17T00:42:31.836+0000] {logging_mixin.py:188} INFO - [2024-04-17T00:42:31.836+0000] {dagbag.py:540} INFO - Filling up the DagBag from /home/airflow/.local/lib/python3.12/site-packages/airflow/example_dags/example_datasets.py
[2024-04-17T00:42:31.850+0000] {processor.py:840} INFO - DAG(s) 'dataset_consumes_1', 'dataset_consumes_1_and_2', 'consume_1_or_both_2_and_3_with_dataset_expressions', 'dataset_produces_1', 'dataset_consumes_1_never_scheduled', 'dataset_produces_2', 'dataset_consumes_unknown_never_scheduled', 'consume_1_and_2_with_dataset_expressions', 'consume_1_or_2_with_dataset_expressions', 'conditional_dataset_and_time_based_timetable' retrieved from /home/airflow/.local/lib/python3.12/site-packages/airflow/example_dags/example_datasets.py
[2024-04-17T00:42:31.892+0000] {logging_mixin.py:188} INFO - [2024-04-17T00:42:31.891+0000] {dag.py:3096} INFO - Sync 10 DAGs
[2024-04-17T00:42:31.915+0000] {logging_mixin.py:188} INFO - [2024-04-17T00:42:31.915+0000] {dag.py:3954} INFO - Setting next_dagrun for conditional_dataset_and_time_based_timetable to 2024-04-10 01:00:00+00:00, run_after=2024-04-10 01:00:00+00:00
[2024-04-17T00:42:31.920+0000] {logging_mixin.py:188} INFO - [2024-04-17T00:42:31.920+0000] {dag.py:3954} INFO - Setting next_dagrun for consume_1_and_2_with_dataset_expressions to None, run_after=None
[2024-04-17T00:42:31.922+0000] {logging_mixin.py:188} INFO - [2024-04-17T00:42:31.921+0000] {dag.py:3954} INFO - Setting next_dagrun for consume_1_or_2_with_dataset_expressions to None, run_after=None
[2024-04-17T00:42:31.924+0000] {logging_mixin.py:188} INFO - [2024-04-17T00:42:31.923+0000] {dag.py:3954} INFO - Setting next_dagrun for consume_1_or_both_2_and_3_with_dataset_expressions to None, run_after=None
[2024-04-17T00:42:31.925+0000] {logging_mixin.py:188} INFO - [2024-04-17T00:42:31.925+0000] {dag.py:3954} INFO - Setting next_dagrun for dataset_consumes_1 to None, run_after=None
[2024-04-17T00:42:31.927+0000] {logging_mixin.py:188} INFO - [2024-04-17T00:42:31.927+0000] {dag.py:3954} INFO - Setting next_dagrun for dataset_consumes_1_and_2 to None, run_after=None
[2024-04-17T00:42:31.928+0000] {logging_mixin.py:188} INFO - [2024-04-17T00:42:31.928+0000] {dag.py:3954} INFO - Setting next_dagrun for dataset_consumes_1_never_scheduled to None, run_after=None
[2024-04-17T00:42:31.930+0000] {logging_mixin.py:188} INFO - [2024-04-17T00:42:31.930+0000] {dag.py:3954} INFO - Setting next_dagrun for dataset_consumes_unknown_never_scheduled to None, run_after=None
[2024-04-17T00:42:31.932+0000] {logging_mixin.py:188} INFO - [2024-04-17T00:42:31.932+0000] {dag.py:3954} INFO - Setting next_dagrun for dataset_produces_1 to 2024-04-16 00:00:00+00:00, run_after=2024-04-17 00:00:00+00:00
[2024-04-17T00:42:31.933+0000] {logging_mixin.py:188} INFO - [2024-04-17T00:42:31.933+0000] {dag.py:3954} INFO - Setting next_dagrun for dataset_produces_2 to None, run_after=None
[2024-04-17T00:42:31.979+0000] {processor.py:183} INFO - Processing /home/airflow/.local/lib/python3.12/site-packages/airflow/example_dags/example_datasets.py took 0.150 seconds
[2024-04-17T00:45:20.186+0000] {processor.py:161} INFO - Started process (PID=329) to work on /home/airflow/.local/lib/python3.12/site-packages/airflow/example_dags/example_datasets.py
[2024-04-17T00:45:20.187+0000] {processor.py:830} INFO - Processing file /home/airflow/.local/lib/python3.12/site-packages/airflow/example_dags/example_datasets.py for tasks to queue
[2024-04-17T00:45:20.190+0000] {logging_mixin.py:188} INFO - [2024-04-17T00:45:20.190+0000] {dagbag.py:540} INFO - Filling up the DagBag from /home/airflow/.local/lib/python3.12/site-packages/airflow/example_dags/example_datasets.py
[2024-04-17T00:45:20.222+0000] {processor.py:840} INFO - DAG(s) 'dataset_consumes_1', 'consume_1_or_both_2_and_3_with_dataset_expressions', 'dataset_produces_1', 'consume_1_or_2_with_dataset_expressions', 'dataset_consumes_unknown_never_scheduled', 'consume_1_and_2_with_dataset_expressions', 'conditional_dataset_and_time_based_timetable', 'dataset_consumes_1_and_2', 'dataset_consumes_1_never_scheduled', 'dataset_produces_2' retrieved from /home/airflow/.local/lib/python3.12/site-packages/airflow/example_dags/example_datasets.py
[2024-04-17T00:45:20.468+0000] {logging_mixin.py:188} INFO - [2024-04-17T00:45:20.467+0000] {dag.py:3096} INFO - Sync 10 DAGs
[2024-04-17T00:45:20.496+0000] {logging_mixin.py:188} INFO - [2024-04-17T00:45:20.496+0000] {dag.py:3954} INFO - Setting next_dagrun for conditional_dataset_and_time_based_timetable to 2024-04-10 01:00:00+00:00, run_after=2024-04-10 01:00:00+00:00
[2024-04-17T00:45:20.502+0000] {logging_mixin.py:188} INFO - [2024-04-17T00:45:20.502+0000] {dag.py:3954} INFO - Setting next_dagrun for consume_1_and_2_with_dataset_expressions to None, run_after=None
[2024-04-17T00:45:20.504+0000] {logging_mixin.py:188} INFO - [2024-04-17T00:45:20.504+0000] {dag.py:3954} INFO - Setting next_dagrun for consume_1_or_2_with_dataset_expressions to None, run_after=None
[2024-04-17T00:45:20.507+0000] {logging_mixin.py:188} INFO - [2024-04-17T00:45:20.506+0000] {dag.py:3954} INFO - Setting next_dagrun for consume_1_or_both_2_and_3_with_dataset_expressions to None, run_after=None
[2024-04-17T00:45:20.509+0000] {logging_mixin.py:188} INFO - [2024-04-17T00:45:20.508+0000] {dag.py:3954} INFO - Setting next_dagrun for dataset_consumes_1 to None, run_after=None
[2024-04-17T00:45:20.510+0000] {logging_mixin.py:188} INFO - [2024-04-17T00:45:20.510+0000] {dag.py:3954} INFO - Setting next_dagrun for dataset_consumes_1_and_2 to None, run_after=None
[2024-04-17T00:45:20.512+0000] {logging_mixin.py:188} INFO - [2024-04-17T00:45:20.512+0000] {dag.py:3954} INFO - Setting next_dagrun for dataset_consumes_1_never_scheduled to None, run_after=None
[2024-04-17T00:45:20.514+0000] {logging_mixin.py:188} INFO - [2024-04-17T00:45:20.514+0000] {dag.py:3954} INFO - Setting next_dagrun for dataset_consumes_unknown_never_scheduled to None, run_after=None
[2024-04-17T00:45:20.517+0000] {logging_mixin.py:188} INFO - [2024-04-17T00:45:20.517+0000] {dag.py:3954} INFO - Setting next_dagrun for dataset_produces_1 to 2024-04-16 00:00:00+00:00, run_after=2024-04-17 00:00:00+00:00
[2024-04-17T00:45:20.519+0000] {logging_mixin.py:188} INFO - [2024-04-17T00:45:20.519+0000] {dag.py:3954} INFO - Setting next_dagrun for dataset_produces_2 to None, run_after=None
[2024-04-17T00:45:21.691+0000] {processor.py:183} INFO - Processing /home/airflow/.local/lib/python3.12/site-packages/airflow/example_dags/example_datasets.py took 1.512 seconds
[2024-04-17T00:45:52.281+0000] {processor.py:161} INFO - Started process (PID=598) to work on /home/airflow/.local/lib/python3.12/site-packages/airflow/example_dags/example_datasets.py
[2024-04-17T00:45:52.300+0000] {processor.py:830} INFO - Processing file /home/airflow/.local/lib/python3.12/site-packages/airflow/example_dags/example_datasets.py for tasks to queue
[2024-04-17T00:45:52.303+0000] {logging_mixin.py:188} INFO - [2024-04-17T00:45:52.303+0000] {dagbag.py:540} INFO - Filling up the DagBag from /home/airflow/.local/lib/python3.12/site-packages/airflow/example_dags/example_datasets.py
[2024-04-17T00:45:52.321+0000] {processor.py:840} INFO - DAG(s) 'conditional_dataset_and_time_based_timetable', 'consume_1_or_both_2_and_3_with_dataset_expressions', 'dataset_consumes_1_never_scheduled', 'dataset_consumes_1', 'dataset_produces_2', 'consume_1_or_2_with_dataset_expressions', 'dataset_produces_1', 'dataset_consumes_1_and_2', 'consume_1_and_2_with_dataset_expressions', 'dataset_consumes_unknown_never_scheduled' retrieved from /home/airflow/.local/lib/python3.12/site-packages/airflow/example_dags/example_datasets.py
[2024-04-17T00:45:52.379+0000] {logging_mixin.py:188} INFO - [2024-04-17T00:45:52.379+0000] {dag.py:3096} INFO - Sync 10 DAGs
[2024-04-17T00:45:52.423+0000] {logging_mixin.py:188} INFO - [2024-04-17T00:45:52.423+0000] {dag.py:3954} INFO - Setting next_dagrun for conditional_dataset_and_time_based_timetable to 2024-04-10 01:00:00+00:00, run_after=2024-04-10 01:00:00+00:00
[2024-04-17T00:45:52.428+0000] {logging_mixin.py:188} INFO - [2024-04-17T00:45:52.428+0000] {dag.py:3954} INFO - Setting next_dagrun for consume_1_and_2_with_dataset_expressions to None, run_after=None
[2024-04-17T00:45:52.430+0000] {logging_mixin.py:188} INFO - [2024-04-17T00:45:52.430+0000] {dag.py:3954} INFO - Setting next_dagrun for consume_1_or_2_with_dataset_expressions to None, run_after=None
[2024-04-17T00:45:52.433+0000] {logging_mixin.py:188} INFO - [2024-04-17T00:45:52.432+0000] {dag.py:3954} INFO - Setting next_dagrun for consume_1_or_both_2_and_3_with_dataset_expressions to None, run_after=None
[2024-04-17T00:45:52.434+0000] {logging_mixin.py:188} INFO - [2024-04-17T00:45:52.434+0000] {dag.py:3954} INFO - Setting next_dagrun for dataset_consumes_1 to None, run_after=None
[2024-04-17T00:45:52.435+0000] {logging_mixin.py:188} INFO - [2024-04-17T00:45:52.435+0000] {dag.py:3954} INFO - Setting next_dagrun for dataset_consumes_1_and_2 to None, run_after=None
[2024-04-17T00:45:52.436+0000] {logging_mixin.py:188} INFO - [2024-04-17T00:45:52.436+0000] {dag.py:3954} INFO - Setting next_dagrun for dataset_consumes_1_never_scheduled to None, run_after=None
[2024-04-17T00:45:52.438+0000] {logging_mixin.py:188} INFO - [2024-04-17T00:45:52.438+0000] {dag.py:3954} INFO - Setting next_dagrun for dataset_consumes_unknown_never_scheduled to None, run_after=None
[2024-04-17T00:45:52.440+0000] {logging_mixin.py:188} INFO - [2024-04-17T00:45:52.440+0000] {dag.py:3954} INFO - Setting next_dagrun for dataset_produces_1 to 2024-04-16 00:00:00+00:00, run_after=2024-04-17 00:00:00+00:00
[2024-04-17T00:45:52.442+0000] {logging_mixin.py:188} INFO - [2024-04-17T00:45:52.442+0000] {dag.py:3954} INFO - Setting next_dagrun for dataset_produces_2 to None, run_after=None
[2024-04-17T00:45:52.661+0000] {processor.py:183} INFO - Processing /home/airflow/.local/lib/python3.12/site-packages/airflow/example_dags/example_datasets.py took 0.393 seconds
[2024-04-17T00:46:23.315+0000] {processor.py:161} INFO - Started process (PID=865) to work on /home/airflow/.local/lib/python3.12/site-packages/airflow/example_dags/example_datasets.py
[2024-04-17T00:46:23.317+0000] {processor.py:830} INFO - Processing file /home/airflow/.local/lib/python3.12/site-packages/airflow/example_dags/example_datasets.py for tasks to queue
[2024-04-17T00:46:23.322+0000] {logging_mixin.py:188} INFO - [2024-04-17T00:46:23.322+0000] {dagbag.py:540} INFO - Filling up the DagBag from /home/airflow/.local/lib/python3.12/site-packages/airflow/example_dags/example_datasets.py
[2024-04-17T00:46:23.343+0000] {processor.py:840} INFO - DAG(s) 'consume_1_and_2_with_dataset_expressions', 'dataset_produces_1', 'dataset_consumes_unknown_never_scheduled', 'dataset_consumes_1_and_2', 'dataset_consumes_1_never_scheduled', 'consume_1_or_2_with_dataset_expressions', 'dataset_consumes_1', 'dataset_produces_2', 'consume_1_or_both_2_and_3_with_dataset_expressions', 'conditional_dataset_and_time_based_timetable' retrieved from /home/airflow/.local/lib/python3.12/site-packages/airflow/example_dags/example_datasets.py
[2024-04-17T00:46:23.397+0000] {logging_mixin.py:188} INFO - [2024-04-17T00:46:23.396+0000] {dag.py:3096} INFO - Sync 10 DAGs
[2024-04-17T00:46:23.439+0000] {logging_mixin.py:188} INFO - [2024-04-17T00:46:23.438+0000] {dag.py:3954} INFO - Setting next_dagrun for conditional_dataset_and_time_based_timetable to 2024-04-10 01:00:00+00:00, run_after=2024-04-10 01:00:00+00:00
[2024-04-17T00:46:23.451+0000] {logging_mixin.py:188} INFO - [2024-04-17T00:46:23.450+0000] {dag.py:3954} INFO - Setting next_dagrun for consume_1_and_2_with_dataset_expressions to None, run_after=None
[2024-04-17T00:46:23.453+0000] {logging_mixin.py:188} INFO - [2024-04-17T00:46:23.453+0000] {dag.py:3954} INFO - Setting next_dagrun for consume_1_or_2_with_dataset_expressions to None, run_after=None
[2024-04-17T00:46:23.455+0000] {logging_mixin.py:188} INFO - [2024-04-17T00:46:23.455+0000] {dag.py:3954} INFO - Setting next_dagrun for consume_1_or_both_2_and_3_with_dataset_expressions to None, run_after=None
[2024-04-17T00:46:23.457+0000] {logging_mixin.py:188} INFO - [2024-04-17T00:46:23.456+0000] {dag.py:3954} INFO - Setting next_dagrun for dataset_consumes_1 to None, run_after=None
[2024-04-17T00:46:23.458+0000] {logging_mixin.py:188} INFO - [2024-04-17T00:46:23.458+0000] {dag.py:3954} INFO - Setting next_dagrun for dataset_consumes_1_and_2 to None, run_after=None
[2024-04-17T00:46:23.459+0000] {logging_mixin.py:188} INFO - [2024-04-17T00:46:23.459+0000] {dag.py:3954} INFO - Setting next_dagrun for dataset_consumes_1_never_scheduled to None, run_after=None
[2024-04-17T00:46:23.461+0000] {logging_mixin.py:188} INFO - [2024-04-17T00:46:23.461+0000] {dag.py:3954} INFO - Setting next_dagrun for dataset_consumes_unknown_never_scheduled to None, run_after=None
[2024-04-17T00:46:23.463+0000] {logging_mixin.py:188} INFO - [2024-04-17T00:46:23.463+0000] {dag.py:3954} INFO - Setting next_dagrun for dataset_produces_1 to 2024-04-16 00:00:00+00:00, run_after=2024-04-17 00:00:00+00:00
[2024-04-17T00:46:23.465+0000] {logging_mixin.py:188} INFO - [2024-04-17T00:46:23.465+0000] {dag.py:3954} INFO - Setting next_dagrun for dataset_produces_2 to None, run_after=None
[2024-04-17T00:46:23.777+0000] {processor.py:183} INFO - Processing /home/airflow/.local/lib/python3.12/site-packages/airflow/example_dags/example_datasets.py took 0.471 seconds
[2024-04-17T00:46:54.025+0000] {processor.py:161} INFO - Started process (PID=1140) to work on /home/airflow/.local/lib/python3.12/site-packages/airflow/example_dags/example_datasets.py
[2024-04-17T00:46:54.026+0000] {processor.py:830} INFO - Processing file /home/airflow/.local/lib/python3.12/site-packages/airflow/example_dags/example_datasets.py for tasks to queue
[2024-04-17T00:46:54.028+0000] {logging_mixin.py:188} INFO - [2024-04-17T00:46:54.028+0000] {dagbag.py:540} INFO - Filling up the DagBag from /home/airflow/.local/lib/python3.12/site-packages/airflow/example_dags/example_datasets.py
[2024-04-17T00:46:54.045+0000] {processor.py:840} INFO - DAG(s) 'consume_1_or_2_with_dataset_expressions', 'dataset_consumes_1', 'dataset_consumes_1_and_2', 'consume_1_and_2_with_dataset_expressions', 'dataset_consumes_unknown_never_scheduled', 'conditional_dataset_and_time_based_timetable', 'dataset_consumes_1_never_scheduled', 'consume_1_or_both_2_and_3_with_dataset_expressions', 'dataset_produces_1', 'dataset_produces_2' retrieved from /home/airflow/.local/lib/python3.12/site-packages/airflow/example_dags/example_datasets.py
[2024-04-17T00:46:54.114+0000] {logging_mixin.py:188} INFO - [2024-04-17T00:46:54.114+0000] {dag.py:3096} INFO - Sync 10 DAGs
[2024-04-17T00:46:54.155+0000] {logging_mixin.py:188} INFO - [2024-04-17T00:46:54.154+0000] {dag.py:3954} INFO - Setting next_dagrun for conditional_dataset_and_time_based_timetable to 2024-04-10 01:00:00+00:00, run_after=2024-04-10 01:00:00+00:00
[2024-04-17T00:46:54.160+0000] {logging_mixin.py:188} INFO - [2024-04-17T00:46:54.160+0000] {dag.py:3954} INFO - Setting next_dagrun for consume_1_and_2_with_dataset_expressions to None, run_after=None
[2024-04-17T00:46:54.163+0000] {logging_mixin.py:188} INFO - [2024-04-17T00:46:54.162+0000] {dag.py:3954} INFO - Setting next_dagrun for consume_1_or_2_with_dataset_expressions to None, run_after=None
[2024-04-17T00:46:54.165+0000] {logging_mixin.py:188} INFO - [2024-04-17T00:46:54.164+0000] {dag.py:3954} INFO - Setting next_dagrun for consume_1_or_both_2_and_3_with_dataset_expressions to None, run_after=None
[2024-04-17T00:46:54.166+0000] {logging_mixin.py:188} INFO - [2024-04-17T00:46:54.166+0000] {dag.py:3954} INFO - Setting next_dagrun for dataset_consumes_1 to None, run_after=None
[2024-04-17T00:46:54.169+0000] {logging_mixin.py:188} INFO - [2024-04-17T00:46:54.168+0000] {dag.py:3954} INFO - Setting next_dagrun for dataset_consumes_1_and_2 to None, run_after=None
[2024-04-17T00:46:54.172+0000] {logging_mixin.py:188} INFO - [2024-04-17T00:46:54.172+0000] {dag.py:3954} INFO - Setting next_dagrun for dataset_consumes_1_never_scheduled to None, run_after=None
[2024-04-17T00:46:54.174+0000] {logging_mixin.py:188} INFO - [2024-04-17T00:46:54.174+0000] {dag.py:3954} INFO - Setting next_dagrun for dataset_consumes_unknown_never_scheduled to None, run_after=None
[2024-04-17T00:46:54.179+0000] {logging_mixin.py:188} INFO - [2024-04-17T00:46:54.179+0000] {dag.py:3954} INFO - Setting next_dagrun for dataset_produces_1 to 2024-04-16 00:00:00+00:00, run_after=2024-04-17 00:00:00+00:00
[2024-04-17T00:46:54.182+0000] {logging_mixin.py:188} INFO - [2024-04-17T00:46:54.181+0000] {dag.py:3954} INFO - Setting next_dagrun for dataset_produces_2 to None, run_after=None
[2024-04-17T00:46:54.364+0000] {processor.py:183} INFO - Processing /home/airflow/.local/lib/python3.12/site-packages/airflow/example_dags/example_datasets.py took 0.347 seconds
[2024-04-17T00:47:24.587+0000] {processor.py:161} INFO - Started process (PID=1402) to work on /home/airflow/.local/lib/python3.12/site-packages/airflow/example_dags/example_datasets.py
[2024-04-17T00:47:24.588+0000] {processor.py:830} INFO - Processing file /home/airflow/.local/lib/python3.12/site-packages/airflow/example_dags/example_datasets.py for tasks to queue
[2024-04-17T00:47:24.590+0000] {logging_mixin.py:188} INFO - [2024-04-17T00:47:24.590+0000] {dagbag.py:540} INFO - Filling up the DagBag from /home/airflow/.local/lib/python3.12/site-packages/airflow/example_dags/example_datasets.py
[2024-04-17T00:47:24.611+0000] {processor.py:840} INFO - DAG(s) 'dataset_produces_2', 'dataset_consumes_1', 'conditional_dataset_and_time_based_timetable', 'dataset_consumes_1_and_2', 'consume_1_or_both_2_and_3_with_dataset_expressions', 'consume_1_and_2_with_dataset_expressions', 'dataset_produces_1', 'dataset_consumes_1_never_scheduled', 'dataset_consumes_unknown_never_scheduled', 'consume_1_or_2_with_dataset_expressions' retrieved from /home/airflow/.local/lib/python3.12/site-packages/airflow/example_dags/example_datasets.py
[2024-04-17T00:47:24.670+0000] {logging_mixin.py:188} INFO - [2024-04-17T00:47:24.669+0000] {dag.py:3096} INFO - Sync 10 DAGs
[2024-04-17T00:47:24.697+0000] {logging_mixin.py:188} INFO - [2024-04-17T00:47:24.697+0000] {dag.py:3954} INFO - Setting next_dagrun for conditional_dataset_and_time_based_timetable to 2024-04-10 01:00:00+00:00, run_after=2024-04-10 01:00:00+00:00
[2024-04-17T00:47:24.702+0000] {logging_mixin.py:188} INFO - [2024-04-17T00:47:24.702+0000] {dag.py:3954} INFO - Setting next_dagrun for consume_1_and_2_with_dataset_expressions to None, run_after=None
[2024-04-17T00:47:24.704+0000] {logging_mixin.py:188} INFO - [2024-04-17T00:47:24.704+0000] {dag.py:3954} INFO - Setting next_dagrun for consume_1_or_2_with_dataset_expressions to None, run_after=None
[2024-04-17T00:47:24.706+0000] {logging_mixin.py:188} INFO - [2024-04-17T00:47:24.706+0000] {dag.py:3954} INFO - Setting next_dagrun for consume_1_or_both_2_and_3_with_dataset_expressions to None, run_after=None
[2024-04-17T00:47:24.707+0000] {logging_mixin.py:188} INFO - [2024-04-17T00:47:24.707+0000] {dag.py:3954} INFO - Setting next_dagrun for dataset_consumes_1 to None, run_after=None
[2024-04-17T00:47:24.709+0000] {logging_mixin.py:188} INFO - [2024-04-17T00:47:24.708+0000] {dag.py:3954} INFO - Setting next_dagrun for dataset_consumes_1_and_2 to None, run_after=None
[2024-04-17T00:47:24.710+0000] {logging_mixin.py:188} INFO - [2024-04-17T00:47:24.710+0000] {dag.py:3954} INFO - Setting next_dagrun for dataset_consumes_1_never_scheduled to None, run_after=None
[2024-04-17T00:47:24.711+0000] {logging_mixin.py:188} INFO - [2024-04-17T00:47:24.711+0000] {dag.py:3954} INFO - Setting next_dagrun for dataset_consumes_unknown_never_scheduled to None, run_after=None
[2024-04-17T00:47:24.714+0000] {logging_mixin.py:188} INFO - [2024-04-17T00:47:24.714+0000] {dag.py:3954} INFO - Setting next_dagrun for dataset_produces_1 to 2024-04-16 00:00:00+00:00, run_after=2024-04-17 00:00:00+00:00
[2024-04-17T00:47:24.715+0000] {logging_mixin.py:188} INFO - [2024-04-17T00:47:24.715+0000] {dag.py:3954} INFO - Setting next_dagrun for dataset_produces_2 to None, run_after=None
[2024-04-17T00:47:24.955+0000] {processor.py:183} INFO - Processing /home/airflow/.local/lib/python3.12/site-packages/airflow/example_dags/example_datasets.py took 0.373 seconds
[2024-04-17T00:47:55.143+0000] {processor.py:161} INFO - Started process (PID=1669) to work on /home/airflow/.local/lib/python3.12/site-packages/airflow/example_dags/example_datasets.py
[2024-04-17T00:47:55.144+0000] {processor.py:830} INFO - Processing file /home/airflow/.local/lib/python3.12/site-packages/airflow/example_dags/example_datasets.py for tasks to queue
[2024-04-17T00:47:55.146+0000] {logging_mixin.py:188} INFO - [2024-04-17T00:47:55.145+0000] {dagbag.py:540} INFO - Filling up the DagBag from /home/airflow/.local/lib/python3.12/site-packages/airflow/example_dags/example_datasets.py
[2024-04-17T00:47:55.166+0000] {processor.py:840} INFO - DAG(s) 'dataset_produces_2', 'dataset_consumes_1_never_scheduled', 'consume_1_or_2_with_dataset_expressions', 'dataset_produces_1', 'consume_1_and_2_with_dataset_expressions', 'dataset_consumes_1', 'consume_1_or_both_2_and_3_with_dataset_expressions', 'dataset_consumes_1_and_2', 'dataset_consumes_unknown_never_scheduled', 'conditional_dataset_and_time_based_timetable' retrieved from /home/airflow/.local/lib/python3.12/site-packages/airflow/example_dags/example_datasets.py
[2024-04-17T00:47:55.223+0000] {logging_mixin.py:188} INFO - [2024-04-17T00:47:55.223+0000] {dag.py:3096} INFO - Sync 10 DAGs
[2024-04-17T00:47:55.255+0000] {logging_mixin.py:188} INFO - [2024-04-17T00:47:55.254+0000] {dag.py:3954} INFO - Setting next_dagrun for conditional_dataset_and_time_based_timetable to 2024-04-10 01:00:00+00:00, run_after=2024-04-10 01:00:00+00:00
[2024-04-17T00:47:55.260+0000] {logging_mixin.py:188} INFO - [2024-04-17T00:47:55.260+0000] {dag.py:3954} INFO - Setting next_dagrun for consume_1_and_2_with_dataset_expressions to None, run_after=None
[2024-04-17T00:47:55.262+0000] {logging_mixin.py:188} INFO - [2024-04-17T00:47:55.262+0000] {dag.py:3954} INFO - Setting next_dagrun for consume_1_or_2_with_dataset_expressions to None, run_after=None
[2024-04-17T00:47:55.264+0000] {logging_mixin.py:188} INFO - [2024-04-17T00:47:55.264+0000] {dag.py:3954} INFO - Setting next_dagrun for consume_1_or_both_2_and_3_with_dataset_expressions to None, run_after=None
[2024-04-17T00:47:55.265+0000] {logging_mixin.py:188} INFO - [2024-04-17T00:47:55.265+0000] {dag.py:3954} INFO - Setting next_dagrun for dataset_consumes_1 to None, run_after=None
[2024-04-17T00:47:55.267+0000] {logging_mixin.py:188} INFO - [2024-04-17T00:47:55.267+0000] {dag.py:3954} INFO - Setting next_dagrun for dataset_consumes_1_and_2 to None, run_after=None
[2024-04-17T00:47:55.268+0000] {logging_mixin.py:188} INFO - [2024-04-17T00:47:55.268+0000] {dag.py:3954} INFO - Setting next_dagrun for dataset_consumes_1_never_scheduled to None, run_after=None
[2024-04-17T00:47:55.270+0000] {logging_mixin.py:188} INFO - [2024-04-17T00:47:55.270+0000] {dag.py:3954} INFO - Setting next_dagrun for dataset_consumes_unknown_never_scheduled to None, run_after=None
[2024-04-17T00:47:55.274+0000] {logging_mixin.py:188} INFO - [2024-04-17T00:47:55.273+0000] {dag.py:3954} INFO - Setting next_dagrun for dataset_produces_1 to 2024-04-16 00:00:00+00:00, run_after=2024-04-17 00:00:00+00:00
[2024-04-17T00:47:55.275+0000] {logging_mixin.py:188} INFO - [2024-04-17T00:47:55.275+0000] {dag.py:3954} INFO - Setting next_dagrun for dataset_produces_2 to None, run_after=None
[2024-04-17T00:47:55.316+0000] {processor.py:183} INFO - Processing /home/airflow/.local/lib/python3.12/site-packages/airflow/example_dags/example_datasets.py took 0.179 seconds
[2024-04-17T00:48:25.493+0000] {processor.py:161} INFO - Started process (PID=1935) to work on /home/airflow/.local/lib/python3.12/site-packages/airflow/example_dags/example_datasets.py
[2024-04-17T00:48:25.494+0000] {processor.py:830} INFO - Processing file /home/airflow/.local/lib/python3.12/site-packages/airflow/example_dags/example_datasets.py for tasks to queue
[2024-04-17T00:48:25.497+0000] {logging_mixin.py:188} INFO - [2024-04-17T00:48:25.496+0000] {dagbag.py:540} INFO - Filling up the DagBag from /home/airflow/.local/lib/python3.12/site-packages/airflow/example_dags/example_datasets.py
[2024-04-17T00:48:25.519+0000] {processor.py:840} INFO - DAG(s) 'dataset_produces_2', 'conditional_dataset_and_time_based_timetable', 'consume_1_or_2_with_dataset_expressions', 'dataset_consumes_1', 'consume_1_and_2_with_dataset_expressions', 'dataset_consumes_1_and_2', 'dataset_produces_1', 'consume_1_or_both_2_and_3_with_dataset_expressions', 'dataset_consumes_unknown_never_scheduled', 'dataset_consumes_1_never_scheduled' retrieved from /home/airflow/.local/lib/python3.12/site-packages/airflow/example_dags/example_datasets.py
[2024-04-17T00:48:25.588+0000] {logging_mixin.py:188} INFO - [2024-04-17T00:48:25.588+0000] {dag.py:3096} INFO - Sync 10 DAGs
[2024-04-17T00:48:25.626+0000] {logging_mixin.py:188} INFO - [2024-04-17T00:48:25.626+0000] {dag.py:3954} INFO - Setting next_dagrun for conditional_dataset_and_time_based_timetable to 2024-04-10 01:00:00+00:00, run_after=2024-04-10 01:00:00+00:00
[2024-04-17T00:48:25.632+0000] {logging_mixin.py:188} INFO - [2024-04-17T00:48:25.632+0000] {dag.py:3954} INFO - Setting next_dagrun for consume_1_and_2_with_dataset_expressions to None, run_after=None
[2024-04-17T00:48:25.635+0000] {logging_mixin.py:188} INFO - [2024-04-17T00:48:25.635+0000] {dag.py:3954} INFO - Setting next_dagrun for consume_1_or_2_with_dataset_expressions to None, run_after=None
[2024-04-17T00:48:25.638+0000] {logging_mixin.py:188} INFO - [2024-04-17T00:48:25.637+0000] {dag.py:3954} INFO - Setting next_dagrun for consume_1_or_both_2_and_3_with_dataset_expressions to None, run_after=None
[2024-04-17T00:48:25.641+0000] {logging_mixin.py:188} INFO - [2024-04-17T00:48:25.640+0000] {dag.py:3954} INFO - Setting next_dagrun for dataset_consumes_1 to None, run_after=None
[2024-04-17T00:48:25.643+0000] {logging_mixin.py:188} INFO - [2024-04-17T00:48:25.643+0000] {dag.py:3954} INFO - Setting next_dagrun for dataset_consumes_1_and_2 to None, run_after=None
[2024-04-17T00:48:25.646+0000] {logging_mixin.py:188} INFO - [2024-04-17T00:48:25.646+0000] {dag.py:3954} INFO - Setting next_dagrun for dataset_consumes_1_never_scheduled to None, run_after=None
[2024-04-17T00:48:25.649+0000] {logging_mixin.py:188} INFO - [2024-04-17T00:48:25.648+0000] {dag.py:3954} INFO - Setting next_dagrun for dataset_consumes_unknown_never_scheduled to None, run_after=None
[2024-04-17T00:48:25.653+0000] {logging_mixin.py:188} INFO - [2024-04-17T00:48:25.653+0000] {dag.py:3954} INFO - Setting next_dagrun for dataset_produces_1 to 2024-04-16 00:00:00+00:00, run_after=2024-04-17 00:00:00+00:00
[2024-04-17T00:48:25.656+0000] {logging_mixin.py:188} INFO - [2024-04-17T00:48:25.656+0000] {dag.py:3954} INFO - Setting next_dagrun for dataset_produces_2 to None, run_after=None
[2024-04-17T00:48:25.816+0000] {processor.py:183} INFO - Processing /home/airflow/.local/lib/python3.12/site-packages/airflow/example_dags/example_datasets.py took 0.332 seconds
