[2024-04-17T00:41:02.404+0000] {processor.py:161} INFO - Started process (PID=388) to work on /home/airflow/.local/lib/python3.12/site-packages/airflow/example_dags/example_subdag_operator.py
[2024-04-17T00:41:02.405+0000] {processor.py:830} INFO - Processing file /home/airflow/.local/lib/python3.12/site-packages/airflow/example_dags/example_subdag_operator.py for tasks to queue
[2024-04-17T00:41:02.408+0000] {logging_mixin.py:188} INFO - [2024-04-17T00:41:02.407+0000] {dagbag.py:540} INFO - Filling up the DagBag from /home/airflow/.local/lib/python3.12/site-packages/airflow/example_dags/example_subdag_operator.py
[2024-04-17T00:41:02.430+0000] {processor.py:840} INFO - DAG(s) 'example_subdag_operator.section-1', 'example_subdag_operator.section-2', 'example_subdag_operator' retrieved from /home/airflow/.local/lib/python3.12/site-packages/airflow/example_dags/example_subdag_operator.py
[2024-04-17T00:41:02.551+0000] {logging_mixin.py:188} INFO - [2024-04-17T00:41:02.550+0000] {dag.py:3096} INFO - Sync 3 DAGs
[2024-04-17T00:41:02.576+0000] {logging_mixin.py:188} INFO - [2024-04-17T00:41:02.576+0000] {dag.py:3954} INFO - Setting next_dagrun for example_subdag_operator to 2022-01-01 00:00:00+00:00, run_after=2022-01-01 00:00:00+00:00
[2024-04-17T00:41:02.580+0000] {logging_mixin.py:188} INFO - [2024-04-17T00:41:02.579+0000] {dag.py:3954} INFO - Setting next_dagrun for example_subdag_operator.section-1 to None, run_after=None
[2024-04-17T00:41:02.581+0000] {logging_mixin.py:188} INFO - [2024-04-17T00:41:02.581+0000] {dag.py:3954} INFO - Setting next_dagrun for example_subdag_operator.section-2 to None, run_after=None
[2024-04-17T00:41:02.592+0000] {logging_mixin.py:188} INFO - [2024-04-17T00:41:02.592+0000] {dag.py:3096} INFO - Sync 2 DAGs
[2024-04-17T00:41:02.598+0000] {logging_mixin.py:188} INFO - [2024-04-17T00:41:02.598+0000] {dag.py:3954} INFO - Setting next_dagrun for example_subdag_operator.section-1 to None, run_after=None
[2024-04-17T00:41:02.599+0000] {logging_mixin.py:188} INFO - [2024-04-17T00:41:02.598+0000] {dag.py:3954} INFO - Setting next_dagrun for example_subdag_operator.section-2 to None, run_after=None
[2024-04-17T00:41:02.613+0000] {processor.py:183} INFO - Processing /home/airflow/.local/lib/python3.12/site-packages/airflow/example_dags/example_subdag_operator.py took 0.215 seconds
[2024-04-17T00:41:33.301+0000] {processor.py:161} INFO - Started process (PID=649) to work on /home/airflow/.local/lib/python3.12/site-packages/airflow/example_dags/example_subdag_operator.py
[2024-04-17T00:41:33.302+0000] {processor.py:830} INFO - Processing file /home/airflow/.local/lib/python3.12/site-packages/airflow/example_dags/example_subdag_operator.py for tasks to queue
[2024-04-17T00:41:33.305+0000] {logging_mixin.py:188} INFO - [2024-04-17T00:41:33.304+0000] {dagbag.py:540} INFO - Filling up the DagBag from /home/airflow/.local/lib/python3.12/site-packages/airflow/example_dags/example_subdag_operator.py
[2024-04-17T00:41:33.334+0000] {processor.py:840} INFO - DAG(s) 'example_subdag_operator.section-1', 'example_subdag_operator.section-2', 'example_subdag_operator' retrieved from /home/airflow/.local/lib/python3.12/site-packages/airflow/example_dags/example_subdag_operator.py
[2024-04-17T00:41:33.373+0000] {logging_mixin.py:188} INFO - [2024-04-17T00:41:33.372+0000] {dag.py:3096} INFO - Sync 3 DAGs
[2024-04-17T00:41:33.411+0000] {logging_mixin.py:188} INFO - [2024-04-17T00:41:33.411+0000] {dag.py:3954} INFO - Setting next_dagrun for example_subdag_operator to 2022-01-01 00:00:00+00:00, run_after=2022-01-01 00:00:00+00:00
[2024-04-17T00:41:33.417+0000] {logging_mixin.py:188} INFO - [2024-04-17T00:41:33.416+0000] {dag.py:3954} INFO - Setting next_dagrun for example_subdag_operator.section-1 to None, run_after=None
[2024-04-17T00:41:33.418+0000] {logging_mixin.py:188} INFO - [2024-04-17T00:41:33.418+0000] {dag.py:3954} INFO - Setting next_dagrun for example_subdag_operator.section-2 to None, run_after=None
[2024-04-17T00:41:33.430+0000] {logging_mixin.py:188} INFO - [2024-04-17T00:41:33.430+0000] {dag.py:3096} INFO - Sync 2 DAGs
[2024-04-17T00:41:33.438+0000] {logging_mixin.py:188} INFO - [2024-04-17T00:41:33.438+0000] {dag.py:3954} INFO - Setting next_dagrun for example_subdag_operator.section-1 to None, run_after=None
[2024-04-17T00:41:33.439+0000] {logging_mixin.py:188} INFO - [2024-04-17T00:41:33.439+0000] {dag.py:3954} INFO - Setting next_dagrun for example_subdag_operator.section-2 to None, run_after=None
[2024-04-17T00:41:33.454+0000] {processor.py:183} INFO - Processing /home/airflow/.local/lib/python3.12/site-packages/airflow/example_dags/example_subdag_operator.py took 0.159 seconds
[2024-04-17T00:42:03.641+0000] {processor.py:161} INFO - Started process (PID=911) to work on /home/airflow/.local/lib/python3.12/site-packages/airflow/example_dags/example_subdag_operator.py
[2024-04-17T00:42:03.642+0000] {processor.py:830} INFO - Processing file /home/airflow/.local/lib/python3.12/site-packages/airflow/example_dags/example_subdag_operator.py for tasks to queue
[2024-04-17T00:42:03.643+0000] {logging_mixin.py:188} INFO - [2024-04-17T00:42:03.643+0000] {dagbag.py:540} INFO - Filling up the DagBag from /home/airflow/.local/lib/python3.12/site-packages/airflow/example_dags/example_subdag_operator.py
[2024-04-17T00:42:03.667+0000] {processor.py:840} INFO - DAG(s) 'example_subdag_operator.section-1', 'example_subdag_operator.section-2', 'example_subdag_operator' retrieved from /home/airflow/.local/lib/python3.12/site-packages/airflow/example_dags/example_subdag_operator.py
[2024-04-17T00:42:03.690+0000] {logging_mixin.py:188} INFO - [2024-04-17T00:42:03.690+0000] {dag.py:3096} INFO - Sync 3 DAGs
[2024-04-17T00:42:03.719+0000] {logging_mixin.py:188} INFO - [2024-04-17T00:42:03.718+0000] {dag.py:3954} INFO - Setting next_dagrun for example_subdag_operator to 2022-01-01 00:00:00+00:00, run_after=2022-01-01 00:00:00+00:00
[2024-04-17T00:42:03.723+0000] {logging_mixin.py:188} INFO - [2024-04-17T00:42:03.723+0000] {dag.py:3954} INFO - Setting next_dagrun for example_subdag_operator.section-1 to None, run_after=None
[2024-04-17T00:42:03.724+0000] {logging_mixin.py:188} INFO - [2024-04-17T00:42:03.724+0000] {dag.py:3954} INFO - Setting next_dagrun for example_subdag_operator.section-2 to None, run_after=None
[2024-04-17T00:42:03.733+0000] {logging_mixin.py:188} INFO - [2024-04-17T00:42:03.733+0000] {dag.py:3096} INFO - Sync 2 DAGs
[2024-04-17T00:42:03.739+0000] {logging_mixin.py:188} INFO - [2024-04-17T00:42:03.738+0000] {dag.py:3954} INFO - Setting next_dagrun for example_subdag_operator.section-1 to None, run_after=None
[2024-04-17T00:42:03.739+0000] {logging_mixin.py:188} INFO - [2024-04-17T00:42:03.739+0000] {dag.py:3954} INFO - Setting next_dagrun for example_subdag_operator.section-2 to None, run_after=None
[2024-04-17T00:42:03.752+0000] {processor.py:183} INFO - Processing /home/airflow/.local/lib/python3.12/site-packages/airflow/example_dags/example_subdag_operator.py took 0.117 seconds
[2024-04-17T00:42:34.605+0000] {processor.py:161} INFO - Started process (PID=1173) to work on /home/airflow/.local/lib/python3.12/site-packages/airflow/example_dags/example_subdag_operator.py
[2024-04-17T00:42:34.606+0000] {processor.py:830} INFO - Processing file /home/airflow/.local/lib/python3.12/site-packages/airflow/example_dags/example_subdag_operator.py for tasks to queue
[2024-04-17T00:42:34.607+0000] {logging_mixin.py:188} INFO - [2024-04-17T00:42:34.607+0000] {dagbag.py:540} INFO - Filling up the DagBag from /home/airflow/.local/lib/python3.12/site-packages/airflow/example_dags/example_subdag_operator.py
[2024-04-17T00:42:34.630+0000] {processor.py:840} INFO - DAG(s) 'example_subdag_operator.section-1', 'example_subdag_operator.section-2', 'example_subdag_operator' retrieved from /home/airflow/.local/lib/python3.12/site-packages/airflow/example_dags/example_subdag_operator.py
[2024-04-17T00:42:34.647+0000] {logging_mixin.py:188} INFO - [2024-04-17T00:42:34.647+0000] {dag.py:3096} INFO - Sync 3 DAGs
[2024-04-17T00:42:34.677+0000] {logging_mixin.py:188} INFO - [2024-04-17T00:42:34.676+0000] {dag.py:3954} INFO - Setting next_dagrun for example_subdag_operator to 2022-01-01 00:00:00+00:00, run_after=2022-01-01 00:00:00+00:00
[2024-04-17T00:42:34.684+0000] {logging_mixin.py:188} INFO - [2024-04-17T00:42:34.683+0000] {dag.py:3954} INFO - Setting next_dagrun for example_subdag_operator.section-1 to None, run_after=None
[2024-04-17T00:42:34.686+0000] {logging_mixin.py:188} INFO - [2024-04-17T00:42:34.686+0000] {dag.py:3954} INFO - Setting next_dagrun for example_subdag_operator.section-2 to None, run_after=None
[2024-04-17T00:42:34.697+0000] {logging_mixin.py:188} INFO - [2024-04-17T00:42:34.697+0000] {dag.py:3096} INFO - Sync 2 DAGs
[2024-04-17T00:42:34.705+0000] {logging_mixin.py:188} INFO - [2024-04-17T00:42:34.705+0000] {dag.py:3954} INFO - Setting next_dagrun for example_subdag_operator.section-1 to None, run_after=None
[2024-04-17T00:42:34.706+0000] {logging_mixin.py:188} INFO - [2024-04-17T00:42:34.705+0000] {dag.py:3954} INFO - Setting next_dagrun for example_subdag_operator.section-2 to None, run_after=None
[2024-04-17T00:42:34.724+0000] {processor.py:183} INFO - Processing /home/airflow/.local/lib/python3.12/site-packages/airflow/example_dags/example_subdag_operator.py took 0.124 seconds
[2024-04-17T00:45:28.232+0000] {processor.py:161} INFO - Started process (PID=399) to work on /home/airflow/.local/lib/python3.12/site-packages/airflow/example_dags/example_subdag_operator.py
[2024-04-17T00:45:28.263+0000] {processor.py:830} INFO - Processing file /home/airflow/.local/lib/python3.12/site-packages/airflow/example_dags/example_subdag_operator.py for tasks to queue
[2024-04-17T00:45:28.267+0000] {logging_mixin.py:188} INFO - [2024-04-17T00:45:28.266+0000] {dagbag.py:540} INFO - Filling up the DagBag from /home/airflow/.local/lib/python3.12/site-packages/airflow/example_dags/example_subdag_operator.py
[2024-04-17T00:45:28.327+0000] {processor.py:840} INFO - DAG(s) 'example_subdag_operator.section-1', 'example_subdag_operator.section-2', 'example_subdag_operator' retrieved from /home/airflow/.local/lib/python3.12/site-packages/airflow/example_dags/example_subdag_operator.py
[2024-04-17T00:45:28.560+0000] {logging_mixin.py:188} INFO - [2024-04-17T00:45:28.560+0000] {dag.py:3096} INFO - Sync 3 DAGs
[2024-04-17T00:45:28.590+0000] {logging_mixin.py:188} INFO - [2024-04-17T00:45:28.589+0000] {dag.py:3954} INFO - Setting next_dagrun for example_subdag_operator to 2022-01-01 00:00:00+00:00, run_after=2022-01-01 00:00:00+00:00
[2024-04-17T00:45:28.603+0000] {logging_mixin.py:188} INFO - [2024-04-17T00:45:28.602+0000] {dag.py:3954} INFO - Setting next_dagrun for example_subdag_operator.section-1 to None, run_after=None
[2024-04-17T00:45:28.608+0000] {logging_mixin.py:188} INFO - [2024-04-17T00:45:28.607+0000] {dag.py:3954} INFO - Setting next_dagrun for example_subdag_operator.section-2 to None, run_after=None
[2024-04-17T00:45:28.637+0000] {logging_mixin.py:188} INFO - [2024-04-17T00:45:28.636+0000] {dag.py:3096} INFO - Sync 2 DAGs
[2024-04-17T00:45:28.653+0000] {logging_mixin.py:188} INFO - [2024-04-17T00:45:28.653+0000] {dag.py:3954} INFO - Setting next_dagrun for example_subdag_operator.section-1 to None, run_after=None
[2024-04-17T00:45:28.655+0000] {logging_mixin.py:188} INFO - [2024-04-17T00:45:28.655+0000] {dag.py:3954} INFO - Setting next_dagrun for example_subdag_operator.section-2 to None, run_after=None
[2024-04-17T00:45:29.046+0000] {processor.py:183} INFO - Processing /home/airflow/.local/lib/python3.12/site-packages/airflow/example_dags/example_subdag_operator.py took 0.832 seconds
[2024-04-17T00:45:59.920+0000] {processor.py:161} INFO - Started process (PID=666) to work on /home/airflow/.local/lib/python3.12/site-packages/airflow/example_dags/example_subdag_operator.py
[2024-04-17T00:45:59.956+0000] {processor.py:830} INFO - Processing file /home/airflow/.local/lib/python3.12/site-packages/airflow/example_dags/example_subdag_operator.py for tasks to queue
[2024-04-17T00:45:59.974+0000] {logging_mixin.py:188} INFO - [2024-04-17T00:45:59.973+0000] {dagbag.py:540} INFO - Filling up the DagBag from /home/airflow/.local/lib/python3.12/site-packages/airflow/example_dags/example_subdag_operator.py
[2024-04-17T00:46:00.055+0000] {processor.py:840} INFO - DAG(s) 'example_subdag_operator.section-1', 'example_subdag_operator.section-2', 'example_subdag_operator' retrieved from /home/airflow/.local/lib/python3.12/site-packages/airflow/example_dags/example_subdag_operator.py
[2024-04-17T00:46:00.139+0000] {logging_mixin.py:188} INFO - [2024-04-17T00:46:00.139+0000] {dag.py:3096} INFO - Sync 3 DAGs
[2024-04-17T00:46:00.247+0000] {logging_mixin.py:188} INFO - [2024-04-17T00:46:00.246+0000] {dag.py:3954} INFO - Setting next_dagrun for example_subdag_operator to 2022-01-01 00:00:00+00:00, run_after=2022-01-01 00:00:00+00:00
[2024-04-17T00:46:00.258+0000] {logging_mixin.py:188} INFO - [2024-04-17T00:46:00.258+0000] {dag.py:3954} INFO - Setting next_dagrun for example_subdag_operator.section-1 to None, run_after=None
[2024-04-17T00:46:00.261+0000] {logging_mixin.py:188} INFO - [2024-04-17T00:46:00.261+0000] {dag.py:3954} INFO - Setting next_dagrun for example_subdag_operator.section-2 to None, run_after=None
[2024-04-17T00:46:00.288+0000] {logging_mixin.py:188} INFO - [2024-04-17T00:46:00.288+0000] {dag.py:3096} INFO - Sync 2 DAGs
[2024-04-17T00:46:00.307+0000] {logging_mixin.py:188} INFO - [2024-04-17T00:46:00.306+0000] {dag.py:3954} INFO - Setting next_dagrun for example_subdag_operator.section-1 to None, run_after=None
[2024-04-17T00:46:00.309+0000] {logging_mixin.py:188} INFO - [2024-04-17T00:46:00.308+0000] {dag.py:3954} INFO - Setting next_dagrun for example_subdag_operator.section-2 to None, run_after=None
[2024-04-17T00:46:00.649+0000] {processor.py:183} INFO - Processing /home/airflow/.local/lib/python3.12/site-packages/airflow/example_dags/example_subdag_operator.py took 0.745 seconds
[2024-04-17T00:46:31.327+0000] {processor.py:161} INFO - Started process (PID=936) to work on /home/airflow/.local/lib/python3.12/site-packages/airflow/example_dags/example_subdag_operator.py
[2024-04-17T00:46:31.328+0000] {processor.py:830} INFO - Processing file /home/airflow/.local/lib/python3.12/site-packages/airflow/example_dags/example_subdag_operator.py for tasks to queue
[2024-04-17T00:46:31.337+0000] {logging_mixin.py:188} INFO - [2024-04-17T00:46:31.337+0000] {dagbag.py:540} INFO - Filling up the DagBag from /home/airflow/.local/lib/python3.12/site-packages/airflow/example_dags/example_subdag_operator.py
[2024-04-17T00:46:31.376+0000] {processor.py:840} INFO - DAG(s) 'example_subdag_operator.section-1', 'example_subdag_operator.section-2', 'example_subdag_operator' retrieved from /home/airflow/.local/lib/python3.12/site-packages/airflow/example_dags/example_subdag_operator.py
[2024-04-17T00:46:31.413+0000] {logging_mixin.py:188} INFO - [2024-04-17T00:46:31.413+0000] {dag.py:3096} INFO - Sync 3 DAGs
[2024-04-17T00:46:31.444+0000] {logging_mixin.py:188} INFO - [2024-04-17T00:46:31.444+0000] {dag.py:3954} INFO - Setting next_dagrun for example_subdag_operator to 2022-01-01 00:00:00+00:00, run_after=2022-01-01 00:00:00+00:00
[2024-04-17T00:46:31.451+0000] {logging_mixin.py:188} INFO - [2024-04-17T00:46:31.450+0000] {dag.py:3954} INFO - Setting next_dagrun for example_subdag_operator.section-1 to None, run_after=None
[2024-04-17T00:46:31.453+0000] {logging_mixin.py:188} INFO - [2024-04-17T00:46:31.452+0000] {dag.py:3954} INFO - Setting next_dagrun for example_subdag_operator.section-2 to None, run_after=None
[2024-04-17T00:46:31.460+0000] {logging_mixin.py:188} INFO - [2024-04-17T00:46:31.460+0000] {dag.py:3096} INFO - Sync 2 DAGs
[2024-04-17T00:46:31.474+0000] {logging_mixin.py:188} INFO - [2024-04-17T00:46:31.474+0000] {dag.py:3954} INFO - Setting next_dagrun for example_subdag_operator.section-1 to None, run_after=None
[2024-04-17T00:46:31.475+0000] {logging_mixin.py:188} INFO - [2024-04-17T00:46:31.475+0000] {dag.py:3954} INFO - Setting next_dagrun for example_subdag_operator.section-2 to None, run_after=None
[2024-04-17T00:46:31.668+0000] {processor.py:183} INFO - Processing /home/airflow/.local/lib/python3.12/site-packages/airflow/example_dags/example_subdag_operator.py took 0.348 seconds
[2024-04-17T00:47:02.016+0000] {processor.py:161} INFO - Started process (PID=1205) to work on /home/airflow/.local/lib/python3.12/site-packages/airflow/example_dags/example_subdag_operator.py
[2024-04-17T00:47:02.018+0000] {processor.py:830} INFO - Processing file /home/airflow/.local/lib/python3.12/site-packages/airflow/example_dags/example_subdag_operator.py for tasks to queue
[2024-04-17T00:47:02.021+0000] {logging_mixin.py:188} INFO - [2024-04-17T00:47:02.020+0000] {dagbag.py:540} INFO - Filling up the DagBag from /home/airflow/.local/lib/python3.12/site-packages/airflow/example_dags/example_subdag_operator.py
[2024-04-17T00:47:02.058+0000] {processor.py:840} INFO - DAG(s) 'example_subdag_operator.section-1', 'example_subdag_operator.section-2', 'example_subdag_operator' retrieved from /home/airflow/.local/lib/python3.12/site-packages/airflow/example_dags/example_subdag_operator.py
[2024-04-17T00:47:02.086+0000] {logging_mixin.py:188} INFO - [2024-04-17T00:47:02.085+0000] {dag.py:3096} INFO - Sync 3 DAGs
[2024-04-17T00:47:02.120+0000] {logging_mixin.py:188} INFO - [2024-04-17T00:47:02.119+0000] {dag.py:3954} INFO - Setting next_dagrun for example_subdag_operator to 2022-01-01 00:00:00+00:00, run_after=2022-01-01 00:00:00+00:00
[2024-04-17T00:47:02.125+0000] {logging_mixin.py:188} INFO - [2024-04-17T00:47:02.125+0000] {dag.py:3954} INFO - Setting next_dagrun for example_subdag_operator.section-1 to None, run_after=None
[2024-04-17T00:47:02.127+0000] {logging_mixin.py:188} INFO - [2024-04-17T00:47:02.127+0000] {dag.py:3954} INFO - Setting next_dagrun for example_subdag_operator.section-2 to None, run_after=None
[2024-04-17T00:47:02.139+0000] {logging_mixin.py:188} INFO - [2024-04-17T00:47:02.139+0000] {dag.py:3096} INFO - Sync 2 DAGs
[2024-04-17T00:47:02.147+0000] {logging_mixin.py:188} INFO - [2024-04-17T00:47:02.146+0000] {dag.py:3954} INFO - Setting next_dagrun for example_subdag_operator.section-1 to None, run_after=None
[2024-04-17T00:47:02.150+0000] {logging_mixin.py:188} INFO - [2024-04-17T00:47:02.149+0000] {dag.py:3954} INFO - Setting next_dagrun for example_subdag_operator.section-2 to None, run_after=None
[2024-04-17T00:47:02.353+0000] {processor.py:183} INFO - Processing /home/airflow/.local/lib/python3.12/site-packages/airflow/example_dags/example_subdag_operator.py took 0.344 seconds
[2024-04-17T00:47:32.756+0000] {processor.py:161} INFO - Started process (PID=1470) to work on /home/airflow/.local/lib/python3.12/site-packages/airflow/example_dags/example_subdag_operator.py
[2024-04-17T00:47:32.758+0000] {processor.py:830} INFO - Processing file /home/airflow/.local/lib/python3.12/site-packages/airflow/example_dags/example_subdag_operator.py for tasks to queue
[2024-04-17T00:47:32.760+0000] {logging_mixin.py:188} INFO - [2024-04-17T00:47:32.759+0000] {dagbag.py:540} INFO - Filling up the DagBag from /home/airflow/.local/lib/python3.12/site-packages/airflow/example_dags/example_subdag_operator.py
[2024-04-17T00:47:32.786+0000] {processor.py:840} INFO - DAG(s) 'example_subdag_operator.section-1', 'example_subdag_operator.section-2', 'example_subdag_operator' retrieved from /home/airflow/.local/lib/python3.12/site-packages/airflow/example_dags/example_subdag_operator.py
[2024-04-17T00:47:32.803+0000] {logging_mixin.py:188} INFO - [2024-04-17T00:47:32.803+0000] {dag.py:3096} INFO - Sync 3 DAGs
[2024-04-17T00:47:32.827+0000] {logging_mixin.py:188} INFO - [2024-04-17T00:47:32.827+0000] {dag.py:3954} INFO - Setting next_dagrun for example_subdag_operator to 2022-01-01 00:00:00+00:00, run_after=2022-01-01 00:00:00+00:00
[2024-04-17T00:47:32.832+0000] {logging_mixin.py:188} INFO - [2024-04-17T00:47:32.831+0000] {dag.py:3954} INFO - Setting next_dagrun for example_subdag_operator.section-1 to None, run_after=None
[2024-04-17T00:47:32.835+0000] {logging_mixin.py:188} INFO - [2024-04-17T00:47:32.834+0000] {dag.py:3954} INFO - Setting next_dagrun for example_subdag_operator.section-2 to None, run_after=None
[2024-04-17T00:47:32.842+0000] {logging_mixin.py:188} INFO - [2024-04-17T00:47:32.842+0000] {dag.py:3096} INFO - Sync 2 DAGs
[2024-04-17T00:47:32.848+0000] {logging_mixin.py:188} INFO - [2024-04-17T00:47:32.847+0000] {dag.py:3954} INFO - Setting next_dagrun for example_subdag_operator.section-1 to None, run_after=None
[2024-04-17T00:47:32.848+0000] {logging_mixin.py:188} INFO - [2024-04-17T00:47:32.848+0000] {dag.py:3954} INFO - Setting next_dagrun for example_subdag_operator.section-2 to None, run_after=None
[2024-04-17T00:47:33.051+0000] {processor.py:183} INFO - Processing /home/airflow/.local/lib/python3.12/site-packages/airflow/example_dags/example_subdag_operator.py took 0.300 seconds
[2024-04-17T00:48:03.198+0000] {processor.py:161} INFO - Started process (PID=1737) to work on /home/airflow/.local/lib/python3.12/site-packages/airflow/example_dags/example_subdag_operator.py
[2024-04-17T00:48:03.200+0000] {processor.py:830} INFO - Processing file /home/airflow/.local/lib/python3.12/site-packages/airflow/example_dags/example_subdag_operator.py for tasks to queue
[2024-04-17T00:48:03.203+0000] {logging_mixin.py:188} INFO - [2024-04-17T00:48:03.202+0000] {dagbag.py:540} INFO - Filling up the DagBag from /home/airflow/.local/lib/python3.12/site-packages/airflow/example_dags/example_subdag_operator.py
[2024-04-17T00:48:03.248+0000] {processor.py:840} INFO - DAG(s) 'example_subdag_operator.section-1', 'example_subdag_operator.section-2', 'example_subdag_operator' retrieved from /home/airflow/.local/lib/python3.12/site-packages/airflow/example_dags/example_subdag_operator.py
[2024-04-17T00:48:03.304+0000] {logging_mixin.py:188} INFO - [2024-04-17T00:48:03.300+0000] {dag.py:3096} INFO - Sync 3 DAGs
[2024-04-17T00:48:03.373+0000] {logging_mixin.py:188} INFO - [2024-04-17T00:48:03.373+0000] {dag.py:3954} INFO - Setting next_dagrun for example_subdag_operator to 2022-01-01 00:00:00+00:00, run_after=2022-01-01 00:00:00+00:00
[2024-04-17T00:48:03.386+0000] {logging_mixin.py:188} INFO - [2024-04-17T00:48:03.386+0000] {dag.py:3954} INFO - Setting next_dagrun for example_subdag_operator.section-1 to None, run_after=None
[2024-04-17T00:48:03.391+0000] {logging_mixin.py:188} INFO - [2024-04-17T00:48:03.391+0000] {dag.py:3954} INFO - Setting next_dagrun for example_subdag_operator.section-2 to None, run_after=None
[2024-04-17T00:48:03.431+0000] {logging_mixin.py:188} INFO - [2024-04-17T00:48:03.430+0000] {dag.py:3096} INFO - Sync 2 DAGs
[2024-04-17T00:48:03.448+0000] {logging_mixin.py:188} INFO - [2024-04-17T00:48:03.448+0000] {dag.py:3954} INFO - Setting next_dagrun for example_subdag_operator.section-1 to None, run_after=None
[2024-04-17T00:48:03.450+0000] {logging_mixin.py:188} INFO - [2024-04-17T00:48:03.449+0000] {dag.py:3954} INFO - Setting next_dagrun for example_subdag_operator.section-2 to None, run_after=None
[2024-04-17T00:48:03.478+0000] {processor.py:183} INFO - Processing /home/airflow/.local/lib/python3.12/site-packages/airflow/example_dags/example_subdag_operator.py took 0.292 seconds
