[2024-04-17T00:40:57.608+0000] {processor.py:161} INFO - Started process (PID=233) to work on /home/airflow/.local/lib/python3.12/site-packages/airflow/example_dags/example_setup_teardown.py
[2024-04-17T00:40:57.609+0000] {processor.py:830} INFO - Processing file /home/airflow/.local/lib/python3.12/site-packages/airflow/example_dags/example_setup_teardown.py for tasks to queue
[2024-04-17T00:40:57.611+0000] {logging_mixin.py:188} INFO - [2024-04-17T00:40:57.611+0000] {dagbag.py:540} INFO - Filling up the DagBag from /home/airflow/.local/lib/python3.12/site-packages/airflow/example_dags/example_setup_teardown.py
[2024-04-17T00:40:57.622+0000] {processor.py:840} INFO - DAG(s) 'example_setup_teardown' retrieved from /home/airflow/.local/lib/python3.12/site-packages/airflow/example_dags/example_setup_teardown.py
[2024-04-17T00:40:57.635+0000] {logging_mixin.py:188} INFO - [2024-04-17T00:40:57.635+0000] {dag.py:3096} INFO - Sync 1 DAGs
[2024-04-17T00:40:57.668+0000] {logging_mixin.py:188} INFO - [2024-04-17T00:40:57.668+0000] {dag.py:3954} INFO - Setting next_dagrun for example_setup_teardown to 2024-04-16 00:00:00+00:00, run_after=2024-04-17 00:00:00+00:00
[2024-04-17T00:40:57.702+0000] {processor.py:183} INFO - Processing /home/airflow/.local/lib/python3.12/site-packages/airflow/example_dags/example_setup_teardown.py took 0.099 seconds
[2024-04-17T00:41:28.829+0000] {processor.py:161} INFO - Started process (PID=496) to work on /home/airflow/.local/lib/python3.12/site-packages/airflow/example_dags/example_setup_teardown.py
[2024-04-17T00:41:28.830+0000] {processor.py:830} INFO - Processing file /home/airflow/.local/lib/python3.12/site-packages/airflow/example_dags/example_setup_teardown.py for tasks to queue
[2024-04-17T00:41:28.832+0000] {logging_mixin.py:188} INFO - [2024-04-17T00:41:28.832+0000] {dagbag.py:540} INFO - Filling up the DagBag from /home/airflow/.local/lib/python3.12/site-packages/airflow/example_dags/example_setup_teardown.py
[2024-04-17T00:41:28.840+0000] {processor.py:840} INFO - DAG(s) 'example_setup_teardown' retrieved from /home/airflow/.local/lib/python3.12/site-packages/airflow/example_dags/example_setup_teardown.py
[2024-04-17T00:41:28.950+0000] {logging_mixin.py:188} INFO - [2024-04-17T00:41:28.950+0000] {dag.py:3096} INFO - Sync 1 DAGs
[2024-04-17T00:41:28.972+0000] {logging_mixin.py:188} INFO - [2024-04-17T00:41:28.972+0000] {dag.py:3954} INFO - Setting next_dagrun for example_setup_teardown to 2024-04-16 00:00:00+00:00, run_after=2024-04-17 00:00:00+00:00
[2024-04-17T00:41:28.997+0000] {processor.py:183} INFO - Processing /home/airflow/.local/lib/python3.12/site-packages/airflow/example_dags/example_setup_teardown.py took 0.173 seconds
[2024-04-17T00:41:59.121+0000] {processor.py:161} INFO - Started process (PID=758) to work on /home/airflow/.local/lib/python3.12/site-packages/airflow/example_dags/example_setup_teardown.py
[2024-04-17T00:41:59.122+0000] {processor.py:830} INFO - Processing file /home/airflow/.local/lib/python3.12/site-packages/airflow/example_dags/example_setup_teardown.py for tasks to queue
[2024-04-17T00:41:59.124+0000] {logging_mixin.py:188} INFO - [2024-04-17T00:41:59.123+0000] {dagbag.py:540} INFO - Filling up the DagBag from /home/airflow/.local/lib/python3.12/site-packages/airflow/example_dags/example_setup_teardown.py
[2024-04-17T00:41:59.130+0000] {processor.py:840} INFO - DAG(s) 'example_setup_teardown' retrieved from /home/airflow/.local/lib/python3.12/site-packages/airflow/example_dags/example_setup_teardown.py
[2024-04-17T00:41:59.150+0000] {logging_mixin.py:188} INFO - [2024-04-17T00:41:59.150+0000] {dag.py:3096} INFO - Sync 1 DAGs
[2024-04-17T00:41:59.174+0000] {logging_mixin.py:188} INFO - [2024-04-17T00:41:59.174+0000] {dag.py:3954} INFO - Setting next_dagrun for example_setup_teardown to 2024-04-16 00:00:00+00:00, run_after=2024-04-17 00:00:00+00:00
[2024-04-17T00:41:59.195+0000] {processor.py:183} INFO - Processing /home/airflow/.local/lib/python3.12/site-packages/airflow/example_dags/example_setup_teardown.py took 0.078 seconds
[2024-04-17T00:42:29.832+0000] {processor.py:161} INFO - Started process (PID=1018) to work on /home/airflow/.local/lib/python3.12/site-packages/airflow/example_dags/example_setup_teardown.py
[2024-04-17T00:42:29.833+0000] {processor.py:830} INFO - Processing file /home/airflow/.local/lib/python3.12/site-packages/airflow/example_dags/example_setup_teardown.py for tasks to queue
[2024-04-17T00:42:29.836+0000] {logging_mixin.py:188} INFO - [2024-04-17T00:42:29.835+0000] {dagbag.py:540} INFO - Filling up the DagBag from /home/airflow/.local/lib/python3.12/site-packages/airflow/example_dags/example_setup_teardown.py
[2024-04-17T00:42:29.843+0000] {processor.py:840} INFO - DAG(s) 'example_setup_teardown' retrieved from /home/airflow/.local/lib/python3.12/site-packages/airflow/example_dags/example_setup_teardown.py
[2024-04-17T00:42:29.864+0000] {logging_mixin.py:188} INFO - [2024-04-17T00:42:29.863+0000] {dag.py:3096} INFO - Sync 1 DAGs
[2024-04-17T00:42:29.886+0000] {logging_mixin.py:188} INFO - [2024-04-17T00:42:29.886+0000] {dag.py:3954} INFO - Setting next_dagrun for example_setup_teardown to 2024-04-16 00:00:00+00:00, run_after=2024-04-17 00:00:00+00:00
[2024-04-17T00:42:29.906+0000] {processor.py:183} INFO - Processing /home/airflow/.local/lib/python3.12/site-packages/airflow/example_dags/example_setup_teardown.py took 0.081 seconds
[2024-04-17T00:45:10.903+0000] {processor.py:161} INFO - Started process (PID=244) to work on /home/airflow/.local/lib/python3.12/site-packages/airflow/example_dags/example_setup_teardown.py
[2024-04-17T00:45:10.905+0000] {processor.py:830} INFO - Processing file /home/airflow/.local/lib/python3.12/site-packages/airflow/example_dags/example_setup_teardown.py for tasks to queue
[2024-04-17T00:45:10.910+0000] {logging_mixin.py:188} INFO - [2024-04-17T00:45:10.910+0000] {dagbag.py:540} INFO - Filling up the DagBag from /home/airflow/.local/lib/python3.12/site-packages/airflow/example_dags/example_setup_teardown.py
[2024-04-17T00:45:10.964+0000] {processor.py:840} INFO - DAG(s) 'example_setup_teardown' retrieved from /home/airflow/.local/lib/python3.12/site-packages/airflow/example_dags/example_setup_teardown.py
[2024-04-17T00:45:11.282+0000] {logging_mixin.py:188} INFO - [2024-04-17T00:45:11.281+0000] {dag.py:3096} INFO - Sync 1 DAGs
[2024-04-17T00:45:11.343+0000] {logging_mixin.py:188} INFO - [2024-04-17T00:45:11.343+0000] {dag.py:3954} INFO - Setting next_dagrun for example_setup_teardown to 2024-04-16 00:00:00+00:00, run_after=2024-04-17 00:00:00+00:00
[2024-04-17T00:45:11.550+0000] {processor.py:183} INFO - Processing /home/airflow/.local/lib/python3.12/site-packages/airflow/example_dags/example_setup_teardown.py took 0.660 seconds
[2024-04-17T00:45:44.509+0000] {processor.py:161} INFO - Started process (PID=513) to work on /home/airflow/.local/lib/python3.12/site-packages/airflow/example_dags/example_setup_teardown.py
[2024-04-17T00:45:44.593+0000] {processor.py:830} INFO - Processing file /home/airflow/.local/lib/python3.12/site-packages/airflow/example_dags/example_setup_teardown.py for tasks to queue
[2024-04-17T00:45:44.598+0000] {logging_mixin.py:188} INFO - [2024-04-17T00:45:44.597+0000] {dagbag.py:540} INFO - Filling up the DagBag from /home/airflow/.local/lib/python3.12/site-packages/airflow/example_dags/example_setup_teardown.py
[2024-04-17T00:45:44.619+0000] {processor.py:840} INFO - DAG(s) 'example_setup_teardown' retrieved from /home/airflow/.local/lib/python3.12/site-packages/airflow/example_dags/example_setup_teardown.py
[2024-04-17T00:45:44.681+0000] {logging_mixin.py:188} INFO - [2024-04-17T00:45:44.680+0000] {dag.py:3096} INFO - Sync 1 DAGs
[2024-04-17T00:45:44.742+0000] {logging_mixin.py:188} INFO - [2024-04-17T00:45:44.742+0000] {dag.py:3954} INFO - Setting next_dagrun for example_setup_teardown to 2024-04-16 00:00:00+00:00, run_after=2024-04-17 00:00:00+00:00
[2024-04-17T00:45:45.013+0000] {processor.py:183} INFO - Processing /home/airflow/.local/lib/python3.12/site-packages/airflow/example_dags/example_setup_teardown.py took 0.519 seconds
[2024-04-17T00:46:15.744+0000] {processor.py:161} INFO - Started process (PID=780) to work on /home/airflow/.local/lib/python3.12/site-packages/airflow/example_dags/example_setup_teardown.py
[2024-04-17T00:46:15.746+0000] {processor.py:830} INFO - Processing file /home/airflow/.local/lib/python3.12/site-packages/airflow/example_dags/example_setup_teardown.py for tasks to queue
[2024-04-17T00:46:15.752+0000] {logging_mixin.py:188} INFO - [2024-04-17T00:46:15.750+0000] {dagbag.py:540} INFO - Filling up the DagBag from /home/airflow/.local/lib/python3.12/site-packages/airflow/example_dags/example_setup_teardown.py
[2024-04-17T00:46:15.774+0000] {processor.py:840} INFO - DAG(s) 'example_setup_teardown' retrieved from /home/airflow/.local/lib/python3.12/site-packages/airflow/example_dags/example_setup_teardown.py
[2024-04-17T00:46:15.818+0000] {logging_mixin.py:188} INFO - [2024-04-17T00:46:15.817+0000] {dag.py:3096} INFO - Sync 1 DAGs
[2024-04-17T00:46:15.939+0000] {logging_mixin.py:188} INFO - [2024-04-17T00:46:15.939+0000] {dag.py:3954} INFO - Setting next_dagrun for example_setup_teardown to 2024-04-16 00:00:00+00:00, run_after=2024-04-17 00:00:00+00:00
[2024-04-17T00:46:16.276+0000] {processor.py:183} INFO - Processing /home/airflow/.local/lib/python3.12/site-packages/airflow/example_dags/example_setup_teardown.py took 0.550 seconds
[2024-04-17T00:46:46.681+0000] {processor.py:161} INFO - Started process (PID=1050) to work on /home/airflow/.local/lib/python3.12/site-packages/airflow/example_dags/example_setup_teardown.py
[2024-04-17T00:46:46.682+0000] {processor.py:830} INFO - Processing file /home/airflow/.local/lib/python3.12/site-packages/airflow/example_dags/example_setup_teardown.py for tasks to queue
[2024-04-17T00:46:46.684+0000] {logging_mixin.py:188} INFO - [2024-04-17T00:46:46.683+0000] {dagbag.py:540} INFO - Filling up the DagBag from /home/airflow/.local/lib/python3.12/site-packages/airflow/example_dags/example_setup_teardown.py
[2024-04-17T00:46:46.692+0000] {processor.py:840} INFO - DAG(s) 'example_setup_teardown' retrieved from /home/airflow/.local/lib/python3.12/site-packages/airflow/example_dags/example_setup_teardown.py
[2024-04-17T00:46:46.716+0000] {logging_mixin.py:188} INFO - [2024-04-17T00:46:46.716+0000] {dag.py:3096} INFO - Sync 1 DAGs
[2024-04-17T00:46:46.740+0000] {logging_mixin.py:188} INFO - [2024-04-17T00:46:46.739+0000] {dag.py:3954} INFO - Setting next_dagrun for example_setup_teardown to 2024-04-16 00:00:00+00:00, run_after=2024-04-17 00:00:00+00:00
[2024-04-17T00:46:47.067+0000] {processor.py:183} INFO - Processing /home/airflow/.local/lib/python3.12/site-packages/airflow/example_dags/example_setup_teardown.py took 0.392 seconds
[2024-04-17T00:47:17.338+0000] {processor.py:161} INFO - Started process (PID=1317) to work on /home/airflow/.local/lib/python3.12/site-packages/airflow/example_dags/example_setup_teardown.py
[2024-04-17T00:47:17.339+0000] {processor.py:830} INFO - Processing file /home/airflow/.local/lib/python3.12/site-packages/airflow/example_dags/example_setup_teardown.py for tasks to queue
[2024-04-17T00:47:17.341+0000] {logging_mixin.py:188} INFO - [2024-04-17T00:47:17.341+0000] {dagbag.py:540} INFO - Filling up the DagBag from /home/airflow/.local/lib/python3.12/site-packages/airflow/example_dags/example_setup_teardown.py
[2024-04-17T00:47:17.349+0000] {processor.py:840} INFO - DAG(s) 'example_setup_teardown' retrieved from /home/airflow/.local/lib/python3.12/site-packages/airflow/example_dags/example_setup_teardown.py
[2024-04-17T00:47:17.370+0000] {logging_mixin.py:188} INFO - [2024-04-17T00:47:17.370+0000] {dag.py:3096} INFO - Sync 1 DAGs
[2024-04-17T00:47:17.394+0000] {logging_mixin.py:188} INFO - [2024-04-17T00:47:17.394+0000] {dag.py:3954} INFO - Setting next_dagrun for example_setup_teardown to 2024-04-16 00:00:00+00:00, run_after=2024-04-17 00:00:00+00:00
[2024-04-17T00:47:17.682+0000] {processor.py:183} INFO - Processing /home/airflow/.local/lib/python3.12/site-packages/airflow/example_dags/example_setup_teardown.py took 0.349 seconds
[2024-04-17T00:47:48.428+0000] {processor.py:161} INFO - Started process (PID=1584) to work on /home/airflow/.local/lib/python3.12/site-packages/airflow/example_dags/example_setup_teardown.py
[2024-04-17T00:47:48.429+0000] {processor.py:830} INFO - Processing file /home/airflow/.local/lib/python3.12/site-packages/airflow/example_dags/example_setup_teardown.py for tasks to queue
[2024-04-17T00:47:48.431+0000] {logging_mixin.py:188} INFO - [2024-04-17T00:47:48.431+0000] {dagbag.py:540} INFO - Filling up the DagBag from /home/airflow/.local/lib/python3.12/site-packages/airflow/example_dags/example_setup_teardown.py
[2024-04-17T00:47:48.437+0000] {processor.py:840} INFO - DAG(s) 'example_setup_teardown' retrieved from /home/airflow/.local/lib/python3.12/site-packages/airflow/example_dags/example_setup_teardown.py
[2024-04-17T00:47:48.457+0000] {logging_mixin.py:188} INFO - [2024-04-17T00:47:48.457+0000] {dag.py:3096} INFO - Sync 1 DAGs
[2024-04-17T00:47:48.482+0000] {logging_mixin.py:188} INFO - [2024-04-17T00:47:48.481+0000] {dag.py:3954} INFO - Setting next_dagrun for example_setup_teardown to 2024-04-16 00:00:00+00:00, run_after=2024-04-17 00:00:00+00:00
[2024-04-17T00:47:48.669+0000] {processor.py:183} INFO - Processing /home/airflow/.local/lib/python3.12/site-packages/airflow/example_dags/example_setup_teardown.py took 0.247 seconds
[2024-04-17T00:48:19.192+0000] {processor.py:161} INFO - Started process (PID=1850) to work on /home/airflow/.local/lib/python3.12/site-packages/airflow/example_dags/example_setup_teardown.py
[2024-04-17T00:48:19.193+0000] {processor.py:830} INFO - Processing file /home/airflow/.local/lib/python3.12/site-packages/airflow/example_dags/example_setup_teardown.py for tasks to queue
[2024-04-17T00:48:19.195+0000] {logging_mixin.py:188} INFO - [2024-04-17T00:48:19.194+0000] {dagbag.py:540} INFO - Filling up the DagBag from /home/airflow/.local/lib/python3.12/site-packages/airflow/example_dags/example_setup_teardown.py
[2024-04-17T00:48:19.204+0000] {processor.py:840} INFO - DAG(s) 'example_setup_teardown' retrieved from /home/airflow/.local/lib/python3.12/site-packages/airflow/example_dags/example_setup_teardown.py
[2024-04-17T00:48:19.233+0000] {logging_mixin.py:188} INFO - [2024-04-17T00:48:19.232+0000] {dag.py:3096} INFO - Sync 1 DAGs
[2024-04-17T00:48:19.264+0000] {logging_mixin.py:188} INFO - [2024-04-17T00:48:19.264+0000] {dag.py:3954} INFO - Setting next_dagrun for example_setup_teardown to 2024-04-16 00:00:00+00:00, run_after=2024-04-17 00:00:00+00:00
[2024-04-17T00:48:19.334+0000] {processor.py:183} INFO - Processing /home/airflow/.local/lib/python3.12/site-packages/airflow/example_dags/example_setup_teardown.py took 0.148 seconds
