[2024-04-17T00:40:57.169+0000] {processor.py:161} INFO - Started process (PID=198) to work on /home/airflow/.local/lib/python3.12/site-packages/airflow/example_dags/example_branch_python_dop_operator_3.py
[2024-04-17T00:40:57.169+0000] {processor.py:830} INFO - Processing file /home/airflow/.local/lib/python3.12/site-packages/airflow/example_dags/example_branch_python_dop_operator_3.py for tasks to queue
[2024-04-17T00:40:57.171+0000] {logging_mixin.py:188} INFO - [2024-04-17T00:40:57.171+0000] {dagbag.py:540} INFO - Filling up the DagBag from /home/airflow/.local/lib/python3.12/site-packages/airflow/example_dags/example_branch_python_dop_operator_3.py
[2024-04-17T00:40:57.182+0000] {processor.py:840} INFO - DAG(s) 'example_branch_dop_operator_v3' retrieved from /home/airflow/.local/lib/python3.12/site-packages/airflow/example_dags/example_branch_python_dop_operator_3.py
[2024-04-17T00:40:57.194+0000] {logging_mixin.py:188} INFO - [2024-04-17T00:40:57.193+0000] {dag.py:3096} INFO - Sync 1 DAGs
[2024-04-17T00:40:57.226+0000] {logging_mixin.py:188} INFO - [2024-04-17T00:40:57.226+0000] {dag.py:3954} INFO - Setting next_dagrun for example_branch_dop_operator_v3 to 2024-04-17 00:39:00+00:00, run_after=2024-04-17 00:40:00+00:00
[2024-04-17T00:40:57.253+0000] {processor.py:183} INFO - Processing /home/airflow/.local/lib/python3.12/site-packages/airflow/example_dags/example_branch_python_dop_operator_3.py took 0.091 seconds
[2024-04-17T00:41:27.541+0000] {processor.py:161} INFO - Started process (PID=459) to work on /home/airflow/.local/lib/python3.12/site-packages/airflow/example_dags/example_branch_python_dop_operator_3.py
[2024-04-17T00:41:27.542+0000] {processor.py:830} INFO - Processing file /home/airflow/.local/lib/python3.12/site-packages/airflow/example_dags/example_branch_python_dop_operator_3.py for tasks to queue
[2024-04-17T00:41:27.545+0000] {logging_mixin.py:188} INFO - [2024-04-17T00:41:27.544+0000] {dagbag.py:540} INFO - Filling up the DagBag from /home/airflow/.local/lib/python3.12/site-packages/airflow/example_dags/example_branch_python_dop_operator_3.py
[2024-04-17T00:41:27.560+0000] {processor.py:840} INFO - DAG(s) 'example_branch_dop_operator_v3' retrieved from /home/airflow/.local/lib/python3.12/site-packages/airflow/example_dags/example_branch_python_dop_operator_3.py
[2024-04-17T00:41:27.907+0000] {logging_mixin.py:188} INFO - [2024-04-17T00:41:27.906+0000] {dag.py:3096} INFO - Sync 1 DAGs
[2024-04-17T00:41:27.952+0000] {logging_mixin.py:188} INFO - [2024-04-17T00:41:27.949+0000] {dag.py:3954} INFO - Setting next_dagrun for example_branch_dop_operator_v3 to 2024-04-17 00:40:00+00:00, run_after=2024-04-17 00:41:00+00:00
[2024-04-17T00:41:28.000+0000] {processor.py:183} INFO - Processing /home/airflow/.local/lib/python3.12/site-packages/airflow/example_dags/example_branch_python_dop_operator_3.py took 0.464 seconds
[2024-04-17T00:41:58.701+0000] {processor.py:161} INFO - Started process (PID=721) to work on /home/airflow/.local/lib/python3.12/site-packages/airflow/example_dags/example_branch_python_dop_operator_3.py
[2024-04-17T00:41:58.702+0000] {processor.py:830} INFO - Processing file /home/airflow/.local/lib/python3.12/site-packages/airflow/example_dags/example_branch_python_dop_operator_3.py for tasks to queue
[2024-04-17T00:41:58.706+0000] {logging_mixin.py:188} INFO - [2024-04-17T00:41:58.706+0000] {dagbag.py:540} INFO - Filling up the DagBag from /home/airflow/.local/lib/python3.12/site-packages/airflow/example_dags/example_branch_python_dop_operator_3.py
[2024-04-17T00:41:58.716+0000] {processor.py:840} INFO - DAG(s) 'example_branch_dop_operator_v3' retrieved from /home/airflow/.local/lib/python3.12/site-packages/airflow/example_dags/example_branch_python_dop_operator_3.py
[2024-04-17T00:41:58.738+0000] {logging_mixin.py:188} INFO - [2024-04-17T00:41:58.738+0000] {dag.py:3096} INFO - Sync 1 DAGs
[2024-04-17T00:41:58.767+0000] {logging_mixin.py:188} INFO - [2024-04-17T00:41:58.767+0000] {dag.py:3954} INFO - Setting next_dagrun for example_branch_dop_operator_v3 to 2024-04-17 00:40:00+00:00, run_after=2024-04-17 00:41:00+00:00
[2024-04-17T00:41:58.792+0000] {processor.py:183} INFO - Processing /home/airflow/.local/lib/python3.12/site-packages/airflow/example_dags/example_branch_python_dop_operator_3.py took 0.099 seconds
[2024-04-17T00:42:29.295+0000] {processor.py:161} INFO - Started process (PID=983) to work on /home/airflow/.local/lib/python3.12/site-packages/airflow/example_dags/example_branch_python_dop_operator_3.py
[2024-04-17T00:42:29.296+0000] {processor.py:830} INFO - Processing file /home/airflow/.local/lib/python3.12/site-packages/airflow/example_dags/example_branch_python_dop_operator_3.py for tasks to queue
[2024-04-17T00:42:29.297+0000] {logging_mixin.py:188} INFO - [2024-04-17T00:42:29.297+0000] {dagbag.py:540} INFO - Filling up the DagBag from /home/airflow/.local/lib/python3.12/site-packages/airflow/example_dags/example_branch_python_dop_operator_3.py
[2024-04-17T00:42:29.307+0000] {processor.py:840} INFO - DAG(s) 'example_branch_dop_operator_v3' retrieved from /home/airflow/.local/lib/python3.12/site-packages/airflow/example_dags/example_branch_python_dop_operator_3.py
[2024-04-17T00:42:29.328+0000] {logging_mixin.py:188} INFO - [2024-04-17T00:42:29.327+0000] {dag.py:3096} INFO - Sync 1 DAGs
[2024-04-17T00:42:29.357+0000] {logging_mixin.py:188} INFO - [2024-04-17T00:42:29.357+0000] {dag.py:3954} INFO - Setting next_dagrun for example_branch_dop_operator_v3 to 2024-04-17 00:41:00+00:00, run_after=2024-04-17 00:42:00+00:00
[2024-04-17T00:42:29.380+0000] {processor.py:183} INFO - Processing /home/airflow/.local/lib/python3.12/site-packages/airflow/example_dags/example_branch_python_dop_operator_3.py took 0.091 seconds
[2024-04-17T00:45:07.774+0000] {processor.py:161} INFO - Started process (PID=209) to work on /home/airflow/.local/lib/python3.12/site-packages/airflow/example_dags/example_branch_python_dop_operator_3.py
[2024-04-17T00:45:07.774+0000] {processor.py:830} INFO - Processing file /home/airflow/.local/lib/python3.12/site-packages/airflow/example_dags/example_branch_python_dop_operator_3.py for tasks to queue
[2024-04-17T00:45:07.776+0000] {logging_mixin.py:188} INFO - [2024-04-17T00:45:07.776+0000] {dagbag.py:540} INFO - Filling up the DagBag from /home/airflow/.local/lib/python3.12/site-packages/airflow/example_dags/example_branch_python_dop_operator_3.py
[2024-04-17T00:45:07.787+0000] {processor.py:840} INFO - DAG(s) 'example_branch_dop_operator_v3' retrieved from /home/airflow/.local/lib/python3.12/site-packages/airflow/example_dags/example_branch_python_dop_operator_3.py
[2024-04-17T00:45:07.912+0000] {logging_mixin.py:188} INFO - [2024-04-17T00:45:07.911+0000] {dag.py:3096} INFO - Sync 1 DAGs
[2024-04-17T00:45:07.943+0000] {logging_mixin.py:188} INFO - [2024-04-17T00:45:07.943+0000] {dag.py:3954} INFO - Setting next_dagrun for example_branch_dop_operator_v3 to 2024-04-17 00:44:00+00:00, run_after=2024-04-17 00:45:00+00:00
[2024-04-17T00:45:08.113+0000] {processor.py:183} INFO - Processing /home/airflow/.local/lib/python3.12/site-packages/airflow/example_dags/example_branch_python_dop_operator_3.py took 0.345 seconds
[2024-04-17T00:45:42.063+0000] {processor.py:161} INFO - Started process (PID=476) to work on /home/airflow/.local/lib/python3.12/site-packages/airflow/example_dags/example_branch_python_dop_operator_3.py
[2024-04-17T00:45:42.065+0000] {processor.py:830} INFO - Processing file /home/airflow/.local/lib/python3.12/site-packages/airflow/example_dags/example_branch_python_dop_operator_3.py for tasks to queue
[2024-04-17T00:45:42.068+0000] {logging_mixin.py:188} INFO - [2024-04-17T00:45:42.068+0000] {dagbag.py:540} INFO - Filling up the DagBag from /home/airflow/.local/lib/python3.12/site-packages/airflow/example_dags/example_branch_python_dop_operator_3.py
[2024-04-17T00:45:42.091+0000] {processor.py:840} INFO - DAG(s) 'example_branch_dop_operator_v3' retrieved from /home/airflow/.local/lib/python3.12/site-packages/airflow/example_dags/example_branch_python_dop_operator_3.py
[2024-04-17T00:45:42.129+0000] {logging_mixin.py:188} INFO - [2024-04-17T00:45:42.129+0000] {dag.py:3096} INFO - Sync 1 DAGs
[2024-04-17T00:45:42.169+0000] {logging_mixin.py:188} INFO - [2024-04-17T00:45:42.169+0000] {dag.py:3954} INFO - Setting next_dagrun for example_branch_dop_operator_v3 to 2024-04-17 00:44:00+00:00, run_after=2024-04-17 00:45:00+00:00
[2024-04-17T00:45:42.433+0000] {processor.py:183} INFO - Processing /home/airflow/.local/lib/python3.12/site-packages/airflow/example_dags/example_branch_python_dop_operator_3.py took 0.387 seconds
[2024-04-17T00:46:12.530+0000] {processor.py:161} INFO - Started process (PID=743) to work on /home/airflow/.local/lib/python3.12/site-packages/airflow/example_dags/example_branch_python_dop_operator_3.py
[2024-04-17T00:46:12.581+0000] {processor.py:830} INFO - Processing file /home/airflow/.local/lib/python3.12/site-packages/airflow/example_dags/example_branch_python_dop_operator_3.py for tasks to queue
[2024-04-17T00:46:12.584+0000] {logging_mixin.py:188} INFO - [2024-04-17T00:46:12.584+0000] {dagbag.py:540} INFO - Filling up the DagBag from /home/airflow/.local/lib/python3.12/site-packages/airflow/example_dags/example_branch_python_dop_operator_3.py
[2024-04-17T00:46:12.609+0000] {processor.py:840} INFO - DAG(s) 'example_branch_dop_operator_v3' retrieved from /home/airflow/.local/lib/python3.12/site-packages/airflow/example_dags/example_branch_python_dop_operator_3.py
[2024-04-17T00:46:12.630+0000] {logging_mixin.py:188} INFO - [2024-04-17T00:46:12.630+0000] {dag.py:3096} INFO - Sync 1 DAGs
[2024-04-17T00:46:12.674+0000] {logging_mixin.py:188} INFO - [2024-04-17T00:46:12.674+0000] {dag.py:3954} INFO - Setting next_dagrun for example_branch_dop_operator_v3 to 2024-04-17 00:45:00+00:00, run_after=2024-04-17 00:46:00+00:00
[2024-04-17T00:46:12.800+0000] {processor.py:183} INFO - Processing /home/airflow/.local/lib/python3.12/site-packages/airflow/example_dags/example_branch_python_dop_operator_3.py took 0.285 seconds
[2024-04-17T00:46:43.187+0000] {processor.py:161} INFO - Started process (PID=1013) to work on /home/airflow/.local/lib/python3.12/site-packages/airflow/example_dags/example_branch_python_dop_operator_3.py
[2024-04-17T00:46:43.188+0000] {processor.py:830} INFO - Processing file /home/airflow/.local/lib/python3.12/site-packages/airflow/example_dags/example_branch_python_dop_operator_3.py for tasks to queue
[2024-04-17T00:46:43.190+0000] {logging_mixin.py:188} INFO - [2024-04-17T00:46:43.189+0000] {dagbag.py:540} INFO - Filling up the DagBag from /home/airflow/.local/lib/python3.12/site-packages/airflow/example_dags/example_branch_python_dop_operator_3.py
[2024-04-17T00:46:43.199+0000] {processor.py:840} INFO - DAG(s) 'example_branch_dop_operator_v3' retrieved from /home/airflow/.local/lib/python3.12/site-packages/airflow/example_dags/example_branch_python_dop_operator_3.py
[2024-04-17T00:46:43.220+0000] {logging_mixin.py:188} INFO - [2024-04-17T00:46:43.220+0000] {dag.py:3096} INFO - Sync 1 DAGs
[2024-04-17T00:46:43.254+0000] {logging_mixin.py:188} INFO - [2024-04-17T00:46:43.254+0000] {dag.py:3954} INFO - Setting next_dagrun for example_branch_dop_operator_v3 to 2024-04-17 00:45:00+00:00, run_after=2024-04-17 00:46:00+00:00
[2024-04-17T00:46:43.504+0000] {processor.py:183} INFO - Processing /home/airflow/.local/lib/python3.12/site-packages/airflow/example_dags/example_branch_python_dop_operator_3.py took 0.322 seconds
[2024-04-17T00:47:13.580+0000] {processor.py:161} INFO - Started process (PID=1280) to work on /home/airflow/.local/lib/python3.12/site-packages/airflow/example_dags/example_branch_python_dop_operator_3.py
[2024-04-17T00:47:13.581+0000] {processor.py:830} INFO - Processing file /home/airflow/.local/lib/python3.12/site-packages/airflow/example_dags/example_branch_python_dop_operator_3.py for tasks to queue
[2024-04-17T00:47:13.583+0000] {logging_mixin.py:188} INFO - [2024-04-17T00:47:13.582+0000] {dagbag.py:540} INFO - Filling up the DagBag from /home/airflow/.local/lib/python3.12/site-packages/airflow/example_dags/example_branch_python_dop_operator_3.py
[2024-04-17T00:47:13.591+0000] {processor.py:840} INFO - DAG(s) 'example_branch_dop_operator_v3' retrieved from /home/airflow/.local/lib/python3.12/site-packages/airflow/example_dags/example_branch_python_dop_operator_3.py
[2024-04-17T00:47:13.612+0000] {logging_mixin.py:188} INFO - [2024-04-17T00:47:13.612+0000] {dag.py:3096} INFO - Sync 1 DAGs
[2024-04-17T00:47:13.639+0000] {logging_mixin.py:188} INFO - [2024-04-17T00:47:13.639+0000] {dag.py:3954} INFO - Setting next_dagrun for example_branch_dop_operator_v3 to 2024-04-17 00:46:00+00:00, run_after=2024-04-17 00:47:00+00:00
[2024-04-17T00:47:13.905+0000] {processor.py:183} INFO - Processing /home/airflow/.local/lib/python3.12/site-packages/airflow/example_dags/example_branch_python_dop_operator_3.py took 0.333 seconds
[2024-04-17T00:47:44.184+0000] {processor.py:161} INFO - Started process (PID=1547) to work on /home/airflow/.local/lib/python3.12/site-packages/airflow/example_dags/example_branch_python_dop_operator_3.py
[2024-04-17T00:47:44.187+0000] {processor.py:830} INFO - Processing file /home/airflow/.local/lib/python3.12/site-packages/airflow/example_dags/example_branch_python_dop_operator_3.py for tasks to queue
[2024-04-17T00:47:44.190+0000] {logging_mixin.py:188} INFO - [2024-04-17T00:47:44.189+0000] {dagbag.py:540} INFO - Filling up the DagBag from /home/airflow/.local/lib/python3.12/site-packages/airflow/example_dags/example_branch_python_dop_operator_3.py
[2024-04-17T00:47:44.200+0000] {processor.py:840} INFO - DAG(s) 'example_branch_dop_operator_v3' retrieved from /home/airflow/.local/lib/python3.12/site-packages/airflow/example_dags/example_branch_python_dop_operator_3.py
[2024-04-17T00:47:44.219+0000] {logging_mixin.py:188} INFO - [2024-04-17T00:47:44.219+0000] {dag.py:3096} INFO - Sync 1 DAGs
[2024-04-17T00:47:44.252+0000] {logging_mixin.py:188} INFO - [2024-04-17T00:47:44.252+0000] {dag.py:3954} INFO - Setting next_dagrun for example_branch_dop_operator_v3 to 2024-04-17 00:46:00+00:00, run_after=2024-04-17 00:47:00+00:00
[2024-04-17T00:47:44.420+0000] {processor.py:183} INFO - Processing /home/airflow/.local/lib/python3.12/site-packages/airflow/example_dags/example_branch_python_dop_operator_3.py took 0.242 seconds
[2024-04-17T00:48:14.896+0000] {processor.py:161} INFO - Started process (PID=1813) to work on /home/airflow/.local/lib/python3.12/site-packages/airflow/example_dags/example_branch_python_dop_operator_3.py
[2024-04-17T00:48:14.897+0000] {processor.py:830} INFO - Processing file /home/airflow/.local/lib/python3.12/site-packages/airflow/example_dags/example_branch_python_dop_operator_3.py for tasks to queue
[2024-04-17T00:48:14.899+0000] {logging_mixin.py:188} INFO - [2024-04-17T00:48:14.899+0000] {dagbag.py:540} INFO - Filling up the DagBag from /home/airflow/.local/lib/python3.12/site-packages/airflow/example_dags/example_branch_python_dop_operator_3.py
[2024-04-17T00:48:14.907+0000] {processor.py:840} INFO - DAG(s) 'example_branch_dop_operator_v3' retrieved from /home/airflow/.local/lib/python3.12/site-packages/airflow/example_dags/example_branch_python_dop_operator_3.py
[2024-04-17T00:48:14.928+0000] {logging_mixin.py:188} INFO - [2024-04-17T00:48:14.927+0000] {dag.py:3096} INFO - Sync 1 DAGs
[2024-04-17T00:48:14.958+0000] {logging_mixin.py:188} INFO - [2024-04-17T00:48:14.958+0000] {dag.py:3954} INFO - Setting next_dagrun for example_branch_dop_operator_v3 to 2024-04-17 00:47:00+00:00, run_after=2024-04-17 00:48:00+00:00
[2024-04-17T00:48:15.151+0000] {processor.py:183} INFO - Processing /home/airflow/.local/lib/python3.12/site-packages/airflow/example_dags/example_branch_python_dop_operator_3.py took 0.261 seconds
