[2024-04-17T00:40:57.102+0000] {processor.py:161} INFO - Started process (PID=193) to work on /home/airflow/.local/lib/python3.12/site-packages/airflow/example_dags/example_bash_decorator.py
[2024-04-17T00:40:57.102+0000] {processor.py:830} INFO - Processing file /home/airflow/.local/lib/python3.12/site-packages/airflow/example_dags/example_bash_decorator.py for tasks to queue
[2024-04-17T00:40:57.105+0000] {logging_mixin.py:188} INFO - [2024-04-17T00:40:57.104+0000] {dagbag.py:540} INFO - Filling up the DagBag from /home/airflow/.local/lib/python3.12/site-packages/airflow/example_dags/example_bash_decorator.py
[2024-04-17T00:40:57.129+0000] {processor.py:840} INFO - DAG(s) 'example_bash_decorator' retrieved from /home/airflow/.local/lib/python3.12/site-packages/airflow/example_dags/example_bash_decorator.py
[2024-04-17T00:40:57.138+0000] {logging_mixin.py:188} INFO - [2024-04-17T00:40:57.138+0000] {dag.py:3096} INFO - Sync 1 DAGs
[2024-04-17T00:40:57.152+0000] {logging_mixin.py:188} INFO - [2024-04-17T00:40:57.152+0000] {dag.py:3954} INFO - Setting next_dagrun for example_bash_decorator to None, run_after=None
[2024-04-17T00:40:57.172+0000] {processor.py:183} INFO - Processing /home/airflow/.local/lib/python3.12/site-packages/airflow/example_dags/example_bash_decorator.py took 0.075 seconds
[2024-04-17T00:41:27.529+0000] {processor.py:161} INFO - Started process (PID=456) to work on /home/airflow/.local/lib/python3.12/site-packages/airflow/example_dags/example_bash_decorator.py
[2024-04-17T00:41:27.530+0000] {processor.py:830} INFO - Processing file /home/airflow/.local/lib/python3.12/site-packages/airflow/example_dags/example_bash_decorator.py for tasks to queue
[2024-04-17T00:41:27.532+0000] {logging_mixin.py:188} INFO - [2024-04-17T00:41:27.532+0000] {dagbag.py:540} INFO - Filling up the DagBag from /home/airflow/.local/lib/python3.12/site-packages/airflow/example_dags/example_bash_decorator.py
[2024-04-17T00:41:27.547+0000] {processor.py:840} INFO - DAG(s) 'example_bash_decorator' retrieved from /home/airflow/.local/lib/python3.12/site-packages/airflow/example_dags/example_bash_decorator.py
[2024-04-17T00:41:27.859+0000] {logging_mixin.py:188} INFO - [2024-04-17T00:41:27.859+0000] {dag.py:3096} INFO - Sync 1 DAGs
[2024-04-17T00:41:27.897+0000] {logging_mixin.py:188} INFO - [2024-04-17T00:41:27.896+0000] {dag.py:3954} INFO - Setting next_dagrun for example_bash_decorator to None, run_after=None
[2024-04-17T00:41:27.930+0000] {processor.py:183} INFO - Processing /home/airflow/.local/lib/python3.12/site-packages/airflow/example_dags/example_bash_decorator.py took 0.410 seconds
[2024-04-17T00:41:58.698+0000] {processor.py:161} INFO - Started process (PID=718) to work on /home/airflow/.local/lib/python3.12/site-packages/airflow/example_dags/example_bash_decorator.py
[2024-04-17T00:41:58.699+0000] {processor.py:830} INFO - Processing file /home/airflow/.local/lib/python3.12/site-packages/airflow/example_dags/example_bash_decorator.py for tasks to queue
[2024-04-17T00:41:58.702+0000] {logging_mixin.py:188} INFO - [2024-04-17T00:41:58.701+0000] {dagbag.py:540} INFO - Filling up the DagBag from /home/airflow/.local/lib/python3.12/site-packages/airflow/example_dags/example_bash_decorator.py
[2024-04-17T00:41:58.722+0000] {processor.py:840} INFO - DAG(s) 'example_bash_decorator' retrieved from /home/airflow/.local/lib/python3.12/site-packages/airflow/example_dags/example_bash_decorator.py
[2024-04-17T00:41:58.747+0000] {logging_mixin.py:188} INFO - [2024-04-17T00:41:58.746+0000] {dag.py:3096} INFO - Sync 1 DAGs
[2024-04-17T00:41:58.762+0000] {logging_mixin.py:188} INFO - [2024-04-17T00:41:58.762+0000] {dag.py:3954} INFO - Setting next_dagrun for example_bash_decorator to None, run_after=None
[2024-04-17T00:41:58.783+0000] {processor.py:183} INFO - Processing /home/airflow/.local/lib/python3.12/site-packages/airflow/example_dags/example_bash_decorator.py took 0.093 seconds
[2024-04-17T00:42:29.295+0000] {processor.py:161} INFO - Started process (PID=980) to work on /home/airflow/.local/lib/python3.12/site-packages/airflow/example_dags/example_bash_decorator.py
[2024-04-17T00:42:29.296+0000] {processor.py:830} INFO - Processing file /home/airflow/.local/lib/python3.12/site-packages/airflow/example_dags/example_bash_decorator.py for tasks to queue
[2024-04-17T00:42:29.297+0000] {logging_mixin.py:188} INFO - [2024-04-17T00:42:29.297+0000] {dagbag.py:540} INFO - Filling up the DagBag from /home/airflow/.local/lib/python3.12/site-packages/airflow/example_dags/example_bash_decorator.py
[2024-04-17T00:42:29.313+0000] {processor.py:840} INFO - DAG(s) 'example_bash_decorator' retrieved from /home/airflow/.local/lib/python3.12/site-packages/airflow/example_dags/example_bash_decorator.py
[2024-04-17T00:42:29.337+0000] {logging_mixin.py:188} INFO - [2024-04-17T00:42:29.337+0000] {dag.py:3096} INFO - Sync 1 DAGs
[2024-04-17T00:42:29.353+0000] {logging_mixin.py:188} INFO - [2024-04-17T00:42:29.352+0000] {dag.py:3954} INFO - Setting next_dagrun for example_bash_decorator to None, run_after=None
[2024-04-17T00:42:29.373+0000] {processor.py:183} INFO - Processing /home/airflow/.local/lib/python3.12/site-packages/airflow/example_dags/example_bash_decorator.py took 0.084 seconds
[2024-04-17T00:45:07.771+0000] {processor.py:161} INFO - Started process (PID=206) to work on /home/airflow/.local/lib/python3.12/site-packages/airflow/example_dags/example_bash_decorator.py
[2024-04-17T00:45:07.772+0000] {processor.py:830} INFO - Processing file /home/airflow/.local/lib/python3.12/site-packages/airflow/example_dags/example_bash_decorator.py for tasks to queue
[2024-04-17T00:45:07.774+0000] {logging_mixin.py:188} INFO - [2024-04-17T00:45:07.773+0000] {dagbag.py:540} INFO - Filling up the DagBag from /home/airflow/.local/lib/python3.12/site-packages/airflow/example_dags/example_bash_decorator.py
[2024-04-17T00:45:07.799+0000] {processor.py:840} INFO - DAG(s) 'example_bash_decorator' retrieved from /home/airflow/.local/lib/python3.12/site-packages/airflow/example_dags/example_bash_decorator.py
[2024-04-17T00:45:07.929+0000] {logging_mixin.py:188} INFO - [2024-04-17T00:45:07.929+0000] {dag.py:3096} INFO - Sync 1 DAGs
[2024-04-17T00:45:07.944+0000] {logging_mixin.py:188} INFO - [2024-04-17T00:45:07.944+0000] {dag.py:3954} INFO - Setting next_dagrun for example_bash_decorator to None, run_after=None
[2024-04-17T00:45:08.388+0000] {processor.py:183} INFO - Processing /home/airflow/.local/lib/python3.12/site-packages/airflow/example_dags/example_bash_decorator.py took 0.623 seconds
[2024-04-17T00:45:41.697+0000] {processor.py:161} INFO - Started process (PID=471) to work on /home/airflow/.local/lib/python3.12/site-packages/airflow/example_dags/example_bash_decorator.py
[2024-04-17T00:45:41.698+0000] {processor.py:830} INFO - Processing file /home/airflow/.local/lib/python3.12/site-packages/airflow/example_dags/example_bash_decorator.py for tasks to queue
[2024-04-17T00:45:41.701+0000] {logging_mixin.py:188} INFO - [2024-04-17T00:45:41.701+0000] {dagbag.py:540} INFO - Filling up the DagBag from /home/airflow/.local/lib/python3.12/site-packages/airflow/example_dags/example_bash_decorator.py
[2024-04-17T00:45:41.719+0000] {processor.py:840} INFO - DAG(s) 'example_bash_decorator' retrieved from /home/airflow/.local/lib/python3.12/site-packages/airflow/example_dags/example_bash_decorator.py
[2024-04-17T00:45:41.750+0000] {logging_mixin.py:188} INFO - [2024-04-17T00:45:41.750+0000] {dag.py:3096} INFO - Sync 1 DAGs
[2024-04-17T00:45:41.785+0000] {logging_mixin.py:188} INFO - [2024-04-17T00:45:41.785+0000] {dag.py:3954} INFO - Setting next_dagrun for example_bash_decorator to None, run_after=None
[2024-04-17T00:45:42.145+0000] {processor.py:183} INFO - Processing /home/airflow/.local/lib/python3.12/site-packages/airflow/example_dags/example_bash_decorator.py took 0.456 seconds
[2024-04-17T00:46:12.229+0000] {processor.py:161} INFO - Started process (PID=738) to work on /home/airflow/.local/lib/python3.12/site-packages/airflow/example_dags/example_bash_decorator.py
[2024-04-17T00:46:12.230+0000] {processor.py:830} INFO - Processing file /home/airflow/.local/lib/python3.12/site-packages/airflow/example_dags/example_bash_decorator.py for tasks to queue
[2024-04-17T00:46:12.232+0000] {logging_mixin.py:188} INFO - [2024-04-17T00:46:12.232+0000] {dagbag.py:540} INFO - Filling up the DagBag from /home/airflow/.local/lib/python3.12/site-packages/airflow/example_dags/example_bash_decorator.py
[2024-04-17T00:46:12.247+0000] {processor.py:840} INFO - DAG(s) 'example_bash_decorator' retrieved from /home/airflow/.local/lib/python3.12/site-packages/airflow/example_dags/example_bash_decorator.py
[2024-04-17T00:46:12.297+0000] {logging_mixin.py:188} INFO - [2024-04-17T00:46:12.297+0000] {dag.py:3096} INFO - Sync 1 DAGs
[2024-04-17T00:46:12.352+0000] {logging_mixin.py:188} INFO - [2024-04-17T00:46:12.352+0000] {dag.py:3954} INFO - Setting next_dagrun for example_bash_decorator to None, run_after=None
[2024-04-17T00:46:12.649+0000] {processor.py:183} INFO - Processing /home/airflow/.local/lib/python3.12/site-packages/airflow/example_dags/example_bash_decorator.py took 0.432 seconds
[2024-04-17T00:46:42.920+0000] {processor.py:161} INFO - Started process (PID=1008) to work on /home/airflow/.local/lib/python3.12/site-packages/airflow/example_dags/example_bash_decorator.py
[2024-04-17T00:46:42.921+0000] {processor.py:830} INFO - Processing file /home/airflow/.local/lib/python3.12/site-packages/airflow/example_dags/example_bash_decorator.py for tasks to queue
[2024-04-17T00:46:42.923+0000] {logging_mixin.py:188} INFO - [2024-04-17T00:46:42.923+0000] {dagbag.py:540} INFO - Filling up the DagBag from /home/airflow/.local/lib/python3.12/site-packages/airflow/example_dags/example_bash_decorator.py
[2024-04-17T00:46:42.943+0000] {processor.py:840} INFO - DAG(s) 'example_bash_decorator' retrieved from /home/airflow/.local/lib/python3.12/site-packages/airflow/example_dags/example_bash_decorator.py
[2024-04-17T00:46:42.974+0000] {logging_mixin.py:188} INFO - [2024-04-17T00:46:42.974+0000] {dag.py:3096} INFO - Sync 1 DAGs
[2024-04-17T00:46:42.998+0000] {logging_mixin.py:188} INFO - [2024-04-17T00:46:42.998+0000] {dag.py:3954} INFO - Setting next_dagrun for example_bash_decorator to None, run_after=None
[2024-04-17T00:46:43.373+0000] {processor.py:183} INFO - Processing /home/airflow/.local/lib/python3.12/site-packages/airflow/example_dags/example_bash_decorator.py took 0.459 seconds
[2024-04-17T00:47:13.424+0000] {processor.py:161} INFO - Started process (PID=1275) to work on /home/airflow/.local/lib/python3.12/site-packages/airflow/example_dags/example_bash_decorator.py
[2024-04-17T00:47:13.426+0000] {processor.py:830} INFO - Processing file /home/airflow/.local/lib/python3.12/site-packages/airflow/example_dags/example_bash_decorator.py for tasks to queue
[2024-04-17T00:47:13.431+0000] {logging_mixin.py:188} INFO - [2024-04-17T00:47:13.430+0000] {dagbag.py:540} INFO - Filling up the DagBag from /home/airflow/.local/lib/python3.12/site-packages/airflow/example_dags/example_bash_decorator.py
[2024-04-17T00:47:13.450+0000] {processor.py:840} INFO - DAG(s) 'example_bash_decorator' retrieved from /home/airflow/.local/lib/python3.12/site-packages/airflow/example_dags/example_bash_decorator.py
[2024-04-17T00:47:13.482+0000] {logging_mixin.py:188} INFO - [2024-04-17T00:47:13.481+0000] {dag.py:3096} INFO - Sync 1 DAGs
[2024-04-17T00:47:13.504+0000] {logging_mixin.py:188} INFO - [2024-04-17T00:47:13.504+0000] {dag.py:3954} INFO - Setting next_dagrun for example_bash_decorator to None, run_after=None
[2024-04-17T00:47:13.754+0000] {processor.py:183} INFO - Processing /home/airflow/.local/lib/python3.12/site-packages/airflow/example_dags/example_bash_decorator.py took 0.338 seconds
[2024-04-17T00:47:44.094+0000] {processor.py:161} INFO - Started process (PID=1542) to work on /home/airflow/.local/lib/python3.12/site-packages/airflow/example_dags/example_bash_decorator.py
[2024-04-17T00:47:44.095+0000] {processor.py:830} INFO - Processing file /home/airflow/.local/lib/python3.12/site-packages/airflow/example_dags/example_bash_decorator.py for tasks to queue
[2024-04-17T00:47:44.098+0000] {logging_mixin.py:188} INFO - [2024-04-17T00:47:44.097+0000] {dagbag.py:540} INFO - Filling up the DagBag from /home/airflow/.local/lib/python3.12/site-packages/airflow/example_dags/example_bash_decorator.py
[2024-04-17T00:47:44.113+0000] {processor.py:840} INFO - DAG(s) 'example_bash_decorator' retrieved from /home/airflow/.local/lib/python3.12/site-packages/airflow/example_dags/example_bash_decorator.py
[2024-04-17T00:47:44.137+0000] {logging_mixin.py:188} INFO - [2024-04-17T00:47:44.137+0000] {dag.py:3096} INFO - Sync 1 DAGs
[2024-04-17T00:47:44.152+0000] {logging_mixin.py:188} INFO - [2024-04-17T00:47:44.152+0000] {dag.py:3954} INFO - Setting next_dagrun for example_bash_decorator to None, run_after=None
[2024-04-17T00:47:44.286+0000] {processor.py:183} INFO - Processing /home/airflow/.local/lib/python3.12/site-packages/airflow/example_dags/example_bash_decorator.py took 0.198 seconds
[2024-04-17T00:48:14.896+0000] {processor.py:161} INFO - Started process (PID=1810) to work on /home/airflow/.local/lib/python3.12/site-packages/airflow/example_dags/example_bash_decorator.py
[2024-04-17T00:48:14.897+0000] {processor.py:830} INFO - Processing file /home/airflow/.local/lib/python3.12/site-packages/airflow/example_dags/example_bash_decorator.py for tasks to queue
[2024-04-17T00:48:14.899+0000] {logging_mixin.py:188} INFO - [2024-04-17T00:48:14.899+0000] {dagbag.py:540} INFO - Filling up the DagBag from /home/airflow/.local/lib/python3.12/site-packages/airflow/example_dags/example_bash_decorator.py
[2024-04-17T00:48:14.912+0000] {processor.py:840} INFO - DAG(s) 'example_bash_decorator' retrieved from /home/airflow/.local/lib/python3.12/site-packages/airflow/example_dags/example_bash_decorator.py
[2024-04-17T00:48:14.938+0000] {logging_mixin.py:188} INFO - [2024-04-17T00:48:14.938+0000] {dag.py:3096} INFO - Sync 1 DAGs
[2024-04-17T00:48:14.955+0000] {logging_mixin.py:188} INFO - [2024-04-17T00:48:14.954+0000] {dag.py:3954} INFO - Setting next_dagrun for example_bash_decorator to None, run_after=None
[2024-04-17T00:48:15.151+0000] {processor.py:183} INFO - Processing /home/airflow/.local/lib/python3.12/site-packages/airflow/example_dags/example_bash_decorator.py took 0.261 seconds
