[2024-04-17T00:41:00.335+0000] {processor.py:161} INFO - Started process (PID=313) to work on /home/airflow/.local/lib/python3.12/site-packages/airflow/example_dags/example_display_name.py
[2024-04-17T00:41:00.336+0000] {processor.py:830} INFO - Processing file /home/airflow/.local/lib/python3.12/site-packages/airflow/example_dags/example_display_name.py for tasks to queue
[2024-04-17T00:41:00.338+0000] {logging_mixin.py:188} INFO - [2024-04-17T00:41:00.337+0000] {dagbag.py:540} INFO - Filling up the DagBag from /home/airflow/.local/lib/python3.12/site-packages/airflow/example_dags/example_display_name.py
[2024-04-17T00:41:00.346+0000] {processor.py:840} INFO - DAG(s) 'example_display_name' retrieved from /home/airflow/.local/lib/python3.12/site-packages/airflow/example_dags/example_display_name.py
[2024-04-17T00:41:00.460+0000] {logging_mixin.py:188} INFO - [2024-04-17T00:41:00.460+0000] {dag.py:3096} INFO - Sync 1 DAGs
[2024-04-17T00:41:00.471+0000] {logging_mixin.py:188} INFO - [2024-04-17T00:41:00.471+0000] {dag.py:3954} INFO - Setting next_dagrun for example_display_name to None, run_after=None
[2024-04-17T00:41:00.494+0000] {processor.py:183} INFO - Processing /home/airflow/.local/lib/python3.12/site-packages/airflow/example_dags/example_display_name.py took 0.164 seconds
[2024-04-17T00:41:31.138+0000] {processor.py:161} INFO - Started process (PID=574) to work on /home/airflow/.local/lib/python3.12/site-packages/airflow/example_dags/example_display_name.py
[2024-04-17T00:41:31.139+0000] {processor.py:830} INFO - Processing file /home/airflow/.local/lib/python3.12/site-packages/airflow/example_dags/example_display_name.py for tasks to queue
[2024-04-17T00:41:31.141+0000] {logging_mixin.py:188} INFO - [2024-04-17T00:41:31.141+0000] {dagbag.py:540} INFO - Filling up the DagBag from /home/airflow/.local/lib/python3.12/site-packages/airflow/example_dags/example_display_name.py
[2024-04-17T00:41:31.146+0000] {processor.py:840} INFO - DAG(s) 'example_display_name' retrieved from /home/airflow/.local/lib/python3.12/site-packages/airflow/example_dags/example_display_name.py
[2024-04-17T00:41:31.163+0000] {logging_mixin.py:188} INFO - [2024-04-17T00:41:31.162+0000] {dag.py:3096} INFO - Sync 1 DAGs
[2024-04-17T00:41:31.175+0000] {logging_mixin.py:188} INFO - [2024-04-17T00:41:31.175+0000] {dag.py:3954} INFO - Setting next_dagrun for example_display_name to None, run_after=None
[2024-04-17T00:41:31.198+0000] {processor.py:183} INFO - Processing /home/airflow/.local/lib/python3.12/site-packages/airflow/example_dags/example_display_name.py took 0.064 seconds
[2024-04-17T00:42:01.470+0000] {processor.py:161} INFO - Started process (PID=836) to work on /home/airflow/.local/lib/python3.12/site-packages/airflow/example_dags/example_display_name.py
[2024-04-17T00:42:01.473+0000] {processor.py:830} INFO - Processing file /home/airflow/.local/lib/python3.12/site-packages/airflow/example_dags/example_display_name.py for tasks to queue
[2024-04-17T00:42:01.476+0000] {logging_mixin.py:188} INFO - [2024-04-17T00:42:01.476+0000] {dagbag.py:540} INFO - Filling up the DagBag from /home/airflow/.local/lib/python3.12/site-packages/airflow/example_dags/example_display_name.py
[2024-04-17T00:42:01.485+0000] {processor.py:840} INFO - DAG(s) 'example_display_name' retrieved from /home/airflow/.local/lib/python3.12/site-packages/airflow/example_dags/example_display_name.py
[2024-04-17T00:42:01.515+0000] {logging_mixin.py:188} INFO - [2024-04-17T00:42:01.515+0000] {dag.py:3096} INFO - Sync 1 DAGs
[2024-04-17T00:42:01.536+0000] {logging_mixin.py:188} INFO - [2024-04-17T00:42:01.536+0000] {dag.py:3954} INFO - Setting next_dagrun for example_display_name to None, run_after=None
[2024-04-17T00:42:01.569+0000] {processor.py:183} INFO - Processing /home/airflow/.local/lib/python3.12/site-packages/airflow/example_dags/example_display_name.py took 0.109 seconds
[2024-04-17T00:42:31.748+0000] {processor.py:161} INFO - Started process (PID=1098) to work on /home/airflow/.local/lib/python3.12/site-packages/airflow/example_dags/example_display_name.py
[2024-04-17T00:42:31.749+0000] {processor.py:830} INFO - Processing file /home/airflow/.local/lib/python3.12/site-packages/airflow/example_dags/example_display_name.py for tasks to queue
[2024-04-17T00:42:31.751+0000] {logging_mixin.py:188} INFO - [2024-04-17T00:42:31.750+0000] {dagbag.py:540} INFO - Filling up the DagBag from /home/airflow/.local/lib/python3.12/site-packages/airflow/example_dags/example_display_name.py
[2024-04-17T00:42:31.755+0000] {processor.py:840} INFO - DAG(s) 'example_display_name' retrieved from /home/airflow/.local/lib/python3.12/site-packages/airflow/example_dags/example_display_name.py
[2024-04-17T00:42:31.772+0000] {logging_mixin.py:188} INFO - [2024-04-17T00:42:31.772+0000] {dag.py:3096} INFO - Sync 1 DAGs
[2024-04-17T00:42:31.786+0000] {logging_mixin.py:188} INFO - [2024-04-17T00:42:31.786+0000] {dag.py:3954} INFO - Setting next_dagrun for example_display_name to None, run_after=None
[2024-04-17T00:42:31.807+0000] {processor.py:183} INFO - Processing /home/airflow/.local/lib/python3.12/site-packages/airflow/example_dags/example_display_name.py took 0.064 seconds
[2024-04-17T00:45:19.895+0000] {processor.py:161} INFO - Started process (PID=324) to work on /home/airflow/.local/lib/python3.12/site-packages/airflow/example_dags/example_display_name.py
[2024-04-17T00:45:19.958+0000] {processor.py:830} INFO - Processing file /home/airflow/.local/lib/python3.12/site-packages/airflow/example_dags/example_display_name.py for tasks to queue
[2024-04-17T00:45:19.962+0000] {logging_mixin.py:188} INFO - [2024-04-17T00:45:19.961+0000] {dagbag.py:540} INFO - Filling up the DagBag from /home/airflow/.local/lib/python3.12/site-packages/airflow/example_dags/example_display_name.py
[2024-04-17T00:45:19.981+0000] {processor.py:840} INFO - DAG(s) 'example_display_name' retrieved from /home/airflow/.local/lib/python3.12/site-packages/airflow/example_dags/example_display_name.py
[2024-04-17T00:45:20.187+0000] {logging_mixin.py:188} INFO - [2024-04-17T00:45:20.187+0000] {dag.py:3096} INFO - Sync 1 DAGs
[2024-04-17T00:45:20.222+0000] {logging_mixin.py:188} INFO - [2024-04-17T00:45:20.222+0000] {dag.py:3954} INFO - Setting next_dagrun for example_display_name to None, run_after=None
[2024-04-17T00:45:20.734+0000] {processor.py:183} INFO - Processing /home/airflow/.local/lib/python3.12/site-packages/airflow/example_dags/example_display_name.py took 0.851 seconds
[2024-04-17T00:45:51.253+0000] {processor.py:161} INFO - Started process (PID=593) to work on /home/airflow/.local/lib/python3.12/site-packages/airflow/example_dags/example_display_name.py
[2024-04-17T00:45:51.254+0000] {processor.py:830} INFO - Processing file /home/airflow/.local/lib/python3.12/site-packages/airflow/example_dags/example_display_name.py for tasks to queue
[2024-04-17T00:45:51.257+0000] {logging_mixin.py:188} INFO - [2024-04-17T00:45:51.257+0000] {dagbag.py:540} INFO - Filling up the DagBag from /home/airflow/.local/lib/python3.12/site-packages/airflow/example_dags/example_display_name.py
[2024-04-17T00:45:51.272+0000] {processor.py:840} INFO - DAG(s) 'example_display_name' retrieved from /home/airflow/.local/lib/python3.12/site-packages/airflow/example_dags/example_display_name.py
[2024-04-17T00:45:51.308+0000] {logging_mixin.py:188} INFO - [2024-04-17T00:45:51.305+0000] {dag.py:3096} INFO - Sync 1 DAGs
[2024-04-17T00:45:51.348+0000] {logging_mixin.py:188} INFO - [2024-04-17T00:45:51.347+0000] {dag.py:3954} INFO - Setting next_dagrun for example_display_name to None, run_after=None
[2024-04-17T00:45:51.464+0000] {processor.py:183} INFO - Processing /home/airflow/.local/lib/python3.12/site-packages/airflow/example_dags/example_display_name.py took 0.228 seconds
[2024-04-17T00:46:21.964+0000] {processor.py:161} INFO - Started process (PID=860) to work on /home/airflow/.local/lib/python3.12/site-packages/airflow/example_dags/example_display_name.py
[2024-04-17T00:46:21.972+0000] {processor.py:830} INFO - Processing file /home/airflow/.local/lib/python3.12/site-packages/airflow/example_dags/example_display_name.py for tasks to queue
[2024-04-17T00:46:21.977+0000] {logging_mixin.py:188} INFO - [2024-04-17T00:46:21.976+0000] {dagbag.py:540} INFO - Filling up the DagBag from /home/airflow/.local/lib/python3.12/site-packages/airflow/example_dags/example_display_name.py
[2024-04-17T00:46:21.983+0000] {processor.py:840} INFO - DAG(s) 'example_display_name' retrieved from /home/airflow/.local/lib/python3.12/site-packages/airflow/example_dags/example_display_name.py
[2024-04-17T00:46:22.016+0000] {logging_mixin.py:188} INFO - [2024-04-17T00:46:22.016+0000] {dag.py:3096} INFO - Sync 1 DAGs
[2024-04-17T00:46:22.033+0000] {logging_mixin.py:188} INFO - [2024-04-17T00:46:22.033+0000] {dag.py:3954} INFO - Setting next_dagrun for example_display_name to None, run_after=None
[2024-04-17T00:46:22.339+0000] {processor.py:183} INFO - Processing /home/airflow/.local/lib/python3.12/site-packages/airflow/example_dags/example_display_name.py took 0.380 seconds
[2024-04-17T00:46:52.664+0000] {processor.py:161} INFO - Started process (PID=1130) to work on /home/airflow/.local/lib/python3.12/site-packages/airflow/example_dags/example_display_name.py
[2024-04-17T00:46:52.665+0000] {processor.py:830} INFO - Processing file /home/airflow/.local/lib/python3.12/site-packages/airflow/example_dags/example_display_name.py for tasks to queue
[2024-04-17T00:46:52.668+0000] {logging_mixin.py:188} INFO - [2024-04-17T00:46:52.667+0000] {dagbag.py:540} INFO - Filling up the DagBag from /home/airflow/.local/lib/python3.12/site-packages/airflow/example_dags/example_display_name.py
[2024-04-17T00:46:52.682+0000] {processor.py:840} INFO - DAG(s) 'example_display_name' retrieved from /home/airflow/.local/lib/python3.12/site-packages/airflow/example_dags/example_display_name.py
[2024-04-17T00:46:52.712+0000] {logging_mixin.py:188} INFO - [2024-04-17T00:46:52.712+0000] {dag.py:3096} INFO - Sync 1 DAGs
[2024-04-17T00:46:52.730+0000] {logging_mixin.py:188} INFO - [2024-04-17T00:46:52.730+0000] {dag.py:3954} INFO - Setting next_dagrun for example_display_name to None, run_after=None
[2024-04-17T00:46:52.976+0000] {processor.py:183} INFO - Processing /home/airflow/.local/lib/python3.12/site-packages/airflow/example_dags/example_display_name.py took 0.318 seconds
[2024-04-17T00:47:23.471+0000] {processor.py:161} INFO - Started process (PID=1397) to work on /home/airflow/.local/lib/python3.12/site-packages/airflow/example_dags/example_display_name.py
[2024-04-17T00:47:23.472+0000] {processor.py:830} INFO - Processing file /home/airflow/.local/lib/python3.12/site-packages/airflow/example_dags/example_display_name.py for tasks to queue
[2024-04-17T00:47:23.474+0000] {logging_mixin.py:188} INFO - [2024-04-17T00:47:23.474+0000] {dagbag.py:540} INFO - Filling up the DagBag from /home/airflow/.local/lib/python3.12/site-packages/airflow/example_dags/example_display_name.py
[2024-04-17T00:47:23.480+0000] {processor.py:840} INFO - DAG(s) 'example_display_name' retrieved from /home/airflow/.local/lib/python3.12/site-packages/airflow/example_dags/example_display_name.py
[2024-04-17T00:47:23.498+0000] {logging_mixin.py:188} INFO - [2024-04-17T00:47:23.498+0000] {dag.py:3096} INFO - Sync 1 DAGs
[2024-04-17T00:47:23.512+0000] {logging_mixin.py:188} INFO - [2024-04-17T00:47:23.512+0000] {dag.py:3954} INFO - Setting next_dagrun for example_display_name to None, run_after=None
[2024-04-17T00:47:23.728+0000] {processor.py:183} INFO - Processing /home/airflow/.local/lib/python3.12/site-packages/airflow/example_dags/example_display_name.py took 0.263 seconds
[2024-04-17T00:47:53.961+0000] {processor.py:161} INFO - Started process (PID=1664) to work on /home/airflow/.local/lib/python3.12/site-packages/airflow/example_dags/example_display_name.py
[2024-04-17T00:47:53.962+0000] {processor.py:830} INFO - Processing file /home/airflow/.local/lib/python3.12/site-packages/airflow/example_dags/example_display_name.py for tasks to queue
[2024-04-17T00:47:53.966+0000] {logging_mixin.py:188} INFO - [2024-04-17T00:47:53.965+0000] {dagbag.py:540} INFO - Filling up the DagBag from /home/airflow/.local/lib/python3.12/site-packages/airflow/example_dags/example_display_name.py
[2024-04-17T00:47:53.972+0000] {processor.py:840} INFO - DAG(s) 'example_display_name' retrieved from /home/airflow/.local/lib/python3.12/site-packages/airflow/example_dags/example_display_name.py
[2024-04-17T00:47:53.995+0000] {logging_mixin.py:188} INFO - [2024-04-17T00:47:53.995+0000] {dag.py:3096} INFO - Sync 1 DAGs
[2024-04-17T00:47:54.011+0000] {logging_mixin.py:188} INFO - [2024-04-17T00:47:54.011+0000] {dag.py:3954} INFO - Setting next_dagrun for example_display_name to None, run_after=None
[2024-04-17T00:47:54.173+0000] {processor.py:183} INFO - Processing /home/airflow/.local/lib/python3.12/site-packages/airflow/example_dags/example_display_name.py took 0.220 seconds
[2024-04-17T00:48:24.401+0000] {processor.py:161} INFO - Started process (PID=1930) to work on /home/airflow/.local/lib/python3.12/site-packages/airflow/example_dags/example_display_name.py
[2024-04-17T00:48:24.402+0000] {processor.py:830} INFO - Processing file /home/airflow/.local/lib/python3.12/site-packages/airflow/example_dags/example_display_name.py for tasks to queue
[2024-04-17T00:48:24.404+0000] {logging_mixin.py:188} INFO - [2024-04-17T00:48:24.403+0000] {dagbag.py:540} INFO - Filling up the DagBag from /home/airflow/.local/lib/python3.12/site-packages/airflow/example_dags/example_display_name.py
[2024-04-17T00:48:24.410+0000] {processor.py:840} INFO - DAG(s) 'example_display_name' retrieved from /home/airflow/.local/lib/python3.12/site-packages/airflow/example_dags/example_display_name.py
[2024-04-17T00:48:24.432+0000] {logging_mixin.py:188} INFO - [2024-04-17T00:48:24.432+0000] {dag.py:3096} INFO - Sync 1 DAGs
[2024-04-17T00:48:24.452+0000] {logging_mixin.py:188} INFO - [2024-04-17T00:48:24.452+0000] {dag.py:3954} INFO - Setting next_dagrun for example_display_name to None, run_after=None
[2024-04-17T00:48:24.523+0000] {processor.py:183} INFO - Processing /home/airflow/.local/lib/python3.12/site-packages/airflow/example_dags/example_display_name.py took 0.128 seconds
