[2024-04-17T00:41:01.312+0000] {processor.py:161} INFO - Started process (PID=343) to work on /home/airflow/.local/lib/python3.12/site-packages/airflow/example_dags/example_python_decorator.py
[2024-04-17T00:41:01.312+0000] {processor.py:830} INFO - Processing file /home/airflow/.local/lib/python3.12/site-packages/airflow/example_dags/example_python_decorator.py for tasks to queue
[2024-04-17T00:41:01.314+0000] {logging_mixin.py:188} INFO - [2024-04-17T00:41:01.314+0000] {dagbag.py:540} INFO - Filling up the DagBag from /home/airflow/.local/lib/python3.12/site-packages/airflow/example_dags/example_python_decorator.py
[2024-04-17T00:41:01.335+0000] {processor.py:840} INFO - DAG(s) 'example_python_decorator' retrieved from /home/airflow/.local/lib/python3.12/site-packages/airflow/example_dags/example_python_decorator.py
[2024-04-17T00:41:01.469+0000] {logging_mixin.py:188} INFO - [2024-04-17T00:41:01.468+0000] {dag.py:3096} INFO - Sync 1 DAGs
[2024-04-17T00:41:01.481+0000] {logging_mixin.py:188} INFO - [2024-04-17T00:41:01.481+0000] {dag.py:3954} INFO - Setting next_dagrun for example_python_decorator to None, run_after=None
[2024-04-17T00:41:01.501+0000] {processor.py:183} INFO - Processing /home/airflow/.local/lib/python3.12/site-packages/airflow/example_dags/example_python_decorator.py took 0.195 seconds
[2024-04-17T00:41:31.583+0000] {processor.py:161} INFO - Started process (PID=604) to work on /home/airflow/.local/lib/python3.12/site-packages/airflow/example_dags/example_python_decorator.py
[2024-04-17T00:41:31.584+0000] {processor.py:830} INFO - Processing file /home/airflow/.local/lib/python3.12/site-packages/airflow/example_dags/example_python_decorator.py for tasks to queue
[2024-04-17T00:41:31.586+0000] {logging_mixin.py:188} INFO - [2024-04-17T00:41:31.586+0000] {dagbag.py:540} INFO - Filling up the DagBag from /home/airflow/.local/lib/python3.12/site-packages/airflow/example_dags/example_python_decorator.py
[2024-04-17T00:41:31.599+0000] {processor.py:840} INFO - DAG(s) 'example_python_decorator' retrieved from /home/airflow/.local/lib/python3.12/site-packages/airflow/example_dags/example_python_decorator.py
[2024-04-17T00:41:31.621+0000] {logging_mixin.py:188} INFO - [2024-04-17T00:41:31.620+0000] {dag.py:3096} INFO - Sync 1 DAGs
[2024-04-17T00:41:31.635+0000] {logging_mixin.py:188} INFO - [2024-04-17T00:41:31.635+0000] {dag.py:3954} INFO - Setting next_dagrun for example_python_decorator to None, run_after=None
[2024-04-17T00:41:31.654+0000] {processor.py:183} INFO - Processing /home/airflow/.local/lib/python3.12/site-packages/airflow/example_dags/example_python_decorator.py took 0.076 seconds
[2024-04-17T00:42:02.108+0000] {processor.py:161} INFO - Started process (PID=868) to work on /home/airflow/.local/lib/python3.12/site-packages/airflow/example_dags/example_python_decorator.py
[2024-04-17T00:42:02.109+0000] {processor.py:830} INFO - Processing file /home/airflow/.local/lib/python3.12/site-packages/airflow/example_dags/example_python_decorator.py for tasks to queue
[2024-04-17T00:42:02.112+0000] {logging_mixin.py:188} INFO - [2024-04-17T00:42:02.111+0000] {dagbag.py:540} INFO - Filling up the DagBag from /home/airflow/.local/lib/python3.12/site-packages/airflow/example_dags/example_python_decorator.py
[2024-04-17T00:42:02.127+0000] {processor.py:840} INFO - DAG(s) 'example_python_decorator' retrieved from /home/airflow/.local/lib/python3.12/site-packages/airflow/example_dags/example_python_decorator.py
[2024-04-17T00:42:02.151+0000] {logging_mixin.py:188} INFO - [2024-04-17T00:42:02.151+0000] {dag.py:3096} INFO - Sync 1 DAGs
[2024-04-17T00:42:02.170+0000] {logging_mixin.py:188} INFO - [2024-04-17T00:42:02.170+0000] {dag.py:3954} INFO - Setting next_dagrun for example_python_decorator to None, run_after=None
[2024-04-17T00:42:02.192+0000] {processor.py:183} INFO - Processing /home/airflow/.local/lib/python3.12/site-packages/airflow/example_dags/example_python_decorator.py took 0.091 seconds
[2024-04-17T00:42:33.135+0000] {processor.py:161} INFO - Started process (PID=1130) to work on /home/airflow/.local/lib/python3.12/site-packages/airflow/example_dags/example_python_decorator.py
[2024-04-17T00:42:33.136+0000] {processor.py:830} INFO - Processing file /home/airflow/.local/lib/python3.12/site-packages/airflow/example_dags/example_python_decorator.py for tasks to queue
[2024-04-17T00:42:33.137+0000] {logging_mixin.py:188} INFO - [2024-04-17T00:42:33.137+0000] {dagbag.py:540} INFO - Filling up the DagBag from /home/airflow/.local/lib/python3.12/site-packages/airflow/example_dags/example_python_decorator.py
[2024-04-17T00:42:33.149+0000] {processor.py:840} INFO - DAG(s) 'example_python_decorator' retrieved from /home/airflow/.local/lib/python3.12/site-packages/airflow/example_dags/example_python_decorator.py
[2024-04-17T00:42:33.170+0000] {logging_mixin.py:188} INFO - [2024-04-17T00:42:33.170+0000] {dag.py:3096} INFO - Sync 1 DAGs
[2024-04-17T00:42:33.182+0000] {logging_mixin.py:188} INFO - [2024-04-17T00:42:33.182+0000] {dag.py:3954} INFO - Setting next_dagrun for example_python_decorator to None, run_after=None
[2024-04-17T00:42:33.203+0000] {processor.py:183} INFO - Processing /home/airflow/.local/lib/python3.12/site-packages/airflow/example_dags/example_python_decorator.py took 0.073 seconds
[2024-04-17T00:45:24.744+0000] {processor.py:161} INFO - Started process (PID=354) to work on /home/airflow/.local/lib/python3.12/site-packages/airflow/example_dags/example_python_decorator.py
[2024-04-17T00:45:24.745+0000] {processor.py:830} INFO - Processing file /home/airflow/.local/lib/python3.12/site-packages/airflow/example_dags/example_python_decorator.py for tasks to queue
[2024-04-17T00:45:24.749+0000] {logging_mixin.py:188} INFO - [2024-04-17T00:45:24.748+0000] {dagbag.py:540} INFO - Filling up the DagBag from /home/airflow/.local/lib/python3.12/site-packages/airflow/example_dags/example_python_decorator.py
[2024-04-17T00:45:24.777+0000] {processor.py:840} INFO - DAG(s) 'example_python_decorator' retrieved from /home/airflow/.local/lib/python3.12/site-packages/airflow/example_dags/example_python_decorator.py
[2024-04-17T00:45:24.897+0000] {logging_mixin.py:188} INFO - [2024-04-17T00:45:24.896+0000] {dag.py:3096} INFO - Sync 1 DAGs
[2024-04-17T00:45:24.914+0000] {logging_mixin.py:188} INFO - [2024-04-17T00:45:24.914+0000] {dag.py:3954} INFO - Setting next_dagrun for example_python_decorator to None, run_after=None
[2024-04-17T00:45:25.383+0000] {processor.py:183} INFO - Processing /home/airflow/.local/lib/python3.12/site-packages/airflow/example_dags/example_python_decorator.py took 0.647 seconds
[2024-04-17T00:45:56.724+0000] {processor.py:161} INFO - Started process (PID=621) to work on /home/airflow/.local/lib/python3.12/site-packages/airflow/example_dags/example_python_decorator.py
[2024-04-17T00:45:56.725+0000] {processor.py:830} INFO - Processing file /home/airflow/.local/lib/python3.12/site-packages/airflow/example_dags/example_python_decorator.py for tasks to queue
[2024-04-17T00:45:56.727+0000] {logging_mixin.py:188} INFO - [2024-04-17T00:45:56.727+0000] {dagbag.py:540} INFO - Filling up the DagBag from /home/airflow/.local/lib/python3.12/site-packages/airflow/example_dags/example_python_decorator.py
[2024-04-17T00:45:56.739+0000] {processor.py:840} INFO - DAG(s) 'example_python_decorator' retrieved from /home/airflow/.local/lib/python3.12/site-packages/airflow/example_dags/example_python_decorator.py
[2024-04-17T00:45:56.767+0000] {logging_mixin.py:188} INFO - [2024-04-17T00:45:56.767+0000] {dag.py:3096} INFO - Sync 1 DAGs
[2024-04-17T00:45:56.780+0000] {logging_mixin.py:188} INFO - [2024-04-17T00:45:56.780+0000] {dag.py:3954} INFO - Setting next_dagrun for example_python_decorator to None, run_after=None
[2024-04-17T00:45:57.204+0000] {processor.py:183} INFO - Processing /home/airflow/.local/lib/python3.12/site-packages/airflow/example_dags/example_python_decorator.py took 0.484 seconds
[2024-04-17T00:46:27.845+0000] {processor.py:161} INFO - Started process (PID=888) to work on /home/airflow/.local/lib/python3.12/site-packages/airflow/example_dags/example_python_decorator.py
[2024-04-17T00:46:27.895+0000] {processor.py:830} INFO - Processing file /home/airflow/.local/lib/python3.12/site-packages/airflow/example_dags/example_python_decorator.py for tasks to queue
[2024-04-17T00:46:27.898+0000] {logging_mixin.py:188} INFO - [2024-04-17T00:46:27.897+0000] {dagbag.py:540} INFO - Filling up the DagBag from /home/airflow/.local/lib/python3.12/site-packages/airflow/example_dags/example_python_decorator.py
[2024-04-17T00:46:27.914+0000] {processor.py:840} INFO - DAG(s) 'example_python_decorator' retrieved from /home/airflow/.local/lib/python3.12/site-packages/airflow/example_dags/example_python_decorator.py
[2024-04-17T00:46:27.944+0000] {logging_mixin.py:188} INFO - [2024-04-17T00:46:27.943+0000] {dag.py:3096} INFO - Sync 1 DAGs
[2024-04-17T00:46:27.964+0000] {logging_mixin.py:188} INFO - [2024-04-17T00:46:27.964+0000] {dag.py:3954} INFO - Setting next_dagrun for example_python_decorator to None, run_after=None
[2024-04-17T00:46:28.202+0000] {processor.py:183} INFO - Processing /home/airflow/.local/lib/python3.12/site-packages/airflow/example_dags/example_python_decorator.py took 0.369 seconds
[2024-04-17T00:46:58.473+0000] {processor.py:161} INFO - Started process (PID=1158) to work on /home/airflow/.local/lib/python3.12/site-packages/airflow/example_dags/example_python_decorator.py
[2024-04-17T00:46:58.474+0000] {processor.py:830} INFO - Processing file /home/airflow/.local/lib/python3.12/site-packages/airflow/example_dags/example_python_decorator.py for tasks to queue
[2024-04-17T00:46:58.476+0000] {logging_mixin.py:188} INFO - [2024-04-17T00:46:58.476+0000] {dagbag.py:540} INFO - Filling up the DagBag from /home/airflow/.local/lib/python3.12/site-packages/airflow/example_dags/example_python_decorator.py
[2024-04-17T00:46:58.494+0000] {processor.py:840} INFO - DAG(s) 'example_python_decorator' retrieved from /home/airflow/.local/lib/python3.12/site-packages/airflow/example_dags/example_python_decorator.py
[2024-04-17T00:46:58.521+0000] {logging_mixin.py:188} INFO - [2024-04-17T00:46:58.520+0000] {dag.py:3096} INFO - Sync 1 DAGs
[2024-04-17T00:46:58.537+0000] {logging_mixin.py:188} INFO - [2024-04-17T00:46:58.536+0000] {dag.py:3954} INFO - Setting next_dagrun for example_python_decorator to None, run_after=None
[2024-04-17T00:46:58.979+0000] {processor.py:183} INFO - Processing /home/airflow/.local/lib/python3.12/site-packages/airflow/example_dags/example_python_decorator.py took 0.515 seconds
[2024-04-17T00:47:29.286+0000] {processor.py:161} INFO - Started process (PID=1427) to work on /home/airflow/.local/lib/python3.12/site-packages/airflow/example_dags/example_python_decorator.py
[2024-04-17T00:47:29.287+0000] {processor.py:830} INFO - Processing file /home/airflow/.local/lib/python3.12/site-packages/airflow/example_dags/example_python_decorator.py for tasks to queue
[2024-04-17T00:47:29.290+0000] {logging_mixin.py:188} INFO - [2024-04-17T00:47:29.289+0000] {dagbag.py:540} INFO - Filling up the DagBag from /home/airflow/.local/lib/python3.12/site-packages/airflow/example_dags/example_python_decorator.py
[2024-04-17T00:47:29.311+0000] {processor.py:840} INFO - DAG(s) 'example_python_decorator' retrieved from /home/airflow/.local/lib/python3.12/site-packages/airflow/example_dags/example_python_decorator.py
[2024-04-17T00:47:29.345+0000] {logging_mixin.py:188} INFO - [2024-04-17T00:47:29.345+0000] {dag.py:3096} INFO - Sync 1 DAGs
[2024-04-17T00:47:29.364+0000] {logging_mixin.py:188} INFO - [2024-04-17T00:47:29.364+0000] {dag.py:3954} INFO - Setting next_dagrun for example_python_decorator to None, run_after=None
[2024-04-17T00:47:29.612+0000] {processor.py:183} INFO - Processing /home/airflow/.local/lib/python3.12/site-packages/airflow/example_dags/example_python_decorator.py took 0.335 seconds
[2024-04-17T00:48:00.100+0000] {processor.py:161} INFO - Started process (PID=1697) to work on /home/airflow/.local/lib/python3.12/site-packages/airflow/example_dags/example_python_decorator.py
[2024-04-17T00:48:00.103+0000] {processor.py:830} INFO - Processing file /home/airflow/.local/lib/python3.12/site-packages/airflow/example_dags/example_python_decorator.py for tasks to queue
[2024-04-17T00:48:00.106+0000] {logging_mixin.py:188} INFO - [2024-04-17T00:48:00.105+0000] {dagbag.py:540} INFO - Filling up the DagBag from /home/airflow/.local/lib/python3.12/site-packages/airflow/example_dags/example_python_decorator.py
[2024-04-17T00:48:00.119+0000] {processor.py:840} INFO - DAG(s) 'example_python_decorator' retrieved from /home/airflow/.local/lib/python3.12/site-packages/airflow/example_dags/example_python_decorator.py
[2024-04-17T00:48:00.143+0000] {logging_mixin.py:188} INFO - [2024-04-17T00:48:00.143+0000] {dag.py:3096} INFO - Sync 1 DAGs
[2024-04-17T00:48:00.160+0000] {logging_mixin.py:188} INFO - [2024-04-17T00:48:00.159+0000] {dag.py:3954} INFO - Setting next_dagrun for example_python_decorator to None, run_after=None
[2024-04-17T00:48:00.926+0000] {processor.py:183} INFO - Processing /home/airflow/.local/lib/python3.12/site-packages/airflow/example_dags/example_python_decorator.py took 0.834 seconds
[2024-04-17T00:48:39.976+0000] {processor.py:161} INFO - Started process (PID=1971) to work on /home/airflow/.local/lib/python3.12/site-packages/airflow/example_dags/example_python_decorator.py
[2024-04-17T00:48:39.977+0000] {processor.py:830} INFO - Processing file /home/airflow/.local/lib/python3.12/site-packages/airflow/example_dags/example_python_decorator.py for tasks to queue
[2024-04-17T00:48:39.979+0000] {logging_mixin.py:188} INFO - [2024-04-17T00:48:39.979+0000] {dagbag.py:540} INFO - Filling up the DagBag from /home/airflow/.local/lib/python3.12/site-packages/airflow/example_dags/example_python_decorator.py
[2024-04-17T00:48:39.996+0000] {processor.py:840} INFO - DAG(s) 'example_python_decorator' retrieved from /home/airflow/.local/lib/python3.12/site-packages/airflow/example_dags/example_python_decorator.py
[2024-04-17T00:48:40.024+0000] {logging_mixin.py:188} INFO - [2024-04-17T00:48:40.023+0000] {dag.py:3096} INFO - Sync 1 DAGs
[2024-04-17T00:48:40.044+0000] {logging_mixin.py:188} INFO - [2024-04-17T00:48:40.044+0000] {dag.py:3954} INFO - Setting next_dagrun for example_python_decorator to None, run_after=None
[2024-04-17T00:48:40.517+0000] {processor.py:183} INFO - Processing /home/airflow/.local/lib/python3.12/site-packages/airflow/example_dags/example_python_decorator.py took 0.548 seconds
