[2024-04-17T00:40:58.800+0000] {processor.py:161} INFO - Started process (PID=273) to work on /home/airflow/.local/lib/python3.12/site-packages/airflow/example_dags/example_short_circuit_operator.py
[2024-04-17T00:40:58.801+0000] {processor.py:830} INFO - Processing file /home/airflow/.local/lib/python3.12/site-packages/airflow/example_dags/example_short_circuit_operator.py for tasks to queue
[2024-04-17T00:40:58.803+0000] {logging_mixin.py:188} INFO - [2024-04-17T00:40:58.803+0000] {dagbag.py:540} INFO - Filling up the DagBag from /home/airflow/.local/lib/python3.12/site-packages/airflow/example_dags/example_short_circuit_operator.py
[2024-04-17T00:40:58.818+0000] {processor.py:840} INFO - DAG(s) 'example_short_circuit_operator' retrieved from /home/airflow/.local/lib/python3.12/site-packages/airflow/example_dags/example_short_circuit_operator.py
[2024-04-17T00:40:58.967+0000] {logging_mixin.py:188} INFO - [2024-04-17T00:40:58.966+0000] {dag.py:3096} INFO - Sync 1 DAGs
[2024-04-17T00:40:59.006+0000] {logging_mixin.py:188} INFO - [2024-04-17T00:40:59.006+0000] {dag.py:3954} INFO - Setting next_dagrun for example_short_circuit_operator to 2024-04-16 00:00:00+00:00, run_after=2024-04-17 00:00:00+00:00
[2024-04-17T00:40:59.044+0000] {processor.py:183} INFO - Processing /home/airflow/.local/lib/python3.12/site-packages/airflow/example_dags/example_short_circuit_operator.py took 0.252 seconds
[2024-04-17T00:41:29.680+0000] {processor.py:161} INFO - Started process (PID=534) to work on /home/airflow/.local/lib/python3.12/site-packages/airflow/example_dags/example_short_circuit_operator.py
[2024-04-17T00:41:29.680+0000] {processor.py:830} INFO - Processing file /home/airflow/.local/lib/python3.12/site-packages/airflow/example_dags/example_short_circuit_operator.py for tasks to queue
[2024-04-17T00:41:29.683+0000] {logging_mixin.py:188} INFO - [2024-04-17T00:41:29.682+0000] {dagbag.py:540} INFO - Filling up the DagBag from /home/airflow/.local/lib/python3.12/site-packages/airflow/example_dags/example_short_circuit_operator.py
[2024-04-17T00:41:29.691+0000] {processor.py:840} INFO - DAG(s) 'example_short_circuit_operator' retrieved from /home/airflow/.local/lib/python3.12/site-packages/airflow/example_dags/example_short_circuit_operator.py
[2024-04-17T00:41:29.712+0000] {logging_mixin.py:188} INFO - [2024-04-17T00:41:29.712+0000] {dag.py:3096} INFO - Sync 1 DAGs
[2024-04-17T00:41:29.737+0000] {logging_mixin.py:188} INFO - [2024-04-17T00:41:29.737+0000] {dag.py:3954} INFO - Setting next_dagrun for example_short_circuit_operator to 2024-04-16 00:00:00+00:00, run_after=2024-04-17 00:00:00+00:00
[2024-04-17T00:41:29.760+0000] {processor.py:183} INFO - Processing /home/airflow/.local/lib/python3.12/site-packages/airflow/example_dags/example_short_circuit_operator.py took 0.086 seconds
[2024-04-17T00:42:00.824+0000] {processor.py:161} INFO - Started process (PID=796) to work on /home/airflow/.local/lib/python3.12/site-packages/airflow/example_dags/example_short_circuit_operator.py
[2024-04-17T00:42:00.825+0000] {processor.py:830} INFO - Processing file /home/airflow/.local/lib/python3.12/site-packages/airflow/example_dags/example_short_circuit_operator.py for tasks to queue
[2024-04-17T00:42:00.827+0000] {logging_mixin.py:188} INFO - [2024-04-17T00:42:00.827+0000] {dagbag.py:540} INFO - Filling up the DagBag from /home/airflow/.local/lib/python3.12/site-packages/airflow/example_dags/example_short_circuit_operator.py
[2024-04-17T00:42:00.837+0000] {processor.py:840} INFO - DAG(s) 'example_short_circuit_operator' retrieved from /home/airflow/.local/lib/python3.12/site-packages/airflow/example_dags/example_short_circuit_operator.py
[2024-04-17T00:42:00.876+0000] {logging_mixin.py:188} INFO - [2024-04-17T00:42:00.876+0000] {dag.py:3096} INFO - Sync 1 DAGs
[2024-04-17T00:42:00.921+0000] {logging_mixin.py:188} INFO - [2024-04-17T00:42:00.921+0000] {dag.py:3954} INFO - Setting next_dagrun for example_short_circuit_operator to 2024-04-16 00:00:00+00:00, run_after=2024-04-17 00:00:00+00:00
[2024-04-17T00:42:00.954+0000] {processor.py:183} INFO - Processing /home/airflow/.local/lib/python3.12/site-packages/airflow/example_dags/example_short_circuit_operator.py took 0.135 seconds
[2024-04-17T00:42:31.323+0000] {processor.py:161} INFO - Started process (PID=1058) to work on /home/airflow/.local/lib/python3.12/site-packages/airflow/example_dags/example_short_circuit_operator.py
[2024-04-17T00:42:31.324+0000] {processor.py:830} INFO - Processing file /home/airflow/.local/lib/python3.12/site-packages/airflow/example_dags/example_short_circuit_operator.py for tasks to queue
[2024-04-17T00:42:31.326+0000] {logging_mixin.py:188} INFO - [2024-04-17T00:42:31.326+0000] {dagbag.py:540} INFO - Filling up the DagBag from /home/airflow/.local/lib/python3.12/site-packages/airflow/example_dags/example_short_circuit_operator.py
[2024-04-17T00:42:31.333+0000] {processor.py:840} INFO - DAG(s) 'example_short_circuit_operator' retrieved from /home/airflow/.local/lib/python3.12/site-packages/airflow/example_dags/example_short_circuit_operator.py
[2024-04-17T00:42:31.358+0000] {logging_mixin.py:188} INFO - [2024-04-17T00:42:31.357+0000] {dag.py:3096} INFO - Sync 1 DAGs
[2024-04-17T00:42:31.379+0000] {logging_mixin.py:188} INFO - [2024-04-17T00:42:31.379+0000] {dag.py:3954} INFO - Setting next_dagrun for example_short_circuit_operator to 2024-04-16 00:00:00+00:00, run_after=2024-04-17 00:00:00+00:00
[2024-04-17T00:42:31.397+0000] {processor.py:183} INFO - Processing /home/airflow/.local/lib/python3.12/site-packages/airflow/example_dags/example_short_circuit_operator.py took 0.079 seconds
[2024-04-17T00:45:15.681+0000] {processor.py:161} INFO - Started process (PID=284) to work on /home/airflow/.local/lib/python3.12/site-packages/airflow/example_dags/example_short_circuit_operator.py
[2024-04-17T00:45:15.684+0000] {processor.py:830} INFO - Processing file /home/airflow/.local/lib/python3.12/site-packages/airflow/example_dags/example_short_circuit_operator.py for tasks to queue
[2024-04-17T00:45:15.689+0000] {logging_mixin.py:188} INFO - [2024-04-17T00:45:15.686+0000] {dagbag.py:540} INFO - Filling up the DagBag from /home/airflow/.local/lib/python3.12/site-packages/airflow/example_dags/example_short_circuit_operator.py
[2024-04-17T00:45:15.708+0000] {processor.py:840} INFO - DAG(s) 'example_short_circuit_operator' retrieved from /home/airflow/.local/lib/python3.12/site-packages/airflow/example_dags/example_short_circuit_operator.py
[2024-04-17T00:45:16.051+0000] {logging_mixin.py:188} INFO - [2024-04-17T00:45:16.050+0000] {dag.py:3096} INFO - Sync 1 DAGs
[2024-04-17T00:45:16.103+0000] {logging_mixin.py:188} INFO - [2024-04-17T00:45:16.103+0000] {dag.py:3954} INFO - Setting next_dagrun for example_short_circuit_operator to 2024-04-16 00:00:00+00:00, run_after=2024-04-17 00:00:00+00:00
[2024-04-17T00:45:17.009+0000] {processor.py:183} INFO - Processing /home/airflow/.local/lib/python3.12/site-packages/airflow/example_dags/example_short_circuit_operator.py took 1.342 seconds
[2024-04-17T00:45:47.694+0000] {processor.py:161} INFO - Started process (PID=551) to work on /home/airflow/.local/lib/python3.12/site-packages/airflow/example_dags/example_short_circuit_operator.py
[2024-04-17T00:45:47.697+0000] {processor.py:830} INFO - Processing file /home/airflow/.local/lib/python3.12/site-packages/airflow/example_dags/example_short_circuit_operator.py for tasks to queue
[2024-04-17T00:45:47.715+0000] {logging_mixin.py:188} INFO - [2024-04-17T00:45:47.714+0000] {dagbag.py:540} INFO - Filling up the DagBag from /home/airflow/.local/lib/python3.12/site-packages/airflow/example_dags/example_short_circuit_operator.py
[2024-04-17T00:45:47.742+0000] {processor.py:840} INFO - DAG(s) 'example_short_circuit_operator' retrieved from /home/airflow/.local/lib/python3.12/site-packages/airflow/example_dags/example_short_circuit_operator.py
[2024-04-17T00:45:47.840+0000] {logging_mixin.py:188} INFO - [2024-04-17T00:45:47.839+0000] {dag.py:3096} INFO - Sync 1 DAGs
[2024-04-17T00:45:47.930+0000] {logging_mixin.py:188} INFO - [2024-04-17T00:45:47.929+0000] {dag.py:3954} INFO - Setting next_dagrun for example_short_circuit_operator to 2024-04-16 00:00:00+00:00, run_after=2024-04-17 00:00:00+00:00
[2024-04-17T00:45:48.093+0000] {processor.py:183} INFO - Processing /home/airflow/.local/lib/python3.12/site-packages/airflow/example_dags/example_short_circuit_operator.py took 0.410 seconds
[2024-04-17T00:46:18.412+0000] {processor.py:161} INFO - Started process (PID=818) to work on /home/airflow/.local/lib/python3.12/site-packages/airflow/example_dags/example_short_circuit_operator.py
[2024-04-17T00:46:18.415+0000] {processor.py:830} INFO - Processing file /home/airflow/.local/lib/python3.12/site-packages/airflow/example_dags/example_short_circuit_operator.py for tasks to queue
[2024-04-17T00:46:18.419+0000] {logging_mixin.py:188} INFO - [2024-04-17T00:46:18.418+0000] {dagbag.py:540} INFO - Filling up the DagBag from /home/airflow/.local/lib/python3.12/site-packages/airflow/example_dags/example_short_circuit_operator.py
[2024-04-17T00:46:18.443+0000] {processor.py:840} INFO - DAG(s) 'example_short_circuit_operator' retrieved from /home/airflow/.local/lib/python3.12/site-packages/airflow/example_dags/example_short_circuit_operator.py
[2024-04-17T00:46:18.514+0000] {logging_mixin.py:188} INFO - [2024-04-17T00:46:18.514+0000] {dag.py:3096} INFO - Sync 1 DAGs
[2024-04-17T00:46:18.574+0000] {logging_mixin.py:188} INFO - [2024-04-17T00:46:18.574+0000] {dag.py:3954} INFO - Setting next_dagrun for example_short_circuit_operator to 2024-04-16 00:00:00+00:00, run_after=2024-04-17 00:00:00+00:00
[2024-04-17T00:46:18.777+0000] {processor.py:183} INFO - Processing /home/airflow/.local/lib/python3.12/site-packages/airflow/example_dags/example_short_circuit_operator.py took 0.380 seconds
[2024-04-17T00:46:49.198+0000] {processor.py:161} INFO - Started process (PID=1090) to work on /home/airflow/.local/lib/python3.12/site-packages/airflow/example_dags/example_short_circuit_operator.py
[2024-04-17T00:46:49.199+0000] {processor.py:830} INFO - Processing file /home/airflow/.local/lib/python3.12/site-packages/airflow/example_dags/example_short_circuit_operator.py for tasks to queue
[2024-04-17T00:46:49.202+0000] {logging_mixin.py:188} INFO - [2024-04-17T00:46:49.201+0000] {dagbag.py:540} INFO - Filling up the DagBag from /home/airflow/.local/lib/python3.12/site-packages/airflow/example_dags/example_short_circuit_operator.py
[2024-04-17T00:46:49.215+0000] {processor.py:840} INFO - DAG(s) 'example_short_circuit_operator' retrieved from /home/airflow/.local/lib/python3.12/site-packages/airflow/example_dags/example_short_circuit_operator.py
[2024-04-17T00:46:49.262+0000] {logging_mixin.py:188} INFO - [2024-04-17T00:46:49.261+0000] {dag.py:3096} INFO - Sync 1 DAGs
[2024-04-17T00:46:49.296+0000] {logging_mixin.py:188} INFO - [2024-04-17T00:46:49.296+0000] {dag.py:3954} INFO - Setting next_dagrun for example_short_circuit_operator to 2024-04-16 00:00:00+00:00, run_after=2024-04-17 00:00:00+00:00
[2024-04-17T00:46:49.587+0000] {processor.py:183} INFO - Processing /home/airflow/.local/lib/python3.12/site-packages/airflow/example_dags/example_short_circuit_operator.py took 0.396 seconds
[2024-04-17T00:47:19.850+0000] {processor.py:161} INFO - Started process (PID=1355) to work on /home/airflow/.local/lib/python3.12/site-packages/airflow/example_dags/example_short_circuit_operator.py
[2024-04-17T00:47:19.851+0000] {processor.py:830} INFO - Processing file /home/airflow/.local/lib/python3.12/site-packages/airflow/example_dags/example_short_circuit_operator.py for tasks to queue
[2024-04-17T00:47:19.853+0000] {logging_mixin.py:188} INFO - [2024-04-17T00:47:19.852+0000] {dagbag.py:540} INFO - Filling up the DagBag from /home/airflow/.local/lib/python3.12/site-packages/airflow/example_dags/example_short_circuit_operator.py
[2024-04-17T00:47:19.862+0000] {processor.py:840} INFO - DAG(s) 'example_short_circuit_operator' retrieved from /home/airflow/.local/lib/python3.12/site-packages/airflow/example_dags/example_short_circuit_operator.py
[2024-04-17T00:47:19.887+0000] {logging_mixin.py:188} INFO - [2024-04-17T00:47:19.887+0000] {dag.py:3096} INFO - Sync 1 DAGs
[2024-04-17T00:47:19.913+0000] {logging_mixin.py:188} INFO - [2024-04-17T00:47:19.913+0000] {dag.py:3954} INFO - Setting next_dagrun for example_short_circuit_operator to 2024-04-16 00:00:00+00:00, run_after=2024-04-17 00:00:00+00:00
[2024-04-17T00:47:20.102+0000] {processor.py:183} INFO - Processing /home/airflow/.local/lib/python3.12/site-packages/airflow/example_dags/example_short_circuit_operator.py took 0.258 seconds
[2024-04-17T00:47:50.407+0000] {processor.py:161} INFO - Started process (PID=1622) to work on /home/airflow/.local/lib/python3.12/site-packages/airflow/example_dags/example_short_circuit_operator.py
[2024-04-17T00:47:50.408+0000] {processor.py:830} INFO - Processing file /home/airflow/.local/lib/python3.12/site-packages/airflow/example_dags/example_short_circuit_operator.py for tasks to queue
[2024-04-17T00:47:50.410+0000] {logging_mixin.py:188} INFO - [2024-04-17T00:47:50.410+0000] {dagbag.py:540} INFO - Filling up the DagBag from /home/airflow/.local/lib/python3.12/site-packages/airflow/example_dags/example_short_circuit_operator.py
[2024-04-17T00:47:50.418+0000] {processor.py:840} INFO - DAG(s) 'example_short_circuit_operator' retrieved from /home/airflow/.local/lib/python3.12/site-packages/airflow/example_dags/example_short_circuit_operator.py
[2024-04-17T00:47:50.444+0000] {logging_mixin.py:188} INFO - [2024-04-17T00:47:50.443+0000] {dag.py:3096} INFO - Sync 1 DAGs
[2024-04-17T00:47:50.468+0000] {logging_mixin.py:188} INFO - [2024-04-17T00:47:50.468+0000] {dag.py:3954} INFO - Setting next_dagrun for example_short_circuit_operator to 2024-04-16 00:00:00+00:00, run_after=2024-04-17 00:00:00+00:00
[2024-04-17T00:47:50.576+0000] {processor.py:183} INFO - Processing /home/airflow/.local/lib/python3.12/site-packages/airflow/example_dags/example_short_circuit_operator.py took 0.175 seconds
[2024-04-17T00:48:20.927+0000] {processor.py:161} INFO - Started process (PID=1887) to work on /home/airflow/.local/lib/python3.12/site-packages/airflow/example_dags/example_short_circuit_operator.py
[2024-04-17T00:48:20.929+0000] {processor.py:830} INFO - Processing file /home/airflow/.local/lib/python3.12/site-packages/airflow/example_dags/example_short_circuit_operator.py for tasks to queue
[2024-04-17T00:48:20.935+0000] {logging_mixin.py:188} INFO - [2024-04-17T00:48:20.934+0000] {dagbag.py:540} INFO - Filling up the DagBag from /home/airflow/.local/lib/python3.12/site-packages/airflow/example_dags/example_short_circuit_operator.py
[2024-04-17T00:48:20.946+0000] {processor.py:840} INFO - DAG(s) 'example_short_circuit_operator' retrieved from /home/airflow/.local/lib/python3.12/site-packages/airflow/example_dags/example_short_circuit_operator.py
[2024-04-17T00:48:20.982+0000] {logging_mixin.py:188} INFO - [2024-04-17T00:48:20.982+0000] {dag.py:3096} INFO - Sync 1 DAGs
[2024-04-17T00:48:21.023+0000] {logging_mixin.py:188} INFO - [2024-04-17T00:48:21.023+0000] {dag.py:3954} INFO - Setting next_dagrun for example_short_circuit_operator to 2024-04-16 00:00:00+00:00, run_after=2024-04-17 00:00:00+00:00
[2024-04-17T00:48:21.060+0000] {processor.py:183} INFO - Processing /home/airflow/.local/lib/python3.12/site-packages/airflow/example_dags/example_short_circuit_operator.py took 0.141 seconds
