[2024-04-17T00:41:01.163+0000] {processor.py:161} INFO - Started process (PID=338) to work on /home/airflow/.local/lib/python3.12/site-packages/airflow/example_dags/example_external_task_marker_dag.py
[2024-04-17T00:41:01.164+0000] {processor.py:830} INFO - Processing file /home/airflow/.local/lib/python3.12/site-packages/airflow/example_dags/example_external_task_marker_dag.py for tasks to queue
[2024-04-17T00:41:01.166+0000] {logging_mixin.py:188} INFO - [2024-04-17T00:41:01.166+0000] {dagbag.py:540} INFO - Filling up the DagBag from /home/airflow/.local/lib/python3.12/site-packages/airflow/example_dags/example_external_task_marker_dag.py
[2024-04-17T00:41:01.177+0000] {processor.py:840} INFO - DAG(s) 'example_external_task_marker_child', 'example_external_task_marker_parent' retrieved from /home/airflow/.local/lib/python3.12/site-packages/airflow/example_dags/example_external_task_marker_dag.py
[2024-04-17T00:41:01.312+0000] {logging_mixin.py:188} INFO - [2024-04-17T00:41:01.311+0000] {dag.py:3096} INFO - Sync 2 DAGs
[2024-04-17T00:41:01.325+0000] {logging_mixin.py:188} INFO - [2024-04-17T00:41:01.324+0000] {dag.py:3954} INFO - Setting next_dagrun for example_external_task_marker_child to None, run_after=None
[2024-04-17T00:41:01.328+0000] {logging_mixin.py:188} INFO - [2024-04-17T00:41:01.328+0000] {dag.py:3954} INFO - Setting next_dagrun for example_external_task_marker_parent to None, run_after=None
[2024-04-17T00:41:01.349+0000] {processor.py:183} INFO - Processing /home/airflow/.local/lib/python3.12/site-packages/airflow/example_dags/example_external_task_marker_dag.py took 0.192 seconds
[2024-04-17T00:41:31.546+0000] {processor.py:161} INFO - Started process (PID=599) to work on /home/airflow/.local/lib/python3.12/site-packages/airflow/example_dags/example_external_task_marker_dag.py
[2024-04-17T00:41:31.547+0000] {processor.py:830} INFO - Processing file /home/airflow/.local/lib/python3.12/site-packages/airflow/example_dags/example_external_task_marker_dag.py for tasks to queue
[2024-04-17T00:41:31.549+0000] {logging_mixin.py:188} INFO - [2024-04-17T00:41:31.549+0000] {dagbag.py:540} INFO - Filling up the DagBag from /home/airflow/.local/lib/python3.12/site-packages/airflow/example_dags/example_external_task_marker_dag.py
[2024-04-17T00:41:31.554+0000] {processor.py:840} INFO - DAG(s) 'example_external_task_marker_child', 'example_external_task_marker_parent' retrieved from /home/airflow/.local/lib/python3.12/site-packages/airflow/example_dags/example_external_task_marker_dag.py
[2024-04-17T00:41:31.578+0000] {logging_mixin.py:188} INFO - [2024-04-17T00:41:31.577+0000] {dag.py:3096} INFO - Sync 2 DAGs
[2024-04-17T00:41:31.592+0000] {logging_mixin.py:188} INFO - [2024-04-17T00:41:31.592+0000] {dag.py:3954} INFO - Setting next_dagrun for example_external_task_marker_child to None, run_after=None
[2024-04-17T00:41:31.596+0000] {logging_mixin.py:188} INFO - [2024-04-17T00:41:31.596+0000] {dag.py:3954} INFO - Setting next_dagrun for example_external_task_marker_parent to None, run_after=None
[2024-04-17T00:41:31.614+0000] {processor.py:183} INFO - Processing /home/airflow/.local/lib/python3.12/site-packages/airflow/example_dags/example_external_task_marker_dag.py took 0.074 seconds
[2024-04-17T00:42:01.937+0000] {processor.py:161} INFO - Started process (PID=863) to work on /home/airflow/.local/lib/python3.12/site-packages/airflow/example_dags/example_external_task_marker_dag.py
[2024-04-17T00:42:01.938+0000] {processor.py:830} INFO - Processing file /home/airflow/.local/lib/python3.12/site-packages/airflow/example_dags/example_external_task_marker_dag.py for tasks to queue
[2024-04-17T00:42:01.940+0000] {logging_mixin.py:188} INFO - [2024-04-17T00:42:01.940+0000] {dagbag.py:540} INFO - Filling up the DagBag from /home/airflow/.local/lib/python3.12/site-packages/airflow/example_dags/example_external_task_marker_dag.py
[2024-04-17T00:42:01.949+0000] {processor.py:840} INFO - DAG(s) 'example_external_task_marker_child', 'example_external_task_marker_parent' retrieved from /home/airflow/.local/lib/python3.12/site-packages/airflow/example_dags/example_external_task_marker_dag.py
[2024-04-17T00:42:02.000+0000] {logging_mixin.py:188} INFO - [2024-04-17T00:42:01.993+0000] {dag.py:3096} INFO - Sync 2 DAGs
[2024-04-17T00:42:02.027+0000] {logging_mixin.py:188} INFO - [2024-04-17T00:42:02.026+0000] {dag.py:3954} INFO - Setting next_dagrun for example_external_task_marker_child to None, run_after=None
[2024-04-17T00:42:02.037+0000] {logging_mixin.py:188} INFO - [2024-04-17T00:42:02.036+0000] {dag.py:3954} INFO - Setting next_dagrun for example_external_task_marker_parent to None, run_after=None
[2024-04-17T00:42:02.066+0000] {processor.py:183} INFO - Processing /home/airflow/.local/lib/python3.12/site-packages/airflow/example_dags/example_external_task_marker_dag.py took 0.136 seconds
[2024-04-17T00:42:32.095+0000] {processor.py:161} INFO - Started process (PID=1123) to work on /home/airflow/.local/lib/python3.12/site-packages/airflow/example_dags/example_external_task_marker_dag.py
[2024-04-17T00:42:32.096+0000] {processor.py:830} INFO - Processing file /home/airflow/.local/lib/python3.12/site-packages/airflow/example_dags/example_external_task_marker_dag.py for tasks to queue
[2024-04-17T00:42:32.098+0000] {logging_mixin.py:188} INFO - [2024-04-17T00:42:32.097+0000] {dagbag.py:540} INFO - Filling up the DagBag from /home/airflow/.local/lib/python3.12/site-packages/airflow/example_dags/example_external_task_marker_dag.py
[2024-04-17T00:42:32.103+0000] {processor.py:840} INFO - DAG(s) 'example_external_task_marker_child', 'example_external_task_marker_parent' retrieved from /home/airflow/.local/lib/python3.12/site-packages/airflow/example_dags/example_external_task_marker_dag.py
[2024-04-17T00:42:32.123+0000] {logging_mixin.py:188} INFO - [2024-04-17T00:42:32.123+0000] {dag.py:3096} INFO - Sync 2 DAGs
[2024-04-17T00:42:32.137+0000] {logging_mixin.py:188} INFO - [2024-04-17T00:42:32.136+0000] {dag.py:3954} INFO - Setting next_dagrun for example_external_task_marker_child to None, run_after=None
[2024-04-17T00:42:32.140+0000] {logging_mixin.py:188} INFO - [2024-04-17T00:42:32.140+0000] {dag.py:3954} INFO - Setting next_dagrun for example_external_task_marker_parent to None, run_after=None
[2024-04-17T00:42:32.156+0000] {processor.py:183} INFO - Processing /home/airflow/.local/lib/python3.12/site-packages/airflow/example_dags/example_external_task_marker_dag.py took 0.066 seconds
[2024-04-17T00:45:23.927+0000] {processor.py:161} INFO - Started process (PID=351) to work on /home/airflow/.local/lib/python3.12/site-packages/airflow/example_dags/example_external_task_marker_dag.py
[2024-04-17T00:45:23.928+0000] {processor.py:830} INFO - Processing file /home/airflow/.local/lib/python3.12/site-packages/airflow/example_dags/example_external_task_marker_dag.py for tasks to queue
[2024-04-17T00:45:23.930+0000] {logging_mixin.py:188} INFO - [2024-04-17T00:45:23.929+0000] {dagbag.py:540} INFO - Filling up the DagBag from /home/airflow/.local/lib/python3.12/site-packages/airflow/example_dags/example_external_task_marker_dag.py
[2024-04-17T00:45:23.939+0000] {processor.py:840} INFO - DAG(s) 'example_external_task_marker_parent', 'example_external_task_marker_child' retrieved from /home/airflow/.local/lib/python3.12/site-packages/airflow/example_dags/example_external_task_marker_dag.py
[2024-04-17T00:45:24.125+0000] {logging_mixin.py:188} INFO - [2024-04-17T00:45:24.125+0000] {dag.py:3096} INFO - Sync 2 DAGs
[2024-04-17T00:45:24.144+0000] {logging_mixin.py:188} INFO - [2024-04-17T00:45:24.144+0000] {dag.py:3954} INFO - Setting next_dagrun for example_external_task_marker_child to None, run_after=None
[2024-04-17T00:45:24.151+0000] {logging_mixin.py:188} INFO - [2024-04-17T00:45:24.151+0000] {dag.py:3954} INFO - Setting next_dagrun for example_external_task_marker_parent to None, run_after=None
[2024-04-17T00:45:24.744+0000] {processor.py:183} INFO - Processing /home/airflow/.local/lib/python3.12/site-packages/airflow/example_dags/example_external_task_marker_dag.py took 0.823 seconds
[2024-04-17T00:45:56.236+0000] {processor.py:161} INFO - Started process (PID=618) to work on /home/airflow/.local/lib/python3.12/site-packages/airflow/example_dags/example_external_task_marker_dag.py
[2024-04-17T00:45:56.241+0000] {processor.py:830} INFO - Processing file /home/airflow/.local/lib/python3.12/site-packages/airflow/example_dags/example_external_task_marker_dag.py for tasks to queue
[2024-04-17T00:45:56.244+0000] {logging_mixin.py:188} INFO - [2024-04-17T00:45:56.243+0000] {dagbag.py:540} INFO - Filling up the DagBag from /home/airflow/.local/lib/python3.12/site-packages/airflow/example_dags/example_external_task_marker_dag.py
[2024-04-17T00:45:56.254+0000] {processor.py:840} INFO - DAG(s) 'example_external_task_marker_child', 'example_external_task_marker_parent' retrieved from /home/airflow/.local/lib/python3.12/site-packages/airflow/example_dags/example_external_task_marker_dag.py
[2024-04-17T00:45:56.283+0000] {logging_mixin.py:188} INFO - [2024-04-17T00:45:56.283+0000] {dag.py:3096} INFO - Sync 2 DAGs
[2024-04-17T00:45:56.311+0000] {logging_mixin.py:188} INFO - [2024-04-17T00:45:56.310+0000] {dag.py:3954} INFO - Setting next_dagrun for example_external_task_marker_child to None, run_after=None
[2024-04-17T00:45:56.316+0000] {logging_mixin.py:188} INFO - [2024-04-17T00:45:56.315+0000] {dag.py:3954} INFO - Setting next_dagrun for example_external_task_marker_parent to None, run_after=None
[2024-04-17T00:45:57.007+0000] {processor.py:183} INFO - Processing /home/airflow/.local/lib/python3.12/site-packages/airflow/example_dags/example_external_task_marker_dag.py took 0.778 seconds
[2024-04-17T00:46:27.839+0000] {processor.py:161} INFO - Started process (PID=885) to work on /home/airflow/.local/lib/python3.12/site-packages/airflow/example_dags/example_external_task_marker_dag.py
[2024-04-17T00:46:27.895+0000] {processor.py:830} INFO - Processing file /home/airflow/.local/lib/python3.12/site-packages/airflow/example_dags/example_external_task_marker_dag.py for tasks to queue
[2024-04-17T00:46:27.898+0000] {logging_mixin.py:188} INFO - [2024-04-17T00:46:27.897+0000] {dagbag.py:540} INFO - Filling up the DagBag from /home/airflow/.local/lib/python3.12/site-packages/airflow/example_dags/example_external_task_marker_dag.py
[2024-04-17T00:46:27.907+0000] {processor.py:840} INFO - DAG(s) 'example_external_task_marker_parent', 'example_external_task_marker_child' retrieved from /home/airflow/.local/lib/python3.12/site-packages/airflow/example_dags/example_external_task_marker_dag.py
[2024-04-17T00:46:27.937+0000] {logging_mixin.py:188} INFO - [2024-04-17T00:46:27.936+0000] {dag.py:3096} INFO - Sync 2 DAGs
[2024-04-17T00:46:27.959+0000] {logging_mixin.py:188} INFO - [2024-04-17T00:46:27.959+0000] {dag.py:3954} INFO - Setting next_dagrun for example_external_task_marker_child to None, run_after=None
[2024-04-17T00:46:27.963+0000] {logging_mixin.py:188} INFO - [2024-04-17T00:46:27.963+0000] {dag.py:3954} INFO - Setting next_dagrun for example_external_task_marker_parent to None, run_after=None
[2024-04-17T00:46:28.205+0000] {processor.py:183} INFO - Processing /home/airflow/.local/lib/python3.12/site-packages/airflow/example_dags/example_external_task_marker_dag.py took 0.376 seconds
[2024-04-17T00:46:58.472+0000] {processor.py:161} INFO - Started process (PID=1155) to work on /home/airflow/.local/lib/python3.12/site-packages/airflow/example_dags/example_external_task_marker_dag.py
[2024-04-17T00:46:58.473+0000] {processor.py:830} INFO - Processing file /home/airflow/.local/lib/python3.12/site-packages/airflow/example_dags/example_external_task_marker_dag.py for tasks to queue
[2024-04-17T00:46:58.475+0000] {logging_mixin.py:188} INFO - [2024-04-17T00:46:58.474+0000] {dagbag.py:540} INFO - Filling up the DagBag from /home/airflow/.local/lib/python3.12/site-packages/airflow/example_dags/example_external_task_marker_dag.py
[2024-04-17T00:46:58.481+0000] {processor.py:840} INFO - DAG(s) 'example_external_task_marker_child', 'example_external_task_marker_parent' retrieved from /home/airflow/.local/lib/python3.12/site-packages/airflow/example_dags/example_external_task_marker_dag.py
[2024-04-17T00:46:58.512+0000] {logging_mixin.py:188} INFO - [2024-04-17T00:46:58.511+0000] {dag.py:3096} INFO - Sync 2 DAGs
[2024-04-17T00:46:58.529+0000] {logging_mixin.py:188} INFO - [2024-04-17T00:46:58.528+0000] {dag.py:3954} INFO - Setting next_dagrun for example_external_task_marker_child to None, run_after=None
[2024-04-17T00:46:58.534+0000] {logging_mixin.py:188} INFO - [2024-04-17T00:46:58.533+0000] {dag.py:3954} INFO - Setting next_dagrun for example_external_task_marker_parent to None, run_after=None
[2024-04-17T00:46:58.753+0000] {processor.py:183} INFO - Processing /home/airflow/.local/lib/python3.12/site-packages/airflow/example_dags/example_external_task_marker_dag.py took 0.289 seconds
[2024-04-17T00:47:29.099+0000] {processor.py:161} INFO - Started process (PID=1422) to work on /home/airflow/.local/lib/python3.12/site-packages/airflow/example_dags/example_external_task_marker_dag.py
[2024-04-17T00:47:29.101+0000] {processor.py:830} INFO - Processing file /home/airflow/.local/lib/python3.12/site-packages/airflow/example_dags/example_external_task_marker_dag.py for tasks to queue
[2024-04-17T00:47:29.104+0000] {logging_mixin.py:188} INFO - [2024-04-17T00:47:29.103+0000] {dagbag.py:540} INFO - Filling up the DagBag from /home/airflow/.local/lib/python3.12/site-packages/airflow/example_dags/example_external_task_marker_dag.py
[2024-04-17T00:47:29.118+0000] {processor.py:840} INFO - DAG(s) 'example_external_task_marker_parent', 'example_external_task_marker_child' retrieved from /home/airflow/.local/lib/python3.12/site-packages/airflow/example_dags/example_external_task_marker_dag.py
[2024-04-17T00:47:29.154+0000] {logging_mixin.py:188} INFO - [2024-04-17T00:47:29.154+0000] {dag.py:3096} INFO - Sync 2 DAGs
[2024-04-17T00:47:29.177+0000] {logging_mixin.py:188} INFO - [2024-04-17T00:47:29.176+0000] {dag.py:3954} INFO - Setting next_dagrun for example_external_task_marker_child to None, run_after=None
[2024-04-17T00:47:29.185+0000] {logging_mixin.py:188} INFO - [2024-04-17T00:47:29.184+0000] {dag.py:3954} INFO - Setting next_dagrun for example_external_task_marker_parent to None, run_after=None
[2024-04-17T00:47:29.233+0000] {processor.py:183} INFO - Processing /home/airflow/.local/lib/python3.12/site-packages/airflow/example_dags/example_external_task_marker_dag.py took 0.141 seconds
[2024-04-17T00:47:59.603+0000] {processor.py:161} INFO - Started process (PID=1689) to work on /home/airflow/.local/lib/python3.12/site-packages/airflow/example_dags/example_external_task_marker_dag.py
[2024-04-17T00:47:59.603+0000] {processor.py:830} INFO - Processing file /home/airflow/.local/lib/python3.12/site-packages/airflow/example_dags/example_external_task_marker_dag.py for tasks to queue
[2024-04-17T00:47:59.605+0000] {logging_mixin.py:188} INFO - [2024-04-17T00:47:59.605+0000] {dagbag.py:540} INFO - Filling up the DagBag from /home/airflow/.local/lib/python3.12/site-packages/airflow/example_dags/example_external_task_marker_dag.py
[2024-04-17T00:47:59.610+0000] {processor.py:840} INFO - DAG(s) 'example_external_task_marker_parent', 'example_external_task_marker_child' retrieved from /home/airflow/.local/lib/python3.12/site-packages/airflow/example_dags/example_external_task_marker_dag.py
[2024-04-17T00:47:59.651+0000] {logging_mixin.py:188} INFO - [2024-04-17T00:47:59.650+0000] {dag.py:3096} INFO - Sync 2 DAGs
[2024-04-17T00:47:59.669+0000] {logging_mixin.py:188} INFO - [2024-04-17T00:47:59.669+0000] {dag.py:3954} INFO - Setting next_dagrun for example_external_task_marker_child to None, run_after=None
[2024-04-17T00:47:59.674+0000] {logging_mixin.py:188} INFO - [2024-04-17T00:47:59.674+0000] {dag.py:3954} INFO - Setting next_dagrun for example_external_task_marker_parent to None, run_after=None
[2024-04-17T00:48:00.595+0000] {processor.py:183} INFO - Processing /home/airflow/.local/lib/python3.12/site-packages/airflow/example_dags/example_external_task_marker_dag.py took 0.998 seconds
[2024-04-17T00:48:31.193+0000] {processor.py:161} INFO - Started process (PID=1955) to work on /home/airflow/.local/lib/python3.12/site-packages/airflow/example_dags/example_external_task_marker_dag.py
[2024-04-17T00:48:31.194+0000] {processor.py:830} INFO - Processing file /home/airflow/.local/lib/python3.12/site-packages/airflow/example_dags/example_external_task_marker_dag.py for tasks to queue
[2024-04-17T00:48:31.197+0000] {logging_mixin.py:188} INFO - [2024-04-17T00:48:31.197+0000] {dagbag.py:540} INFO - Filling up the DagBag from /home/airflow/.local/lib/python3.12/site-packages/airflow/example_dags/example_external_task_marker_dag.py
[2024-04-17T00:48:31.204+0000] {processor.py:840} INFO - DAG(s) 'example_external_task_marker_child', 'example_external_task_marker_parent' retrieved from /home/airflow/.local/lib/python3.12/site-packages/airflow/example_dags/example_external_task_marker_dag.py
[2024-04-17T00:48:31.236+0000] {logging_mixin.py:188} INFO - [2024-04-17T00:48:31.236+0000] {dag.py:3096} INFO - Sync 2 DAGs
[2024-04-17T00:48:31.260+0000] {logging_mixin.py:188} INFO - [2024-04-17T00:48:31.260+0000] {dag.py:3954} INFO - Setting next_dagrun for example_external_task_marker_child to None, run_after=None
[2024-04-17T00:48:31.265+0000] {logging_mixin.py:188} INFO - [2024-04-17T00:48:31.265+0000] {dag.py:3954} INFO - Setting next_dagrun for example_external_task_marker_parent to None, run_after=None
[2024-04-17T00:48:39.930+0000] {processor.py:183} INFO - Processing /home/airflow/.local/lib/python3.12/site-packages/airflow/example_dags/example_external_task_marker_dag.py took 8.744 seconds
