[2024-04-17T00:40:57.205+0000] {processor.py:161} INFO - Started process (PID=203) to work on /home/airflow/.local/lib/python3.12/site-packages/airflow/example_dags/example_branch_operator.py
[2024-04-17T00:40:57.206+0000] {processor.py:830} INFO - Processing file /home/airflow/.local/lib/python3.12/site-packages/airflow/example_dags/example_branch_operator.py for tasks to queue
[2024-04-17T00:40:57.208+0000] {logging_mixin.py:188} INFO - [2024-04-17T00:40:57.208+0000] {dagbag.py:540} INFO - Filling up the DagBag from /home/airflow/.local/lib/python3.12/site-packages/airflow/example_dags/example_branch_operator.py
[2024-04-17T00:40:57.238+0000] {processor.py:840} INFO - DAG(s) 'example_branch_operator' retrieved from /home/airflow/.local/lib/python3.12/site-packages/airflow/example_dags/example_branch_operator.py
[2024-04-17T00:40:57.252+0000] {logging_mixin.py:188} INFO - [2024-04-17T00:40:57.251+0000] {dag.py:3096} INFO - Sync 1 DAGs
[2024-04-17T00:40:57.296+0000] {logging_mixin.py:188} INFO - [2024-04-17T00:40:57.296+0000] {dag.py:3954} INFO - Setting next_dagrun for example_branch_operator to 2024-04-16 00:00:00+00:00, run_after=2024-04-17 00:00:00+00:00
[2024-04-17T00:40:57.338+0000] {processor.py:183} INFO - Processing /home/airflow/.local/lib/python3.12/site-packages/airflow/example_dags/example_branch_operator.py took 0.139 seconds
[2024-04-17T00:41:27.983+0000] {processor.py:161} INFO - Started process (PID=464) to work on /home/airflow/.local/lib/python3.12/site-packages/airflow/example_dags/example_branch_operator.py
[2024-04-17T00:41:27.984+0000] {processor.py:830} INFO - Processing file /home/airflow/.local/lib/python3.12/site-packages/airflow/example_dags/example_branch_operator.py for tasks to queue
[2024-04-17T00:41:27.988+0000] {logging_mixin.py:188} INFO - [2024-04-17T00:41:27.987+0000] {dagbag.py:540} INFO - Filling up the DagBag from /home/airflow/.local/lib/python3.12/site-packages/airflow/example_dags/example_branch_operator.py
[2024-04-17T00:41:28.036+0000] {processor.py:840} INFO - DAG(s) 'example_branch_operator' retrieved from /home/airflow/.local/lib/python3.12/site-packages/airflow/example_dags/example_branch_operator.py
[2024-04-17T00:41:28.309+0000] {logging_mixin.py:188} INFO - [2024-04-17T00:41:28.309+0000] {dag.py:3096} INFO - Sync 1 DAGs
[2024-04-17T00:41:28.331+0000] {logging_mixin.py:188} INFO - [2024-04-17T00:41:28.331+0000] {dag.py:3954} INFO - Setting next_dagrun for example_branch_operator to 2024-04-16 00:00:00+00:00, run_after=2024-04-17 00:00:00+00:00
[2024-04-17T00:41:28.360+0000] {processor.py:183} INFO - Processing /home/airflow/.local/lib/python3.12/site-packages/airflow/example_dags/example_branch_operator.py took 0.389 seconds
[2024-04-17T00:41:58.817+0000] {processor.py:161} INFO - Started process (PID=728) to work on /home/airflow/.local/lib/python3.12/site-packages/airflow/example_dags/example_branch_operator.py
[2024-04-17T00:41:58.818+0000] {processor.py:830} INFO - Processing file /home/airflow/.local/lib/python3.12/site-packages/airflow/example_dags/example_branch_operator.py for tasks to queue
[2024-04-17T00:41:58.819+0000] {logging_mixin.py:188} INFO - [2024-04-17T00:41:58.819+0000] {dagbag.py:540} INFO - Filling up the DagBag from /home/airflow/.local/lib/python3.12/site-packages/airflow/example_dags/example_branch_operator.py
[2024-04-17T00:41:58.835+0000] {processor.py:840} INFO - DAG(s) 'example_branch_operator' retrieved from /home/airflow/.local/lib/python3.12/site-packages/airflow/example_dags/example_branch_operator.py
[2024-04-17T00:41:58.863+0000] {logging_mixin.py:188} INFO - [2024-04-17T00:41:58.863+0000] {dag.py:3096} INFO - Sync 1 DAGs
[2024-04-17T00:41:58.887+0000] {logging_mixin.py:188} INFO - [2024-04-17T00:41:58.887+0000] {dag.py:3954} INFO - Setting next_dagrun for example_branch_operator to 2024-04-16 00:00:00+00:00, run_after=2024-04-17 00:00:00+00:00
[2024-04-17T00:41:58.910+0000] {processor.py:183} INFO - Processing /home/airflow/.local/lib/python3.12/site-packages/airflow/example_dags/example_branch_operator.py took 0.098 seconds
[2024-04-17T00:42:29.409+0000] {processor.py:161} INFO - Started process (PID=990) to work on /home/airflow/.local/lib/python3.12/site-packages/airflow/example_dags/example_branch_operator.py
[2024-04-17T00:42:29.410+0000] {processor.py:830} INFO - Processing file /home/airflow/.local/lib/python3.12/site-packages/airflow/example_dags/example_branch_operator.py for tasks to queue
[2024-04-17T00:42:29.412+0000] {logging_mixin.py:188} INFO - [2024-04-17T00:42:29.412+0000] {dagbag.py:540} INFO - Filling up the DagBag from /home/airflow/.local/lib/python3.12/site-packages/airflow/example_dags/example_branch_operator.py
[2024-04-17T00:42:29.428+0000] {processor.py:840} INFO - DAG(s) 'example_branch_operator' retrieved from /home/airflow/.local/lib/python3.12/site-packages/airflow/example_dags/example_branch_operator.py
[2024-04-17T00:42:29.458+0000] {logging_mixin.py:188} INFO - [2024-04-17T00:42:29.458+0000] {dag.py:3096} INFO - Sync 1 DAGs
[2024-04-17T00:42:29.481+0000] {logging_mixin.py:188} INFO - [2024-04-17T00:42:29.481+0000] {dag.py:3954} INFO - Setting next_dagrun for example_branch_operator to 2024-04-16 00:00:00+00:00, run_after=2024-04-17 00:00:00+00:00
[2024-04-17T00:42:29.501+0000] {processor.py:183} INFO - Processing /home/airflow/.local/lib/python3.12/site-packages/airflow/example_dags/example_branch_operator.py took 0.097 seconds
[2024-04-17T00:45:08.149+0000] {processor.py:161} INFO - Started process (PID=214) to work on /home/airflow/.local/lib/python3.12/site-packages/airflow/example_dags/example_branch_operator.py
[2024-04-17T00:45:08.155+0000] {processor.py:830} INFO - Processing file /home/airflow/.local/lib/python3.12/site-packages/airflow/example_dags/example_branch_operator.py for tasks to queue
[2024-04-17T00:45:08.168+0000] {logging_mixin.py:188} INFO - [2024-04-17T00:45:08.167+0000] {dagbag.py:540} INFO - Filling up the DagBag from /home/airflow/.local/lib/python3.12/site-packages/airflow/example_dags/example_branch_operator.py
[2024-04-17T00:45:08.235+0000] {processor.py:840} INFO - DAG(s) 'example_branch_operator' retrieved from /home/airflow/.local/lib/python3.12/site-packages/airflow/example_dags/example_branch_operator.py
[2024-04-17T00:45:08.532+0000] {logging_mixin.py:188} INFO - [2024-04-17T00:45:08.532+0000] {dag.py:3096} INFO - Sync 1 DAGs
[2024-04-17T00:45:08.651+0000] {logging_mixin.py:188} INFO - [2024-04-17T00:45:08.651+0000] {dag.py:3954} INFO - Setting next_dagrun for example_branch_operator to 2024-04-16 00:00:00+00:00, run_after=2024-04-17 00:00:00+00:00
[2024-04-17T00:45:09.204+0000] {processor.py:183} INFO - Processing /home/airflow/.local/lib/python3.12/site-packages/airflow/example_dags/example_branch_operator.py took 1.063 seconds
[2024-04-17T00:45:42.192+0000] {processor.py:161} INFO - Started process (PID=481) to work on /home/airflow/.local/lib/python3.12/site-packages/airflow/example_dags/example_branch_operator.py
[2024-04-17T00:45:42.193+0000] {processor.py:830} INFO - Processing file /home/airflow/.local/lib/python3.12/site-packages/airflow/example_dags/example_branch_operator.py for tasks to queue
[2024-04-17T00:45:42.197+0000] {logging_mixin.py:188} INFO - [2024-04-17T00:45:42.196+0000] {dagbag.py:540} INFO - Filling up the DagBag from /home/airflow/.local/lib/python3.12/site-packages/airflow/example_dags/example_branch_operator.py
[2024-04-17T00:45:42.221+0000] {processor.py:840} INFO - DAG(s) 'example_branch_operator' retrieved from /home/airflow/.local/lib/python3.12/site-packages/airflow/example_dags/example_branch_operator.py
[2024-04-17T00:45:42.301+0000] {logging_mixin.py:188} INFO - [2024-04-17T00:45:42.301+0000] {dag.py:3096} INFO - Sync 1 DAGs
[2024-04-17T00:45:42.366+0000] {logging_mixin.py:188} INFO - [2024-04-17T00:45:42.365+0000] {dag.py:3954} INFO - Setting next_dagrun for example_branch_operator to 2024-04-16 00:00:00+00:00, run_after=2024-04-17 00:00:00+00:00
[2024-04-17T00:45:42.570+0000] {processor.py:183} INFO - Processing /home/airflow/.local/lib/python3.12/site-packages/airflow/example_dags/example_branch_operator.py took 0.384 seconds
[2024-04-17T00:46:12.695+0000] {processor.py:161} INFO - Started process (PID=748) to work on /home/airflow/.local/lib/python3.12/site-packages/airflow/example_dags/example_branch_operator.py
[2024-04-17T00:46:12.696+0000] {processor.py:830} INFO - Processing file /home/airflow/.local/lib/python3.12/site-packages/airflow/example_dags/example_branch_operator.py for tasks to queue
[2024-04-17T00:46:12.703+0000] {logging_mixin.py:188} INFO - [2024-04-17T00:46:12.702+0000] {dagbag.py:540} INFO - Filling up the DagBag from /home/airflow/.local/lib/python3.12/site-packages/airflow/example_dags/example_branch_operator.py
[2024-04-17T00:46:12.721+0000] {processor.py:840} INFO - DAG(s) 'example_branch_operator' retrieved from /home/airflow/.local/lib/python3.12/site-packages/airflow/example_dags/example_branch_operator.py
[2024-04-17T00:46:12.761+0000] {logging_mixin.py:188} INFO - [2024-04-17T00:46:12.760+0000] {dag.py:3096} INFO - Sync 1 DAGs
[2024-04-17T00:46:12.786+0000] {logging_mixin.py:188} INFO - [2024-04-17T00:46:12.785+0000] {dag.py:3954} INFO - Setting next_dagrun for example_branch_operator to 2024-04-16 00:00:00+00:00, run_after=2024-04-17 00:00:00+00:00
[2024-04-17T00:46:12.991+0000] {processor.py:183} INFO - Processing /home/airflow/.local/lib/python3.12/site-packages/airflow/example_dags/example_branch_operator.py took 0.302 seconds
[2024-04-17T00:46:43.414+0000] {processor.py:161} INFO - Started process (PID=1018) to work on /home/airflow/.local/lib/python3.12/site-packages/airflow/example_dags/example_branch_operator.py
[2024-04-17T00:46:43.415+0000] {processor.py:830} INFO - Processing file /home/airflow/.local/lib/python3.12/site-packages/airflow/example_dags/example_branch_operator.py for tasks to queue
[2024-04-17T00:46:43.416+0000] {logging_mixin.py:188} INFO - [2024-04-17T00:46:43.416+0000] {dagbag.py:540} INFO - Filling up the DagBag from /home/airflow/.local/lib/python3.12/site-packages/airflow/example_dags/example_branch_operator.py
[2024-04-17T00:46:43.440+0000] {processor.py:840} INFO - DAG(s) 'example_branch_operator' retrieved from /home/airflow/.local/lib/python3.12/site-packages/airflow/example_dags/example_branch_operator.py
[2024-04-17T00:46:43.473+0000] {logging_mixin.py:188} INFO - [2024-04-17T00:46:43.472+0000] {dag.py:3096} INFO - Sync 1 DAGs
[2024-04-17T00:46:43.503+0000] {logging_mixin.py:188} INFO - [2024-04-17T00:46:43.502+0000] {dag.py:3954} INFO - Setting next_dagrun for example_branch_operator to 2024-04-16 00:00:00+00:00, run_after=2024-04-17 00:00:00+00:00
[2024-04-17T00:46:43.734+0000] {processor.py:183} INFO - Processing /home/airflow/.local/lib/python3.12/site-packages/airflow/example_dags/example_branch_operator.py took 0.331 seconds
[2024-04-17T00:47:13.787+0000] {processor.py:161} INFO - Started process (PID=1285) to work on /home/airflow/.local/lib/python3.12/site-packages/airflow/example_dags/example_branch_operator.py
[2024-04-17T00:47:13.788+0000] {processor.py:830} INFO - Processing file /home/airflow/.local/lib/python3.12/site-packages/airflow/example_dags/example_branch_operator.py for tasks to queue
[2024-04-17T00:47:13.790+0000] {logging_mixin.py:188} INFO - [2024-04-17T00:47:13.790+0000] {dagbag.py:540} INFO - Filling up the DagBag from /home/airflow/.local/lib/python3.12/site-packages/airflow/example_dags/example_branch_operator.py
[2024-04-17T00:47:13.810+0000] {processor.py:840} INFO - DAG(s) 'example_branch_operator' retrieved from /home/airflow/.local/lib/python3.12/site-packages/airflow/example_dags/example_branch_operator.py
[2024-04-17T00:47:13.840+0000] {logging_mixin.py:188} INFO - [2024-04-17T00:47:13.840+0000] {dag.py:3096} INFO - Sync 1 DAGs
[2024-04-17T00:47:13.870+0000] {logging_mixin.py:188} INFO - [2024-04-17T00:47:13.869+0000] {dag.py:3954} INFO - Setting next_dagrun for example_branch_operator to 2024-04-16 00:00:00+00:00, run_after=2024-04-17 00:00:00+00:00
[2024-04-17T00:47:14.080+0000] {processor.py:183} INFO - Processing /home/airflow/.local/lib/python3.12/site-packages/airflow/example_dags/example_branch_operator.py took 0.297 seconds
[2024-04-17T00:47:44.316+0000] {processor.py:161} INFO - Started process (PID=1552) to work on /home/airflow/.local/lib/python3.12/site-packages/airflow/example_dags/example_branch_operator.py
[2024-04-17T00:47:44.317+0000] {processor.py:830} INFO - Processing file /home/airflow/.local/lib/python3.12/site-packages/airflow/example_dags/example_branch_operator.py for tasks to queue
[2024-04-17T00:47:44.320+0000] {logging_mixin.py:188} INFO - [2024-04-17T00:47:44.319+0000] {dagbag.py:540} INFO - Filling up the DagBag from /home/airflow/.local/lib/python3.12/site-packages/airflow/example_dags/example_branch_operator.py
[2024-04-17T00:47:44.337+0000] {processor.py:840} INFO - DAG(s) 'example_branch_operator' retrieved from /home/airflow/.local/lib/python3.12/site-packages/airflow/example_dags/example_branch_operator.py
[2024-04-17T00:47:44.369+0000] {logging_mixin.py:188} INFO - [2024-04-17T00:47:44.369+0000] {dag.py:3096} INFO - Sync 1 DAGs
[2024-04-17T00:47:44.401+0000] {logging_mixin.py:188} INFO - [2024-04-17T00:47:44.401+0000] {dag.py:3954} INFO - Setting next_dagrun for example_branch_operator to 2024-04-16 00:00:00+00:00, run_after=2024-04-17 00:00:00+00:00
[2024-04-17T00:47:44.565+0000] {processor.py:183} INFO - Processing /home/airflow/.local/lib/python3.12/site-packages/airflow/example_dags/example_branch_operator.py took 0.254 seconds
[2024-04-17T00:48:15.190+0000] {processor.py:161} INFO - Started process (PID=1820) to work on /home/airflow/.local/lib/python3.12/site-packages/airflow/example_dags/example_branch_operator.py
[2024-04-17T00:48:15.191+0000] {processor.py:830} INFO - Processing file /home/airflow/.local/lib/python3.12/site-packages/airflow/example_dags/example_branch_operator.py for tasks to queue
[2024-04-17T00:48:15.193+0000] {logging_mixin.py:188} INFO - [2024-04-17T00:48:15.192+0000] {dagbag.py:540} INFO - Filling up the DagBag from /home/airflow/.local/lib/python3.12/site-packages/airflow/example_dags/example_branch_operator.py
[2024-04-17T00:48:15.210+0000] {processor.py:840} INFO - DAG(s) 'example_branch_operator' retrieved from /home/airflow/.local/lib/python3.12/site-packages/airflow/example_dags/example_branch_operator.py
[2024-04-17T00:48:15.242+0000] {logging_mixin.py:188} INFO - [2024-04-17T00:48:15.242+0000] {dag.py:3096} INFO - Sync 1 DAGs
[2024-04-17T00:48:15.269+0000] {logging_mixin.py:188} INFO - [2024-04-17T00:48:15.269+0000] {dag.py:3954} INFO - Setting next_dagrun for example_branch_operator to 2024-04-16 00:00:00+00:00, run_after=2024-04-17 00:00:00+00:00
[2024-04-17T00:48:15.414+0000] {processor.py:183} INFO - Processing /home/airflow/.local/lib/python3.12/site-packages/airflow/example_dags/example_branch_operator.py took 0.230 seconds
