[2024-04-17T00:40:56.981+0000] {processor.py:161} INFO - Started process (PID=180) to work on /home/airflow/.local/lib/python3.12/site-packages/airflow/example_dags/example_bash_operator.py
[2024-04-17T00:40:56.982+0000] {processor.py:830} INFO - Processing file /home/airflow/.local/lib/python3.12/site-packages/airflow/example_dags/example_bash_operator.py for tasks to queue
[2024-04-17T00:40:56.984+0000] {logging_mixin.py:188} INFO - [2024-04-17T00:40:56.984+0000] {dagbag.py:540} INFO - Filling up the DagBag from /home/airflow/.local/lib/python3.12/site-packages/airflow/example_dags/example_bash_operator.py
[2024-04-17T00:40:57.000+0000] {processor.py:840} INFO - DAG(s) 'example_bash_operator' retrieved from /home/airflow/.local/lib/python3.12/site-packages/airflow/example_dags/example_bash_operator.py
[2024-04-17T00:40:57.012+0000] {logging_mixin.py:188} INFO - [2024-04-17T00:40:57.011+0000] {dag.py:3096} INFO - Sync 1 DAGs
[2024-04-17T00:40:57.040+0000] {logging_mixin.py:188} INFO - [2024-04-17T00:40:57.040+0000] {dag.py:3954} INFO - Setting next_dagrun for example_bash_operator to 2024-04-16 00:00:00+00:00, run_after=2024-04-17 00:00:00+00:00
[2024-04-17T00:40:57.069+0000] {processor.py:183} INFO - Processing /home/airflow/.local/lib/python3.12/site-packages/airflow/example_dags/example_bash_operator.py took 0.093 seconds
[2024-04-17T00:41:27.276+0000] {processor.py:161} INFO - Started process (PID=446) to work on /home/airflow/.local/lib/python3.12/site-packages/airflow/example_dags/example_bash_operator.py
[2024-04-17T00:41:27.277+0000] {processor.py:830} INFO - Processing file /home/airflow/.local/lib/python3.12/site-packages/airflow/example_dags/example_bash_operator.py for tasks to queue
[2024-04-17T00:41:27.280+0000] {logging_mixin.py:188} INFO - [2024-04-17T00:41:27.279+0000] {dagbag.py:540} INFO - Filling up the DagBag from /home/airflow/.local/lib/python3.12/site-packages/airflow/example_dags/example_bash_operator.py
[2024-04-17T00:41:27.297+0000] {processor.py:840} INFO - DAG(s) 'example_bash_operator' retrieved from /home/airflow/.local/lib/python3.12/site-packages/airflow/example_dags/example_bash_operator.py
[2024-04-17T00:41:27.440+0000] {logging_mixin.py:188} INFO - [2024-04-17T00:41:27.440+0000] {dag.py:3096} INFO - Sync 1 DAGs
[2024-04-17T00:41:27.468+0000] {logging_mixin.py:188} INFO - [2024-04-17T00:41:27.468+0000] {dag.py:3954} INFO - Setting next_dagrun for example_bash_operator to 2024-04-16 00:00:00+00:00, run_after=2024-04-17 00:00:00+00:00
[2024-04-17T00:41:27.499+0000] {processor.py:183} INFO - Processing /home/airflow/.local/lib/python3.12/site-packages/airflow/example_dags/example_bash_operator.py took 0.229 seconds
[2024-04-17T00:41:57.562+0000] {processor.py:161} INFO - Started process (PID=708) to work on /home/airflow/.local/lib/python3.12/site-packages/airflow/example_dags/example_bash_operator.py
[2024-04-17T00:41:57.563+0000] {processor.py:830} INFO - Processing file /home/airflow/.local/lib/python3.12/site-packages/airflow/example_dags/example_bash_operator.py for tasks to queue
[2024-04-17T00:41:57.565+0000] {logging_mixin.py:188} INFO - [2024-04-17T00:41:57.565+0000] {dagbag.py:540} INFO - Filling up the DagBag from /home/airflow/.local/lib/python3.12/site-packages/airflow/example_dags/example_bash_operator.py
[2024-04-17T00:41:57.575+0000] {processor.py:840} INFO - DAG(s) 'example_bash_operator' retrieved from /home/airflow/.local/lib/python3.12/site-packages/airflow/example_dags/example_bash_operator.py
[2024-04-17T00:41:57.606+0000] {logging_mixin.py:188} INFO - [2024-04-17T00:41:57.606+0000] {dag.py:3096} INFO - Sync 1 DAGs
[2024-04-17T00:41:57.629+0000] {logging_mixin.py:188} INFO - [2024-04-17T00:41:57.629+0000] {dag.py:3954} INFO - Setting next_dagrun for example_bash_operator to 2024-04-16 00:00:00+00:00, run_after=2024-04-17 00:00:00+00:00
[2024-04-17T00:41:57.649+0000] {processor.py:183} INFO - Processing /home/airflow/.local/lib/python3.12/site-packages/airflow/example_dags/example_bash_operator.py took 0.092 seconds
[2024-04-17T00:42:28.115+0000] {processor.py:161} INFO - Started process (PID=963) to work on /home/airflow/.local/lib/python3.12/site-packages/airflow/example_dags/example_bash_operator.py
[2024-04-17T00:42:28.116+0000] {processor.py:830} INFO - Processing file /home/airflow/.local/lib/python3.12/site-packages/airflow/example_dags/example_bash_operator.py for tasks to queue
[2024-04-17T00:42:28.118+0000] {logging_mixin.py:188} INFO - [2024-04-17T00:42:28.118+0000] {dagbag.py:540} INFO - Filling up the DagBag from /home/airflow/.local/lib/python3.12/site-packages/airflow/example_dags/example_bash_operator.py
[2024-04-17T00:42:28.129+0000] {processor.py:840} INFO - DAG(s) 'example_bash_operator' retrieved from /home/airflow/.local/lib/python3.12/site-packages/airflow/example_dags/example_bash_operator.py
[2024-04-17T00:42:28.156+0000] {logging_mixin.py:188} INFO - [2024-04-17T00:42:28.156+0000] {dag.py:3096} INFO - Sync 1 DAGs
[2024-04-17T00:42:28.182+0000] {logging_mixin.py:188} INFO - [2024-04-17T00:42:28.181+0000] {dag.py:3954} INFO - Setting next_dagrun for example_bash_operator to 2024-04-16 00:00:00+00:00, run_after=2024-04-17 00:00:00+00:00
[2024-04-17T00:42:28.202+0000] {processor.py:183} INFO - Processing /home/airflow/.local/lib/python3.12/site-packages/airflow/example_dags/example_bash_operator.py took 0.092 seconds
[2024-04-17T00:45:05.742+0000] {processor.py:161} INFO - Started process (PID=189) to work on /home/airflow/.local/lib/python3.12/site-packages/airflow/example_dags/example_bash_operator.py
[2024-04-17T00:45:05.743+0000] {processor.py:830} INFO - Processing file /home/airflow/.local/lib/python3.12/site-packages/airflow/example_dags/example_bash_operator.py for tasks to queue
[2024-04-17T00:45:05.745+0000] {logging_mixin.py:188} INFO - [2024-04-17T00:45:05.744+0000] {dagbag.py:540} INFO - Filling up the DagBag from /home/airflow/.local/lib/python3.12/site-packages/airflow/example_dags/example_bash_operator.py
[2024-04-17T00:45:05.760+0000] {processor.py:840} INFO - DAG(s) 'example_bash_operator' retrieved from /home/airflow/.local/lib/python3.12/site-packages/airflow/example_dags/example_bash_operator.py
[2024-04-17T00:45:05.943+0000] {logging_mixin.py:188} INFO - [2024-04-17T00:45:05.943+0000] {dag.py:3096} INFO - Sync 1 DAGs
[2024-04-17T00:45:05.980+0000] {logging_mixin.py:188} INFO - [2024-04-17T00:45:05.979+0000] {dag.py:3954} INFO - Setting next_dagrun for example_bash_operator to 2024-04-16 00:00:00+00:00, run_after=2024-04-17 00:00:00+00:00
[2024-04-17T00:45:06.293+0000] {processor.py:183} INFO - Processing /home/airflow/.local/lib/python3.12/site-packages/airflow/example_dags/example_bash_operator.py took 0.556 seconds
[2024-04-17T00:45:36.664+0000] {processor.py:161} INFO - Started process (PID=456) to work on /home/airflow/.local/lib/python3.12/site-packages/airflow/example_dags/example_bash_operator.py
[2024-04-17T00:45:40.749+0000] {processor.py:830} INFO - Processing file /home/airflow/.local/lib/python3.12/site-packages/airflow/example_dags/example_bash_operator.py for tasks to queue
[2024-04-17T00:45:40.775+0000] {logging_mixin.py:188} INFO - [2024-04-17T00:45:40.775+0000] {dagbag.py:540} INFO - Filling up the DagBag from /home/airflow/.local/lib/python3.12/site-packages/airflow/example_dags/example_bash_operator.py
[2024-04-17T00:45:40.813+0000] {processor.py:840} INFO - DAG(s) 'example_bash_operator' retrieved from /home/airflow/.local/lib/python3.12/site-packages/airflow/example_dags/example_bash_operator.py
[2024-04-17T00:45:40.915+0000] {logging_mixin.py:188} INFO - [2024-04-17T00:45:40.914+0000] {dag.py:3096} INFO - Sync 1 DAGs
[2024-04-17T00:45:41.000+0000] {logging_mixin.py:188} INFO - [2024-04-17T00:45:40.999+0000] {dag.py:3954} INFO - Setting next_dagrun for example_bash_operator to 2024-04-16 00:00:00+00:00, run_after=2024-04-17 00:00:00+00:00
[2024-04-17T00:45:41.485+0000] {processor.py:183} INFO - Processing /home/airflow/.local/lib/python3.12/site-packages/airflow/example_dags/example_bash_operator.py took 4.829 seconds
[2024-04-17T00:46:11.648+0000] {processor.py:161} INFO - Started process (PID=725) to work on /home/airflow/.local/lib/python3.12/site-packages/airflow/example_dags/example_bash_operator.py
[2024-04-17T00:46:11.652+0000] {processor.py:830} INFO - Processing file /home/airflow/.local/lib/python3.12/site-packages/airflow/example_dags/example_bash_operator.py for tasks to queue
[2024-04-17T00:46:11.656+0000] {logging_mixin.py:188} INFO - [2024-04-17T00:46:11.655+0000] {dagbag.py:540} INFO - Filling up the DagBag from /home/airflow/.local/lib/python3.12/site-packages/airflow/example_dags/example_bash_operator.py
[2024-04-17T00:46:11.679+0000] {processor.py:840} INFO - DAG(s) 'example_bash_operator' retrieved from /home/airflow/.local/lib/python3.12/site-packages/airflow/example_dags/example_bash_operator.py
[2024-04-17T00:46:11.732+0000] {logging_mixin.py:188} INFO - [2024-04-17T00:46:11.730+0000] {dag.py:3096} INFO - Sync 1 DAGs
[2024-04-17T00:46:11.784+0000] {logging_mixin.py:188} INFO - [2024-04-17T00:46:11.784+0000] {dag.py:3954} INFO - Setting next_dagrun for example_bash_operator to 2024-04-16 00:00:00+00:00, run_after=2024-04-17 00:00:00+00:00
[2024-04-17T00:46:11.958+0000] {processor.py:183} INFO - Processing /home/airflow/.local/lib/python3.12/site-packages/airflow/example_dags/example_bash_operator.py took 0.318 seconds
[2024-04-17T00:46:42.276+0000] {processor.py:161} INFO - Started process (PID=993) to work on /home/airflow/.local/lib/python3.12/site-packages/airflow/example_dags/example_bash_operator.py
[2024-04-17T00:46:42.278+0000] {processor.py:830} INFO - Processing file /home/airflow/.local/lib/python3.12/site-packages/airflow/example_dags/example_bash_operator.py for tasks to queue
[2024-04-17T00:46:42.281+0000] {logging_mixin.py:188} INFO - [2024-04-17T00:46:42.281+0000] {dagbag.py:540} INFO - Filling up the DagBag from /home/airflow/.local/lib/python3.12/site-packages/airflow/example_dags/example_bash_operator.py
[2024-04-17T00:46:42.301+0000] {processor.py:840} INFO - DAG(s) 'example_bash_operator' retrieved from /home/airflow/.local/lib/python3.12/site-packages/airflow/example_dags/example_bash_operator.py
[2024-04-17T00:46:42.369+0000] {logging_mixin.py:188} INFO - [2024-04-17T00:46:42.368+0000] {dag.py:3096} INFO - Sync 1 DAGs
[2024-04-17T00:46:42.480+0000] {logging_mixin.py:188} INFO - [2024-04-17T00:46:42.480+0000] {dag.py:3954} INFO - Setting next_dagrun for example_bash_operator to 2024-04-16 00:00:00+00:00, run_after=2024-04-17 00:00:00+00:00
[2024-04-17T00:46:42.765+0000] {processor.py:183} INFO - Processing /home/airflow/.local/lib/python3.12/site-packages/airflow/example_dags/example_bash_operator.py took 0.496 seconds
[2024-04-17T00:47:12.806+0000] {processor.py:161} INFO - Started process (PID=1260) to work on /home/airflow/.local/lib/python3.12/site-packages/airflow/example_dags/example_bash_operator.py
[2024-04-17T00:47:12.807+0000] {processor.py:830} INFO - Processing file /home/airflow/.local/lib/python3.12/site-packages/airflow/example_dags/example_bash_operator.py for tasks to queue
[2024-04-17T00:47:12.810+0000] {logging_mixin.py:188} INFO - [2024-04-17T00:47:12.809+0000] {dagbag.py:540} INFO - Filling up the DagBag from /home/airflow/.local/lib/python3.12/site-packages/airflow/example_dags/example_bash_operator.py
[2024-04-17T00:47:12.821+0000] {processor.py:840} INFO - DAG(s) 'example_bash_operator' retrieved from /home/airflow/.local/lib/python3.12/site-packages/airflow/example_dags/example_bash_operator.py
[2024-04-17T00:47:12.860+0000] {logging_mixin.py:188} INFO - [2024-04-17T00:47:12.860+0000] {dag.py:3096} INFO - Sync 1 DAGs
[2024-04-17T00:47:12.894+0000] {logging_mixin.py:188} INFO - [2024-04-17T00:47:12.894+0000] {dag.py:3954} INFO - Setting next_dagrun for example_bash_operator to 2024-04-16 00:00:00+00:00, run_after=2024-04-17 00:00:00+00:00
[2024-04-17T00:47:13.290+0000] {processor.py:183} INFO - Processing /home/airflow/.local/lib/python3.12/site-packages/airflow/example_dags/example_bash_operator.py took 0.489 seconds
[2024-04-17T00:47:43.567+0000] {processor.py:161} INFO - Started process (PID=1527) to work on /home/airflow/.local/lib/python3.12/site-packages/airflow/example_dags/example_bash_operator.py
[2024-04-17T00:47:43.568+0000] {processor.py:830} INFO - Processing file /home/airflow/.local/lib/python3.12/site-packages/airflow/example_dags/example_bash_operator.py for tasks to queue
[2024-04-17T00:47:43.571+0000] {logging_mixin.py:188} INFO - [2024-04-17T00:47:43.570+0000] {dagbag.py:540} INFO - Filling up the DagBag from /home/airflow/.local/lib/python3.12/site-packages/airflow/example_dags/example_bash_operator.py
[2024-04-17T00:47:43.588+0000] {processor.py:840} INFO - DAG(s) 'example_bash_operator' retrieved from /home/airflow/.local/lib/python3.12/site-packages/airflow/example_dags/example_bash_operator.py
[2024-04-17T00:47:43.664+0000] {logging_mixin.py:188} INFO - [2024-04-17T00:47:43.657+0000] {dag.py:3096} INFO - Sync 1 DAGs
[2024-04-17T00:47:43.703+0000] {logging_mixin.py:188} INFO - [2024-04-17T00:47:43.703+0000] {dag.py:3954} INFO - Setting next_dagrun for example_bash_operator to 2024-04-16 00:00:00+00:00, run_after=2024-04-17 00:00:00+00:00
[2024-04-17T00:47:43.907+0000] {processor.py:183} INFO - Processing /home/airflow/.local/lib/python3.12/site-packages/airflow/example_dags/example_bash_operator.py took 0.345 seconds
[2024-04-17T00:48:13.966+0000] {processor.py:161} INFO - Started process (PID=1793) to work on /home/airflow/.local/lib/python3.12/site-packages/airflow/example_dags/example_bash_operator.py
[2024-04-17T00:48:13.967+0000] {processor.py:830} INFO - Processing file /home/airflow/.local/lib/python3.12/site-packages/airflow/example_dags/example_bash_operator.py for tasks to queue
[2024-04-17T00:48:13.969+0000] {logging_mixin.py:188} INFO - [2024-04-17T00:48:13.969+0000] {dagbag.py:540} INFO - Filling up the DagBag from /home/airflow/.local/lib/python3.12/site-packages/airflow/example_dags/example_bash_operator.py
[2024-04-17T00:48:13.980+0000] {processor.py:840} INFO - DAG(s) 'example_bash_operator' retrieved from /home/airflow/.local/lib/python3.12/site-packages/airflow/example_dags/example_bash_operator.py
[2024-04-17T00:48:14.007+0000] {logging_mixin.py:188} INFO - [2024-04-17T00:48:14.007+0000] {dag.py:3096} INFO - Sync 1 DAGs
[2024-04-17T00:48:14.030+0000] {logging_mixin.py:188} INFO - [2024-04-17T00:48:14.029+0000] {dag.py:3954} INFO - Setting next_dagrun for example_bash_operator to 2024-04-16 00:00:00+00:00, run_after=2024-04-17 00:00:00+00:00
[2024-04-17T00:48:14.259+0000] {processor.py:183} INFO - Processing /home/airflow/.local/lib/python3.12/site-packages/airflow/example_dags/example_bash_operator.py took 0.299 seconds
