[2024-04-17T00:40:56.984+0000] {processor.py:161} INFO - Started process (PID=183) to work on /home/airflow/.local/lib/python3.12/site-packages/airflow/example_dags/example_time_delta_sensor_async.py
[2024-04-17T00:40:56.985+0000] {processor.py:830} INFO - Processing file /home/airflow/.local/lib/python3.12/site-packages/airflow/example_dags/example_time_delta_sensor_async.py for tasks to queue
[2024-04-17T00:40:56.986+0000] {logging_mixin.py:188} INFO - [2024-04-17T00:40:56.986+0000] {dagbag.py:540} INFO - Filling up the DagBag from /home/airflow/.local/lib/python3.12/site-packages/airflow/example_dags/example_time_delta_sensor_async.py
[2024-04-17T00:40:56.992+0000] {processor.py:840} INFO - DAG(s) 'example_time_delta_sensor_async' retrieved from /home/airflow/.local/lib/python3.12/site-packages/airflow/example_dags/example_time_delta_sensor_async.py
[2024-04-17T00:40:57.005+0000] {logging_mixin.py:188} INFO - [2024-04-17T00:40:57.004+0000] {dag.py:3096} INFO - Sync 1 DAGs
[2024-04-17T00:40:57.019+0000] {logging_mixin.py:188} INFO - [2024-04-17T00:40:57.019+0000] {dag.py:3954} INFO - Setting next_dagrun for example_time_delta_sensor_async to None, run_after=None
[2024-04-17T00:40:57.041+0000] {processor.py:183} INFO - Processing /home/airflow/.local/lib/python3.12/site-packages/airflow/example_dags/example_time_delta_sensor_async.py took 0.064 seconds
[2024-04-17T00:41:27.106+0000] {processor.py:161} INFO - Started process (PID=439) to work on /home/airflow/.local/lib/python3.12/site-packages/airflow/example_dags/example_time_delta_sensor_async.py
[2024-04-17T00:41:27.107+0000] {processor.py:830} INFO - Processing file /home/airflow/.local/lib/python3.12/site-packages/airflow/example_dags/example_time_delta_sensor_async.py for tasks to queue
[2024-04-17T00:41:27.109+0000] {logging_mixin.py:188} INFO - [2024-04-17T00:41:27.108+0000] {dagbag.py:540} INFO - Filling up the DagBag from /home/airflow/.local/lib/python3.12/site-packages/airflow/example_dags/example_time_delta_sensor_async.py
[2024-04-17T00:41:27.112+0000] {processor.py:840} INFO - DAG(s) 'example_time_delta_sensor_async' retrieved from /home/airflow/.local/lib/python3.12/site-packages/airflow/example_dags/example_time_delta_sensor_async.py
[2024-04-17T00:41:27.204+0000] {logging_mixin.py:188} INFO - [2024-04-17T00:41:27.204+0000] {dag.py:3096} INFO - Sync 1 DAGs
[2024-04-17T00:41:27.215+0000] {logging_mixin.py:188} INFO - [2024-04-17T00:41:27.214+0000] {dag.py:3954} INFO - Setting next_dagrun for example_time_delta_sensor_async to None, run_after=None
[2024-04-17T00:41:27.253+0000] {processor.py:183} INFO - Processing /home/airflow/.local/lib/python3.12/site-packages/airflow/example_dags/example_time_delta_sensor_async.py took 0.152 seconds
[2024-04-17T00:41:57.471+0000] {processor.py:161} INFO - Started process (PID=701) to work on /home/airflow/.local/lib/python3.12/site-packages/airflow/example_dags/example_time_delta_sensor_async.py
[2024-04-17T00:41:57.472+0000] {processor.py:830} INFO - Processing file /home/airflow/.local/lib/python3.12/site-packages/airflow/example_dags/example_time_delta_sensor_async.py for tasks to queue
[2024-04-17T00:41:57.474+0000] {logging_mixin.py:188} INFO - [2024-04-17T00:41:57.474+0000] {dagbag.py:540} INFO - Filling up the DagBag from /home/airflow/.local/lib/python3.12/site-packages/airflow/example_dags/example_time_delta_sensor_async.py
[2024-04-17T00:41:57.478+0000] {processor.py:840} INFO - DAG(s) 'example_time_delta_sensor_async' retrieved from /home/airflow/.local/lib/python3.12/site-packages/airflow/example_dags/example_time_delta_sensor_async.py
[2024-04-17T00:41:57.498+0000] {logging_mixin.py:188} INFO - [2024-04-17T00:41:57.497+0000] {dag.py:3096} INFO - Sync 1 DAGs
[2024-04-17T00:41:57.510+0000] {logging_mixin.py:188} INFO - [2024-04-17T00:41:57.510+0000] {dag.py:3954} INFO - Setting next_dagrun for example_time_delta_sensor_async to None, run_after=None
[2024-04-17T00:41:57.531+0000] {processor.py:183} INFO - Processing /home/airflow/.local/lib/python3.12/site-packages/airflow/example_dags/example_time_delta_sensor_async.py took 0.065 seconds
[2024-04-17T00:42:28.190+0000] {processor.py:161} INFO - Started process (PID=968) to work on /home/airflow/.local/lib/python3.12/site-packages/airflow/example_dags/example_time_delta_sensor_async.py
[2024-04-17T00:42:28.191+0000] {processor.py:830} INFO - Processing file /home/airflow/.local/lib/python3.12/site-packages/airflow/example_dags/example_time_delta_sensor_async.py for tasks to queue
[2024-04-17T00:42:28.193+0000] {logging_mixin.py:188} INFO - [2024-04-17T00:42:28.193+0000] {dagbag.py:540} INFO - Filling up the DagBag from /home/airflow/.local/lib/python3.12/site-packages/airflow/example_dags/example_time_delta_sensor_async.py
[2024-04-17T00:42:28.197+0000] {processor.py:840} INFO - DAG(s) 'example_time_delta_sensor_async' retrieved from /home/airflow/.local/lib/python3.12/site-packages/airflow/example_dags/example_time_delta_sensor_async.py
[2024-04-17T00:42:28.216+0000] {logging_mixin.py:188} INFO - [2024-04-17T00:42:28.216+0000] {dag.py:3096} INFO - Sync 1 DAGs
[2024-04-17T00:42:28.231+0000] {logging_mixin.py:188} INFO - [2024-04-17T00:42:28.231+0000] {dag.py:3954} INFO - Setting next_dagrun for example_time_delta_sensor_async to None, run_after=None
[2024-04-17T00:42:28.254+0000] {processor.py:183} INFO - Processing /home/airflow/.local/lib/python3.12/site-packages/airflow/example_dags/example_time_delta_sensor_async.py took 0.069 seconds
[2024-04-17T00:45:06.005+0000] {processor.py:161} INFO - Started process (PID=194) to work on /home/airflow/.local/lib/python3.12/site-packages/airflow/example_dags/example_time_delta_sensor_async.py
[2024-04-17T00:45:06.007+0000] {processor.py:830} INFO - Processing file /home/airflow/.local/lib/python3.12/site-packages/airflow/example_dags/example_time_delta_sensor_async.py for tasks to queue
[2024-04-17T00:45:06.008+0000] {logging_mixin.py:188} INFO - [2024-04-17T00:45:06.008+0000] {dagbag.py:540} INFO - Filling up the DagBag from /home/airflow/.local/lib/python3.12/site-packages/airflow/example_dags/example_time_delta_sensor_async.py
[2024-04-17T00:45:06.015+0000] {processor.py:840} INFO - DAG(s) 'example_time_delta_sensor_async' retrieved from /home/airflow/.local/lib/python3.12/site-packages/airflow/example_dags/example_time_delta_sensor_async.py
[2024-04-17T00:45:06.128+0000] {logging_mixin.py:188} INFO - [2024-04-17T00:45:06.128+0000] {dag.py:3096} INFO - Sync 1 DAGs
[2024-04-17T00:45:06.138+0000] {logging_mixin.py:188} INFO - [2024-04-17T00:45:06.138+0000] {dag.py:3954} INFO - Setting next_dagrun for example_time_delta_sensor_async to None, run_after=None
[2024-04-17T00:45:06.484+0000] {processor.py:183} INFO - Processing /home/airflow/.local/lib/python3.12/site-packages/airflow/example_dags/example_time_delta_sensor_async.py took 0.485 seconds
[2024-04-17T00:45:41.224+0000] {processor.py:161} INFO - Started process (PID=461) to work on /home/airflow/.local/lib/python3.12/site-packages/airflow/example_dags/example_time_delta_sensor_async.py
[2024-04-17T00:45:41.310+0000] {processor.py:830} INFO - Processing file /home/airflow/.local/lib/python3.12/site-packages/airflow/example_dags/example_time_delta_sensor_async.py for tasks to queue
[2024-04-17T00:45:41.313+0000] {logging_mixin.py:188} INFO - [2024-04-17T00:45:41.313+0000] {dagbag.py:540} INFO - Filling up the DagBag from /home/airflow/.local/lib/python3.12/site-packages/airflow/example_dags/example_time_delta_sensor_async.py
[2024-04-17T00:45:41.327+0000] {processor.py:840} INFO - DAG(s) 'example_time_delta_sensor_async' retrieved from /home/airflow/.local/lib/python3.12/site-packages/airflow/example_dags/example_time_delta_sensor_async.py
[2024-04-17T00:45:41.347+0000] {logging_mixin.py:188} INFO - [2024-04-17T00:45:41.347+0000] {dag.py:3096} INFO - Sync 1 DAGs
[2024-04-17T00:45:41.361+0000] {logging_mixin.py:188} INFO - [2024-04-17T00:45:41.360+0000] {dag.py:3954} INFO - Setting next_dagrun for example_time_delta_sensor_async to None, run_after=None
[2024-04-17T00:45:41.615+0000] {processor.py:183} INFO - Processing /home/airflow/.local/lib/python3.12/site-packages/airflow/example_dags/example_time_delta_sensor_async.py took 0.396 seconds
[2024-04-17T00:46:11.999+0000] {processor.py:161} INFO - Started process (PID=730) to work on /home/airflow/.local/lib/python3.12/site-packages/airflow/example_dags/example_time_delta_sensor_async.py
[2024-04-17T00:46:12.000+0000] {processor.py:830} INFO - Processing file /home/airflow/.local/lib/python3.12/site-packages/airflow/example_dags/example_time_delta_sensor_async.py for tasks to queue
[2024-04-17T00:46:12.006+0000] {logging_mixin.py:188} INFO - [2024-04-17T00:46:12.006+0000] {dagbag.py:540} INFO - Filling up the DagBag from /home/airflow/.local/lib/python3.12/site-packages/airflow/example_dags/example_time_delta_sensor_async.py
[2024-04-17T00:46:12.017+0000] {processor.py:840} INFO - DAG(s) 'example_time_delta_sensor_async' retrieved from /home/airflow/.local/lib/python3.12/site-packages/airflow/example_dags/example_time_delta_sensor_async.py
[2024-04-17T00:46:12.039+0000] {logging_mixin.py:188} INFO - [2024-04-17T00:46:12.039+0000] {dag.py:3096} INFO - Sync 1 DAGs
[2024-04-17T00:46:12.059+0000] {logging_mixin.py:188} INFO - [2024-04-17T00:46:12.059+0000] {dag.py:3954} INFO - Setting next_dagrun for example_time_delta_sensor_async to None, run_after=None
[2024-04-17T00:46:12.181+0000] {processor.py:183} INFO - Processing /home/airflow/.local/lib/python3.12/site-packages/airflow/example_dags/example_time_delta_sensor_async.py took 0.188 seconds
[2024-04-17T00:46:42.655+0000] {processor.py:161} INFO - Started process (PID=998) to work on /home/airflow/.local/lib/python3.12/site-packages/airflow/example_dags/example_time_delta_sensor_async.py
[2024-04-17T00:46:42.656+0000] {processor.py:830} INFO - Processing file /home/airflow/.local/lib/python3.12/site-packages/airflow/example_dags/example_time_delta_sensor_async.py for tasks to queue
[2024-04-17T00:46:42.661+0000] {logging_mixin.py:188} INFO - [2024-04-17T00:46:42.660+0000] {dagbag.py:540} INFO - Filling up the DagBag from /home/airflow/.local/lib/python3.12/site-packages/airflow/example_dags/example_time_delta_sensor_async.py
[2024-04-17T00:46:42.666+0000] {processor.py:840} INFO - DAG(s) 'example_time_delta_sensor_async' retrieved from /home/airflow/.local/lib/python3.12/site-packages/airflow/example_dags/example_time_delta_sensor_async.py
[2024-04-17T00:46:42.690+0000] {logging_mixin.py:188} INFO - [2024-04-17T00:46:42.689+0000] {dag.py:3096} INFO - Sync 1 DAGs
[2024-04-17T00:46:42.705+0000] {logging_mixin.py:188} INFO - [2024-04-17T00:46:42.705+0000] {dag.py:3954} INFO - Setting next_dagrun for example_time_delta_sensor_async to None, run_after=None
[2024-04-17T00:46:42.883+0000] {processor.py:183} INFO - Processing /home/airflow/.local/lib/python3.12/site-packages/airflow/example_dags/example_time_delta_sensor_async.py took 0.237 seconds
[2024-04-17T00:47:13.103+0000] {processor.py:161} INFO - Started process (PID=1265) to work on /home/airflow/.local/lib/python3.12/site-packages/airflow/example_dags/example_time_delta_sensor_async.py
[2024-04-17T00:47:13.104+0000] {processor.py:830} INFO - Processing file /home/airflow/.local/lib/python3.12/site-packages/airflow/example_dags/example_time_delta_sensor_async.py for tasks to queue
[2024-04-17T00:47:13.106+0000] {logging_mixin.py:188} INFO - [2024-04-17T00:47:13.106+0000] {dagbag.py:540} INFO - Filling up the DagBag from /home/airflow/.local/lib/python3.12/site-packages/airflow/example_dags/example_time_delta_sensor_async.py
[2024-04-17T00:47:13.111+0000] {processor.py:840} INFO - DAG(s) 'example_time_delta_sensor_async' retrieved from /home/airflow/.local/lib/python3.12/site-packages/airflow/example_dags/example_time_delta_sensor_async.py
[2024-04-17T00:47:13.130+0000] {logging_mixin.py:188} INFO - [2024-04-17T00:47:13.129+0000] {dag.py:3096} INFO - Sync 1 DAGs
[2024-04-17T00:47:13.142+0000] {logging_mixin.py:188} INFO - [2024-04-17T00:47:13.142+0000] {dag.py:3954} INFO - Setting next_dagrun for example_time_delta_sensor_async to None, run_after=None
[2024-04-17T00:47:13.374+0000] {processor.py:183} INFO - Processing /home/airflow/.local/lib/python3.12/site-packages/airflow/example_dags/example_time_delta_sensor_async.py took 0.276 seconds
[2024-04-17T00:47:43.820+0000] {processor.py:161} INFO - Started process (PID=1532) to work on /home/airflow/.local/lib/python3.12/site-packages/airflow/example_dags/example_time_delta_sensor_async.py
[2024-04-17T00:47:43.821+0000] {processor.py:830} INFO - Processing file /home/airflow/.local/lib/python3.12/site-packages/airflow/example_dags/example_time_delta_sensor_async.py for tasks to queue
[2024-04-17T00:47:43.823+0000] {logging_mixin.py:188} INFO - [2024-04-17T00:47:43.823+0000] {dagbag.py:540} INFO - Filling up the DagBag from /home/airflow/.local/lib/python3.12/site-packages/airflow/example_dags/example_time_delta_sensor_async.py
[2024-04-17T00:47:43.827+0000] {processor.py:840} INFO - DAG(s) 'example_time_delta_sensor_async' retrieved from /home/airflow/.local/lib/python3.12/site-packages/airflow/example_dags/example_time_delta_sensor_async.py
[2024-04-17T00:47:43.846+0000] {logging_mixin.py:188} INFO - [2024-04-17T00:47:43.846+0000] {dag.py:3096} INFO - Sync 1 DAGs
[2024-04-17T00:47:43.860+0000] {logging_mixin.py:188} INFO - [2024-04-17T00:47:43.860+0000] {dag.py:3954} INFO - Setting next_dagrun for example_time_delta_sensor_async to None, run_after=None
[2024-04-17T00:47:44.059+0000] {processor.py:183} INFO - Processing /home/airflow/.local/lib/python3.12/site-packages/airflow/example_dags/example_time_delta_sensor_async.py took 0.244 seconds
[2024-04-17T00:48:14.311+0000] {processor.py:161} INFO - Started process (PID=1800) to work on /home/airflow/.local/lib/python3.12/site-packages/airflow/example_dags/example_time_delta_sensor_async.py
[2024-04-17T00:48:14.313+0000] {processor.py:830} INFO - Processing file /home/airflow/.local/lib/python3.12/site-packages/airflow/example_dags/example_time_delta_sensor_async.py for tasks to queue
[2024-04-17T00:48:14.315+0000] {logging_mixin.py:188} INFO - [2024-04-17T00:48:14.314+0000] {dagbag.py:540} INFO - Filling up the DagBag from /home/airflow/.local/lib/python3.12/site-packages/airflow/example_dags/example_time_delta_sensor_async.py
[2024-04-17T00:48:14.319+0000] {processor.py:840} INFO - DAG(s) 'example_time_delta_sensor_async' retrieved from /home/airflow/.local/lib/python3.12/site-packages/airflow/example_dags/example_time_delta_sensor_async.py
[2024-04-17T00:48:14.338+0000] {logging_mixin.py:188} INFO - [2024-04-17T00:48:14.338+0000] {dag.py:3096} INFO - Sync 1 DAGs
[2024-04-17T00:48:14.353+0000] {logging_mixin.py:188} INFO - [2024-04-17T00:48:14.353+0000] {dag.py:3954} INFO - Setting next_dagrun for example_time_delta_sensor_async to None, run_after=None
[2024-04-17T00:48:14.493+0000] {processor.py:183} INFO - Processing /home/airflow/.local/lib/python3.12/site-packages/airflow/example_dags/example_time_delta_sensor_async.py took 0.188 seconds
