[2024-04-17T00:41:01.530+0000] {processor.py:161} INFO - Started process (PID=353) to work on /home/airflow/.local/lib/python3.12/site-packages/airflow/example_dags/example_task_group_decorator.py
[2024-04-17T00:41:01.531+0000] {processor.py:830} INFO - Processing file /home/airflow/.local/lib/python3.12/site-packages/airflow/example_dags/example_task_group_decorator.py for tasks to queue
[2024-04-17T00:41:01.533+0000] {logging_mixin.py:188} INFO - [2024-04-17T00:41:01.533+0000] {dagbag.py:540} INFO - Filling up the DagBag from /home/airflow/.local/lib/python3.12/site-packages/airflow/example_dags/example_task_group_decorator.py
[2024-04-17T00:41:01.551+0000] {processor.py:840} INFO - DAG(s) 'example_task_group_decorator' retrieved from /home/airflow/.local/lib/python3.12/site-packages/airflow/example_dags/example_task_group_decorator.py
[2024-04-17T00:41:01.677+0000] {logging_mixin.py:188} INFO - [2024-04-17T00:41:01.677+0000] {dag.py:3096} INFO - Sync 1 DAGs
[2024-04-17T00:41:01.707+0000] {logging_mixin.py:188} INFO - [2024-04-17T00:41:01.706+0000] {dag.py:3954} INFO - Setting next_dagrun for example_task_group_decorator to 2024-04-16 00:00:00+00:00, run_after=2024-04-17 00:00:00+00:00
[2024-04-17T00:41:01.744+0000] {processor.py:183} INFO - Processing /home/airflow/.local/lib/python3.12/site-packages/airflow/example_dags/example_task_group_decorator.py took 0.218 seconds
[2024-04-17T00:41:32.697+0000] {processor.py:161} INFO - Started process (PID=616) to work on /home/airflow/.local/lib/python3.12/site-packages/airflow/example_dags/example_task_group_decorator.py
[2024-04-17T00:41:32.698+0000] {processor.py:830} INFO - Processing file /home/airflow/.local/lib/python3.12/site-packages/airflow/example_dags/example_task_group_decorator.py for tasks to queue
[2024-04-17T00:41:32.700+0000] {logging_mixin.py:188} INFO - [2024-04-17T00:41:32.700+0000] {dagbag.py:540} INFO - Filling up the DagBag from /home/airflow/.local/lib/python3.12/site-packages/airflow/example_dags/example_task_group_decorator.py
[2024-04-17T00:41:32.720+0000] {processor.py:840} INFO - DAG(s) 'example_task_group_decorator' retrieved from /home/airflow/.local/lib/python3.12/site-packages/airflow/example_dags/example_task_group_decorator.py
[2024-04-17T00:41:32.747+0000] {logging_mixin.py:188} INFO - [2024-04-17T00:41:32.747+0000] {dag.py:3096} INFO - Sync 1 DAGs
[2024-04-17T00:41:32.774+0000] {logging_mixin.py:188} INFO - [2024-04-17T00:41:32.774+0000] {dag.py:3954} INFO - Setting next_dagrun for example_task_group_decorator to 2024-04-16 00:00:00+00:00, run_after=2024-04-17 00:00:00+00:00
[2024-04-17T00:41:32.798+0000] {processor.py:183} INFO - Processing /home/airflow/.local/lib/python3.12/site-packages/airflow/example_dags/example_task_group_decorator.py took 0.107 seconds
[2024-04-17T00:42:03.242+0000] {processor.py:161} INFO - Started process (PID=878) to work on /home/airflow/.local/lib/python3.12/site-packages/airflow/example_dags/example_task_group_decorator.py
[2024-04-17T00:42:03.243+0000] {processor.py:830} INFO - Processing file /home/airflow/.local/lib/python3.12/site-packages/airflow/example_dags/example_task_group_decorator.py for tasks to queue
[2024-04-17T00:42:03.245+0000] {logging_mixin.py:188} INFO - [2024-04-17T00:42:03.245+0000] {dagbag.py:540} INFO - Filling up the DagBag from /home/airflow/.local/lib/python3.12/site-packages/airflow/example_dags/example_task_group_decorator.py
[2024-04-17T00:42:03.263+0000] {processor.py:840} INFO - DAG(s) 'example_task_group_decorator' retrieved from /home/airflow/.local/lib/python3.12/site-packages/airflow/example_dags/example_task_group_decorator.py
[2024-04-17T00:42:03.295+0000] {logging_mixin.py:188} INFO - [2024-04-17T00:42:03.295+0000] {dag.py:3096} INFO - Sync 1 DAGs
[2024-04-17T00:42:03.319+0000] {logging_mixin.py:188} INFO - [2024-04-17T00:42:03.319+0000] {dag.py:3954} INFO - Setting next_dagrun for example_task_group_decorator to 2024-04-16 00:00:00+00:00, run_after=2024-04-17 00:00:00+00:00
[2024-04-17T00:42:03.342+0000] {processor.py:183} INFO - Processing /home/airflow/.local/lib/python3.12/site-packages/airflow/example_dags/example_task_group_decorator.py took 0.105 seconds
[2024-04-17T00:42:34.230+0000] {processor.py:161} INFO - Started process (PID=1140) to work on /home/airflow/.local/lib/python3.12/site-packages/airflow/example_dags/example_task_group_decorator.py
[2024-04-17T00:42:34.231+0000] {processor.py:830} INFO - Processing file /home/airflow/.local/lib/python3.12/site-packages/airflow/example_dags/example_task_group_decorator.py for tasks to queue
[2024-04-17T00:42:34.232+0000] {logging_mixin.py:188} INFO - [2024-04-17T00:42:34.232+0000] {dagbag.py:540} INFO - Filling up the DagBag from /home/airflow/.local/lib/python3.12/site-packages/airflow/example_dags/example_task_group_decorator.py
[2024-04-17T00:42:34.246+0000] {processor.py:840} INFO - DAG(s) 'example_task_group_decorator' retrieved from /home/airflow/.local/lib/python3.12/site-packages/airflow/example_dags/example_task_group_decorator.py
[2024-04-17T00:42:34.268+0000] {logging_mixin.py:188} INFO - [2024-04-17T00:42:34.268+0000] {dag.py:3096} INFO - Sync 1 DAGs
[2024-04-17T00:42:34.293+0000] {logging_mixin.py:188} INFO - [2024-04-17T00:42:34.292+0000] {dag.py:3954} INFO - Setting next_dagrun for example_task_group_decorator to 2024-04-16 00:00:00+00:00, run_after=2024-04-17 00:00:00+00:00
[2024-04-17T00:42:34.317+0000] {processor.py:183} INFO - Processing /home/airflow/.local/lib/python3.12/site-packages/airflow/example_dags/example_task_group_decorator.py took 0.093 seconds
[2024-04-17T00:45:25.415+0000] {processor.py:161} INFO - Started process (PID=364) to work on /home/airflow/.local/lib/python3.12/site-packages/airflow/example_dags/example_task_group_decorator.py
[2024-04-17T00:45:25.416+0000] {processor.py:830} INFO - Processing file /home/airflow/.local/lib/python3.12/site-packages/airflow/example_dags/example_task_group_decorator.py for tasks to queue
[2024-04-17T00:45:25.426+0000] {logging_mixin.py:188} INFO - [2024-04-17T00:45:25.426+0000] {dagbag.py:540} INFO - Filling up the DagBag from /home/airflow/.local/lib/python3.12/site-packages/airflow/example_dags/example_task_group_decorator.py
[2024-04-17T00:45:25.448+0000] {processor.py:840} INFO - DAG(s) 'example_task_group_decorator' retrieved from /home/airflow/.local/lib/python3.12/site-packages/airflow/example_dags/example_task_group_decorator.py
[2024-04-17T00:45:25.570+0000] {logging_mixin.py:188} INFO - [2024-04-17T00:45:25.570+0000] {dag.py:3096} INFO - Sync 1 DAGs
[2024-04-17T00:45:25.590+0000] {logging_mixin.py:188} INFO - [2024-04-17T00:45:25.589+0000] {dag.py:3954} INFO - Setting next_dagrun for example_task_group_decorator to 2024-04-16 00:00:00+00:00, run_after=2024-04-17 00:00:00+00:00
[2024-04-17T00:45:26.056+0000] {processor.py:183} INFO - Processing /home/airflow/.local/lib/python3.12/site-packages/airflow/example_dags/example_task_group_decorator.py took 0.647 seconds
[2024-04-17T00:45:57.250+0000] {processor.py:161} INFO - Started process (PID=631) to work on /home/airflow/.local/lib/python3.12/site-packages/airflow/example_dags/example_task_group_decorator.py
[2024-04-17T00:45:57.261+0000] {processor.py:830} INFO - Processing file /home/airflow/.local/lib/python3.12/site-packages/airflow/example_dags/example_task_group_decorator.py for tasks to queue
[2024-04-17T00:45:57.270+0000] {logging_mixin.py:188} INFO - [2024-04-17T00:45:57.269+0000] {dagbag.py:540} INFO - Filling up the DagBag from /home/airflow/.local/lib/python3.12/site-packages/airflow/example_dags/example_task_group_decorator.py
[2024-04-17T00:45:57.324+0000] {processor.py:840} INFO - DAG(s) 'example_task_group_decorator' retrieved from /home/airflow/.local/lib/python3.12/site-packages/airflow/example_dags/example_task_group_decorator.py
[2024-04-17T00:45:57.351+0000] {logging_mixin.py:188} INFO - [2024-04-17T00:45:57.351+0000] {dag.py:3096} INFO - Sync 1 DAGs
[2024-04-17T00:45:57.378+0000] {logging_mixin.py:188} INFO - [2024-04-17T00:45:57.377+0000] {dag.py:3954} INFO - Setting next_dagrun for example_task_group_decorator to 2024-04-16 00:00:00+00:00, run_after=2024-04-17 00:00:00+00:00
[2024-04-17T00:45:58.045+0000] {processor.py:183} INFO - Processing /home/airflow/.local/lib/python3.12/site-packages/airflow/example_dags/example_task_group_decorator.py took 0.807 seconds
[2024-04-17T00:46:28.728+0000] {processor.py:161} INFO - Started process (PID=901) to work on /home/airflow/.local/lib/python3.12/site-packages/airflow/example_dags/example_task_group_decorator.py
[2024-04-17T00:46:28.729+0000] {processor.py:830} INFO - Processing file /home/airflow/.local/lib/python3.12/site-packages/airflow/example_dags/example_task_group_decorator.py for tasks to queue
[2024-04-17T00:46:28.730+0000] {logging_mixin.py:188} INFO - [2024-04-17T00:46:28.730+0000] {dagbag.py:540} INFO - Filling up the DagBag from /home/airflow/.local/lib/python3.12/site-packages/airflow/example_dags/example_task_group_decorator.py
[2024-04-17T00:46:28.753+0000] {processor.py:840} INFO - DAG(s) 'example_task_group_decorator' retrieved from /home/airflow/.local/lib/python3.12/site-packages/airflow/example_dags/example_task_group_decorator.py
[2024-04-17T00:46:28.786+0000] {logging_mixin.py:188} INFO - [2024-04-17T00:46:28.786+0000] {dag.py:3096} INFO - Sync 1 DAGs
[2024-04-17T00:46:28.823+0000] {logging_mixin.py:188} INFO - [2024-04-17T00:46:28.823+0000] {dag.py:3954} INFO - Setting next_dagrun for example_task_group_decorator to 2024-04-16 00:00:00+00:00, run_after=2024-04-17 00:00:00+00:00
[2024-04-17T00:46:29.074+0000] {processor.py:183} INFO - Processing /home/airflow/.local/lib/python3.12/site-packages/airflow/example_dags/example_task_group_decorator.py took 0.353 seconds
[2024-04-17T00:46:59.211+0000] {processor.py:161} INFO - Started process (PID=1170) to work on /home/airflow/.local/lib/python3.12/site-packages/airflow/example_dags/example_task_group_decorator.py
[2024-04-17T00:46:59.212+0000] {processor.py:830} INFO - Processing file /home/airflow/.local/lib/python3.12/site-packages/airflow/example_dags/example_task_group_decorator.py for tasks to queue
[2024-04-17T00:46:59.214+0000] {logging_mixin.py:188} INFO - [2024-04-17T00:46:59.214+0000] {dagbag.py:540} INFO - Filling up the DagBag from /home/airflow/.local/lib/python3.12/site-packages/airflow/example_dags/example_task_group_decorator.py
[2024-04-17T00:46:59.245+0000] {processor.py:840} INFO - DAG(s) 'example_task_group_decorator' retrieved from /home/airflow/.local/lib/python3.12/site-packages/airflow/example_dags/example_task_group_decorator.py
[2024-04-17T00:46:59.290+0000] {logging_mixin.py:188} INFO - [2024-04-17T00:46:59.289+0000] {dag.py:3096} INFO - Sync 1 DAGs
[2024-04-17T00:46:59.328+0000] {logging_mixin.py:188} INFO - [2024-04-17T00:46:59.328+0000] {dag.py:3954} INFO - Setting next_dagrun for example_task_group_decorator to 2024-04-16 00:00:00+00:00, run_after=2024-04-17 00:00:00+00:00
[2024-04-17T00:46:59.511+0000] {processor.py:183} INFO - Processing /home/airflow/.local/lib/python3.12/site-packages/airflow/example_dags/example_task_group_decorator.py took 0.308 seconds
[2024-04-17T00:47:29.653+0000] {processor.py:161} INFO - Started process (PID=1437) to work on /home/airflow/.local/lib/python3.12/site-packages/airflow/example_dags/example_task_group_decorator.py
[2024-04-17T00:47:29.654+0000] {processor.py:830} INFO - Processing file /home/airflow/.local/lib/python3.12/site-packages/airflow/example_dags/example_task_group_decorator.py for tasks to queue
[2024-04-17T00:47:29.657+0000] {logging_mixin.py:188} INFO - [2024-04-17T00:47:29.656+0000] {dagbag.py:540} INFO - Filling up the DagBag from /home/airflow/.local/lib/python3.12/site-packages/airflow/example_dags/example_task_group_decorator.py
[2024-04-17T00:47:29.676+0000] {processor.py:840} INFO - DAG(s) 'example_task_group_decorator' retrieved from /home/airflow/.local/lib/python3.12/site-packages/airflow/example_dags/example_task_group_decorator.py
[2024-04-17T00:47:29.706+0000] {logging_mixin.py:188} INFO - [2024-04-17T00:47:29.706+0000] {dag.py:3096} INFO - Sync 1 DAGs
[2024-04-17T00:47:29.729+0000] {logging_mixin.py:188} INFO - [2024-04-17T00:47:29.729+0000] {dag.py:3954} INFO - Setting next_dagrun for example_task_group_decorator to 2024-04-16 00:00:00+00:00, run_after=2024-04-17 00:00:00+00:00
[2024-04-17T00:47:29.991+0000] {processor.py:183} INFO - Processing /home/airflow/.local/lib/python3.12/site-packages/airflow/example_dags/example_task_group_decorator.py took 0.344 seconds
[2024-04-17T00:48:00.639+0000] {processor.py:161} INFO - Started process (PID=1702) to work on /home/airflow/.local/lib/python3.12/site-packages/airflow/example_dags/example_task_group_decorator.py
[2024-04-17T00:48:00.640+0000] {processor.py:830} INFO - Processing file /home/airflow/.local/lib/python3.12/site-packages/airflow/example_dags/example_task_group_decorator.py for tasks to queue
[2024-04-17T00:48:00.642+0000] {logging_mixin.py:188} INFO - [2024-04-17T00:48:00.641+0000] {dagbag.py:540} INFO - Filling up the DagBag from /home/airflow/.local/lib/python3.12/site-packages/airflow/example_dags/example_task_group_decorator.py
[2024-04-17T00:48:00.656+0000] {processor.py:840} INFO - DAG(s) 'example_task_group_decorator' retrieved from /home/airflow/.local/lib/python3.12/site-packages/airflow/example_dags/example_task_group_decorator.py
[2024-04-17T00:48:00.681+0000] {logging_mixin.py:188} INFO - [2024-04-17T00:48:00.681+0000] {dag.py:3096} INFO - Sync 1 DAGs
[2024-04-17T00:48:00.704+0000] {logging_mixin.py:188} INFO - [2024-04-17T00:48:00.704+0000] {dag.py:3954} INFO - Setting next_dagrun for example_task_group_decorator to 2024-04-16 00:00:00+00:00, run_after=2024-04-17 00:00:00+00:00
[2024-04-17T00:48:01.510+0000] {processor.py:183} INFO - Processing /home/airflow/.local/lib/python3.12/site-packages/airflow/example_dags/example_task_group_decorator.py took 0.877 seconds
[2024-04-17T00:48:39.977+0000] {processor.py:161} INFO - Started process (PID=1974) to work on /home/airflow/.local/lib/python3.12/site-packages/airflow/example_dags/example_task_group_decorator.py
[2024-04-17T00:48:39.978+0000] {processor.py:830} INFO - Processing file /home/airflow/.local/lib/python3.12/site-packages/airflow/example_dags/example_task_group_decorator.py for tasks to queue
[2024-04-17T00:48:39.980+0000] {logging_mixin.py:188} INFO - [2024-04-17T00:48:39.979+0000] {dagbag.py:540} INFO - Filling up the DagBag from /home/airflow/.local/lib/python3.12/site-packages/airflow/example_dags/example_task_group_decorator.py
[2024-04-17T00:48:40.000+0000] {processor.py:840} INFO - DAG(s) 'example_task_group_decorator' retrieved from /home/airflow/.local/lib/python3.12/site-packages/airflow/example_dags/example_task_group_decorator.py
[2024-04-17T00:48:40.036+0000] {logging_mixin.py:188} INFO - [2024-04-17T00:48:40.035+0000] {dag.py:3096} INFO - Sync 1 DAGs
[2024-04-17T00:48:40.066+0000] {logging_mixin.py:188} INFO - [2024-04-17T00:48:40.065+0000] {dag.py:3954} INFO - Setting next_dagrun for example_task_group_decorator to 2024-04-16 00:00:00+00:00, run_after=2024-04-17 00:00:00+00:00
[2024-04-17T00:48:40.516+0000] {processor.py:183} INFO - Processing /home/airflow/.local/lib/python3.12/site-packages/airflow/example_dags/example_task_group_decorator.py took 0.546 seconds
