[2024-04-17T00:41:00.922+0000] {processor.py:161} INFO - Started process (PID=325) to work on /home/airflow/.local/lib/python3.12/site-packages/airflow/example_dags/tutorial_dag.py
[2024-04-17T00:41:00.923+0000] {processor.py:830} INFO - Processing file /home/airflow/.local/lib/python3.12/site-packages/airflow/example_dags/tutorial_dag.py for tasks to queue
[2024-04-17T00:41:00.925+0000] {logging_mixin.py:188} INFO - [2024-04-17T00:41:00.924+0000] {dagbag.py:540} INFO - Filling up the DagBag from /home/airflow/.local/lib/python3.12/site-packages/airflow/example_dags/tutorial_dag.py
[2024-04-17T00:41:00.935+0000] {processor.py:840} INFO - DAG(s) 'tutorial_dag' retrieved from /home/airflow/.local/lib/python3.12/site-packages/airflow/example_dags/tutorial_dag.py
[2024-04-17T00:41:01.050+0000] {logging_mixin.py:188} INFO - [2024-04-17T00:41:01.050+0000] {dag.py:3096} INFO - Sync 1 DAGs
[2024-04-17T00:41:01.061+0000] {logging_mixin.py:188} INFO - [2024-04-17T00:41:01.060+0000] {dag.py:3954} INFO - Setting next_dagrun for tutorial_dag to None, run_after=None
[2024-04-17T00:41:01.082+0000] {processor.py:183} INFO - Processing /home/airflow/.local/lib/python3.12/site-packages/airflow/example_dags/tutorial_dag.py took 0.166 seconds
[2024-04-17T00:41:31.405+0000] {processor.py:161} INFO - Started process (PID=586) to work on /home/airflow/.local/lib/python3.12/site-packages/airflow/example_dags/tutorial_dag.py
[2024-04-17T00:41:31.406+0000] {processor.py:830} INFO - Processing file /home/airflow/.local/lib/python3.12/site-packages/airflow/example_dags/tutorial_dag.py for tasks to queue
[2024-04-17T00:41:31.407+0000] {logging_mixin.py:188} INFO - [2024-04-17T00:41:31.407+0000] {dagbag.py:540} INFO - Filling up the DagBag from /home/airflow/.local/lib/python3.12/site-packages/airflow/example_dags/tutorial_dag.py
[2024-04-17T00:41:31.412+0000] {processor.py:840} INFO - DAG(s) 'tutorial_dag' retrieved from /home/airflow/.local/lib/python3.12/site-packages/airflow/example_dags/tutorial_dag.py
[2024-04-17T00:41:31.430+0000] {logging_mixin.py:188} INFO - [2024-04-17T00:41:31.430+0000] {dag.py:3096} INFO - Sync 1 DAGs
[2024-04-17T00:41:31.442+0000] {logging_mixin.py:188} INFO - [2024-04-17T00:41:31.442+0000] {dag.py:3954} INFO - Setting next_dagrun for tutorial_dag to None, run_after=None
[2024-04-17T00:41:31.461+0000] {processor.py:183} INFO - Processing /home/airflow/.local/lib/python3.12/site-packages/airflow/example_dags/tutorial_dag.py took 0.061 seconds
[2024-04-17T00:42:01.603+0000] {processor.py:161} INFO - Started process (PID=846) to work on /home/airflow/.local/lib/python3.12/site-packages/airflow/example_dags/tutorial_dag.py
[2024-04-17T00:42:01.604+0000] {processor.py:830} INFO - Processing file /home/airflow/.local/lib/python3.12/site-packages/airflow/example_dags/tutorial_dag.py for tasks to queue
[2024-04-17T00:42:01.607+0000] {logging_mixin.py:188} INFO - [2024-04-17T00:42:01.606+0000] {dagbag.py:540} INFO - Filling up the DagBag from /home/airflow/.local/lib/python3.12/site-packages/airflow/example_dags/tutorial_dag.py
[2024-04-17T00:42:01.615+0000] {processor.py:840} INFO - DAG(s) 'tutorial_dag' retrieved from /home/airflow/.local/lib/python3.12/site-packages/airflow/example_dags/tutorial_dag.py
[2024-04-17T00:42:01.641+0000] {logging_mixin.py:188} INFO - [2024-04-17T00:42:01.640+0000] {dag.py:3096} INFO - Sync 1 DAGs
[2024-04-17T00:42:01.660+0000] {logging_mixin.py:188} INFO - [2024-04-17T00:42:01.660+0000] {dag.py:3954} INFO - Setting next_dagrun for tutorial_dag to None, run_after=None
[2024-04-17T00:42:01.691+0000] {processor.py:183} INFO - Processing /home/airflow/.local/lib/python3.12/site-packages/airflow/example_dags/tutorial_dag.py took 0.094 seconds
[2024-04-17T00:42:31.792+0000] {processor.py:161} INFO - Started process (PID=1103) to work on /home/airflow/.local/lib/python3.12/site-packages/airflow/example_dags/tutorial_dag.py
[2024-04-17T00:42:31.793+0000] {processor.py:830} INFO - Processing file /home/airflow/.local/lib/python3.12/site-packages/airflow/example_dags/tutorial_dag.py for tasks to queue
[2024-04-17T00:42:31.795+0000] {logging_mixin.py:188} INFO - [2024-04-17T00:42:31.795+0000] {dagbag.py:540} INFO - Filling up the DagBag from /home/airflow/.local/lib/python3.12/site-packages/airflow/example_dags/tutorial_dag.py
[2024-04-17T00:42:31.799+0000] {processor.py:840} INFO - DAG(s) 'tutorial_dag' retrieved from /home/airflow/.local/lib/python3.12/site-packages/airflow/example_dags/tutorial_dag.py
[2024-04-17T00:42:31.817+0000] {logging_mixin.py:188} INFO - [2024-04-17T00:42:31.817+0000] {dag.py:3096} INFO - Sync 1 DAGs
[2024-04-17T00:42:31.830+0000] {logging_mixin.py:188} INFO - [2024-04-17T00:42:31.830+0000] {dag.py:3954} INFO - Setting next_dagrun for tutorial_dag to None, run_after=None
[2024-04-17T00:42:31.848+0000] {processor.py:183} INFO - Processing /home/airflow/.local/lib/python3.12/site-packages/airflow/example_dags/tutorial_dag.py took 0.061 seconds
[2024-04-17T00:45:20.771+0000] {processor.py:161} INFO - Started process (PID=334) to work on /home/airflow/.local/lib/python3.12/site-packages/airflow/example_dags/tutorial_dag.py
[2024-04-17T00:45:20.782+0000] {processor.py:830} INFO - Processing file /home/airflow/.local/lib/python3.12/site-packages/airflow/example_dags/tutorial_dag.py for tasks to queue
[2024-04-17T00:45:20.785+0000] {logging_mixin.py:188} INFO - [2024-04-17T00:45:20.785+0000] {dagbag.py:540} INFO - Filling up the DagBag from /home/airflow/.local/lib/python3.12/site-packages/airflow/example_dags/tutorial_dag.py
[2024-04-17T00:45:20.804+0000] {processor.py:840} INFO - DAG(s) 'tutorial_dag' retrieved from /home/airflow/.local/lib/python3.12/site-packages/airflow/example_dags/tutorial_dag.py
[2024-04-17T00:45:20.959+0000] {logging_mixin.py:188} INFO - [2024-04-17T00:45:20.958+0000] {dag.py:3096} INFO - Sync 1 DAGs
[2024-04-17T00:45:20.991+0000] {logging_mixin.py:188} INFO - [2024-04-17T00:45:20.991+0000] {dag.py:3954} INFO - Setting next_dagrun for tutorial_dag to None, run_after=None
[2024-04-17T00:45:21.691+0000] {processor.py:183} INFO - Processing /home/airflow/.local/lib/python3.12/site-packages/airflow/example_dags/tutorial_dag.py took 0.929 seconds
[2024-04-17T00:45:52.279+0000] {processor.py:161} INFO - Started process (PID=600) to work on /home/airflow/.local/lib/python3.12/site-packages/airflow/example_dags/tutorial_dag.py
[2024-04-17T00:45:52.280+0000] {processor.py:830} INFO - Processing file /home/airflow/.local/lib/python3.12/site-packages/airflow/example_dags/tutorial_dag.py for tasks to queue
[2024-04-17T00:45:52.285+0000] {logging_mixin.py:188} INFO - [2024-04-17T00:45:52.284+0000] {dagbag.py:540} INFO - Filling up the DagBag from /home/airflow/.local/lib/python3.12/site-packages/airflow/example_dags/tutorial_dag.py
[2024-04-17T00:45:52.299+0000] {processor.py:840} INFO - DAG(s) 'tutorial_dag' retrieved from /home/airflow/.local/lib/python3.12/site-packages/airflow/example_dags/tutorial_dag.py
[2024-04-17T00:45:52.333+0000] {logging_mixin.py:188} INFO - [2024-04-17T00:45:52.333+0000] {dag.py:3096} INFO - Sync 1 DAGs
[2024-04-17T00:45:52.349+0000] {logging_mixin.py:188} INFO - [2024-04-17T00:45:52.349+0000] {dag.py:3954} INFO - Setting next_dagrun for tutorial_dag to None, run_after=None
[2024-04-17T00:45:52.611+0000] {processor.py:183} INFO - Processing /home/airflow/.local/lib/python3.12/site-packages/airflow/example_dags/tutorial_dag.py took 0.346 seconds
[2024-04-17T00:46:23.325+0000] {processor.py:161} INFO - Started process (PID=868) to work on /home/airflow/.local/lib/python3.12/site-packages/airflow/example_dags/tutorial_dag.py
[2024-04-17T00:46:23.327+0000] {processor.py:830} INFO - Processing file /home/airflow/.local/lib/python3.12/site-packages/airflow/example_dags/tutorial_dag.py for tasks to queue
[2024-04-17T00:46:23.331+0000] {logging_mixin.py:188} INFO - [2024-04-17T00:46:23.330+0000] {dagbag.py:540} INFO - Filling up the DagBag from /home/airflow/.local/lib/python3.12/site-packages/airflow/example_dags/tutorial_dag.py
[2024-04-17T00:46:23.337+0000] {processor.py:840} INFO - DAG(s) 'tutorial_dag' retrieved from /home/airflow/.local/lib/python3.12/site-packages/airflow/example_dags/tutorial_dag.py
[2024-04-17T00:46:23.358+0000] {logging_mixin.py:188} INFO - [2024-04-17T00:46:23.357+0000] {dag.py:3096} INFO - Sync 1 DAGs
[2024-04-17T00:46:23.373+0000] {logging_mixin.py:188} INFO - [2024-04-17T00:46:23.372+0000] {dag.py:3954} INFO - Setting next_dagrun for tutorial_dag to None, run_after=None
[2024-04-17T00:46:23.644+0000] {processor.py:183} INFO - Processing /home/airflow/.local/lib/python3.12/site-packages/airflow/example_dags/tutorial_dag.py took 0.331 seconds
[2024-04-17T00:46:53.789+0000] {processor.py:161} INFO - Started process (PID=1135) to work on /home/airflow/.local/lib/python3.12/site-packages/airflow/example_dags/tutorial_dag.py
[2024-04-17T00:46:53.790+0000] {processor.py:830} INFO - Processing file /home/airflow/.local/lib/python3.12/site-packages/airflow/example_dags/tutorial_dag.py for tasks to queue
[2024-04-17T00:46:53.793+0000] {logging_mixin.py:188} INFO - [2024-04-17T00:46:53.792+0000] {dagbag.py:540} INFO - Filling up the DagBag from /home/airflow/.local/lib/python3.12/site-packages/airflow/example_dags/tutorial_dag.py
[2024-04-17T00:46:53.798+0000] {processor.py:840} INFO - DAG(s) 'tutorial_dag' retrieved from /home/airflow/.local/lib/python3.12/site-packages/airflow/example_dags/tutorial_dag.py
[2024-04-17T00:46:53.829+0000] {logging_mixin.py:188} INFO - [2024-04-17T00:46:53.829+0000] {dag.py:3096} INFO - Sync 1 DAGs
[2024-04-17T00:46:53.856+0000] {logging_mixin.py:188} INFO - [2024-04-17T00:46:53.856+0000] {dag.py:3954} INFO - Setting next_dagrun for tutorial_dag to None, run_after=None
[2024-04-17T00:46:53.972+0000] {processor.py:183} INFO - Processing /home/airflow/.local/lib/python3.12/site-packages/airflow/example_dags/tutorial_dag.py took 0.191 seconds
[2024-04-17T00:47:24.589+0000] {processor.py:161} INFO - Started process (PID=1405) to work on /home/airflow/.local/lib/python3.12/site-packages/airflow/example_dags/tutorial_dag.py
[2024-04-17T00:47:24.590+0000] {processor.py:830} INFO - Processing file /home/airflow/.local/lib/python3.12/site-packages/airflow/example_dags/tutorial_dag.py for tasks to queue
[2024-04-17T00:47:24.593+0000] {logging_mixin.py:188} INFO - [2024-04-17T00:47:24.592+0000] {dagbag.py:540} INFO - Filling up the DagBag from /home/airflow/.local/lib/python3.12/site-packages/airflow/example_dags/tutorial_dag.py
[2024-04-17T00:47:24.599+0000] {processor.py:840} INFO - DAG(s) 'tutorial_dag' retrieved from /home/airflow/.local/lib/python3.12/site-packages/airflow/example_dags/tutorial_dag.py
[2024-04-17T00:47:24.622+0000] {logging_mixin.py:188} INFO - [2024-04-17T00:47:24.622+0000] {dag.py:3096} INFO - Sync 1 DAGs
[2024-04-17T00:47:24.642+0000] {logging_mixin.py:188} INFO - [2024-04-17T00:47:24.641+0000] {dag.py:3954} INFO - Setting next_dagrun for tutorial_dag to None, run_after=None
[2024-04-17T00:47:24.821+0000] {processor.py:183} INFO - Processing /home/airflow/.local/lib/python3.12/site-packages/airflow/example_dags/tutorial_dag.py took 0.240 seconds
[2024-04-17T00:47:55.146+0000] {processor.py:161} INFO - Started process (PID=1672) to work on /home/airflow/.local/lib/python3.12/site-packages/airflow/example_dags/tutorial_dag.py
[2024-04-17T00:47:55.147+0000] {processor.py:830} INFO - Processing file /home/airflow/.local/lib/python3.12/site-packages/airflow/example_dags/tutorial_dag.py for tasks to queue
[2024-04-17T00:47:55.149+0000] {logging_mixin.py:188} INFO - [2024-04-17T00:47:55.148+0000] {dagbag.py:540} INFO - Filling up the DagBag from /home/airflow/.local/lib/python3.12/site-packages/airflow/example_dags/tutorial_dag.py
[2024-04-17T00:47:55.155+0000] {processor.py:840} INFO - DAG(s) 'tutorial_dag' retrieved from /home/airflow/.local/lib/python3.12/site-packages/airflow/example_dags/tutorial_dag.py
[2024-04-17T00:47:55.183+0000] {logging_mixin.py:188} INFO - [2024-04-17T00:47:55.182+0000] {dag.py:3096} INFO - Sync 1 DAGs
[2024-04-17T00:47:55.199+0000] {logging_mixin.py:188} INFO - [2024-04-17T00:47:55.199+0000] {dag.py:3954} INFO - Setting next_dagrun for tutorial_dag to None, run_after=None
[2024-04-17T00:47:55.238+0000] {processor.py:183} INFO - Processing /home/airflow/.local/lib/python3.12/site-packages/airflow/example_dags/tutorial_dag.py took 0.098 seconds
[2024-04-17T00:48:25.493+0000] {processor.py:161} INFO - Started process (PID=1938) to work on /home/airflow/.local/lib/python3.12/site-packages/airflow/example_dags/tutorial_dag.py
[2024-04-17T00:48:25.494+0000] {processor.py:830} INFO - Processing file /home/airflow/.local/lib/python3.12/site-packages/airflow/example_dags/tutorial_dag.py for tasks to queue
[2024-04-17T00:48:25.498+0000] {logging_mixin.py:188} INFO - [2024-04-17T00:48:25.497+0000] {dagbag.py:540} INFO - Filling up the DagBag from /home/airflow/.local/lib/python3.12/site-packages/airflow/example_dags/tutorial_dag.py
[2024-04-17T00:48:25.504+0000] {processor.py:840} INFO - DAG(s) 'tutorial_dag' retrieved from /home/airflow/.local/lib/python3.12/site-packages/airflow/example_dags/tutorial_dag.py
[2024-04-17T00:48:25.531+0000] {logging_mixin.py:188} INFO - [2024-04-17T00:48:25.531+0000] {dag.py:3096} INFO - Sync 1 DAGs
[2024-04-17T00:48:25.551+0000] {logging_mixin.py:188} INFO - [2024-04-17T00:48:25.551+0000] {dag.py:3954} INFO - Setting next_dagrun for tutorial_dag to None, run_after=None
[2024-04-17T00:48:25.581+0000] {processor.py:183} INFO - Processing /home/airflow/.local/lib/python3.12/site-packages/airflow/example_dags/tutorial_dag.py took 0.096 seconds
