[2024-04-17T00:40:58.301+0000] {processor.py:161} INFO - Started process (PID=255) to work on /home/airflow/.local/lib/python3.12/site-packages/airflow/example_dags/tutorial.py
[2024-04-17T00:40:58.302+0000] {processor.py:830} INFO - Processing file /home/airflow/.local/lib/python3.12/site-packages/airflow/example_dags/tutorial.py for tasks to queue
[2024-04-17T00:40:58.304+0000] {logging_mixin.py:188} INFO - [2024-04-17T00:40:58.303+0000] {dagbag.py:540} INFO - Filling up the DagBag from /home/airflow/.local/lib/python3.12/site-packages/airflow/example_dags/tutorial.py
[2024-04-17T00:40:58.312+0000] {processor.py:840} INFO - DAG(s) 'tutorial' retrieved from /home/airflow/.local/lib/python3.12/site-packages/airflow/example_dags/tutorial.py
[2024-04-17T00:40:58.430+0000] {logging_mixin.py:188} INFO - [2024-04-17T00:40:58.429+0000] {dag.py:3096} INFO - Sync 1 DAGs
[2024-04-17T00:40:58.453+0000] {logging_mixin.py:188} INFO - [2024-04-17T00:40:58.453+0000] {dag.py:3954} INFO - Setting next_dagrun for tutorial to 2024-04-16 00:00:00+00:00, run_after=2024-04-17 00:00:00+00:00
[2024-04-17T00:40:58.476+0000] {processor.py:183} INFO - Processing /home/airflow/.local/lib/python3.12/site-packages/airflow/example_dags/tutorial.py took 0.180 seconds
[2024-04-17T00:41:29.250+0000] {processor.py:161} INFO - Started process (PID=514) to work on /home/airflow/.local/lib/python3.12/site-packages/airflow/example_dags/tutorial.py
[2024-04-17T00:41:29.251+0000] {processor.py:830} INFO - Processing file /home/airflow/.local/lib/python3.12/site-packages/airflow/example_dags/tutorial.py for tasks to queue
[2024-04-17T00:41:29.253+0000] {logging_mixin.py:188} INFO - [2024-04-17T00:41:29.253+0000] {dagbag.py:540} INFO - Filling up the DagBag from /home/airflow/.local/lib/python3.12/site-packages/airflow/example_dags/tutorial.py
[2024-04-17T00:41:29.260+0000] {processor.py:840} INFO - DAG(s) 'tutorial' retrieved from /home/airflow/.local/lib/python3.12/site-packages/airflow/example_dags/tutorial.py
[2024-04-17T00:41:29.283+0000] {logging_mixin.py:188} INFO - [2024-04-17T00:41:29.283+0000] {dag.py:3096} INFO - Sync 1 DAGs
[2024-04-17T00:41:29.307+0000] {logging_mixin.py:188} INFO - [2024-04-17T00:41:29.306+0000] {dag.py:3954} INFO - Setting next_dagrun for tutorial to 2024-04-16 00:00:00+00:00, run_after=2024-04-17 00:00:00+00:00
[2024-04-17T00:41:29.330+0000] {processor.py:183} INFO - Processing /home/airflow/.local/lib/python3.12/site-packages/airflow/example_dags/tutorial.py took 0.086 seconds
[2024-04-17T00:42:00.424+0000] {processor.py:161} INFO - Started process (PID=778) to work on /home/airflow/.local/lib/python3.12/site-packages/airflow/example_dags/tutorial.py
[2024-04-17T00:42:00.425+0000] {processor.py:830} INFO - Processing file /home/airflow/.local/lib/python3.12/site-packages/airflow/example_dags/tutorial.py for tasks to queue
[2024-04-17T00:42:00.427+0000] {logging_mixin.py:188} INFO - [2024-04-17T00:42:00.427+0000] {dagbag.py:540} INFO - Filling up the DagBag from /home/airflow/.local/lib/python3.12/site-packages/airflow/example_dags/tutorial.py
[2024-04-17T00:42:00.436+0000] {processor.py:840} INFO - DAG(s) 'tutorial' retrieved from /home/airflow/.local/lib/python3.12/site-packages/airflow/example_dags/tutorial.py
[2024-04-17T00:42:00.471+0000] {logging_mixin.py:188} INFO - [2024-04-17T00:42:00.471+0000] {dag.py:3096} INFO - Sync 1 DAGs
[2024-04-17T00:42:00.504+0000] {logging_mixin.py:188} INFO - [2024-04-17T00:42:00.503+0000] {dag.py:3954} INFO - Setting next_dagrun for tutorial to 2024-04-16 00:00:00+00:00, run_after=2024-04-17 00:00:00+00:00
[2024-04-17T00:42:00.536+0000] {processor.py:183} INFO - Processing /home/airflow/.local/lib/python3.12/site-packages/airflow/example_dags/tutorial.py took 0.119 seconds
[2024-04-17T00:42:31.061+0000] {processor.py:161} INFO - Started process (PID=1040) to work on /home/airflow/.local/lib/python3.12/site-packages/airflow/example_dags/tutorial.py
[2024-04-17T00:42:31.062+0000] {processor.py:830} INFO - Processing file /home/airflow/.local/lib/python3.12/site-packages/airflow/example_dags/tutorial.py for tasks to queue
[2024-04-17T00:42:31.064+0000] {logging_mixin.py:188} INFO - [2024-04-17T00:42:31.064+0000] {dagbag.py:540} INFO - Filling up the DagBag from /home/airflow/.local/lib/python3.12/site-packages/airflow/example_dags/tutorial.py
[2024-04-17T00:42:31.069+0000] {processor.py:840} INFO - DAG(s) 'tutorial' retrieved from /home/airflow/.local/lib/python3.12/site-packages/airflow/example_dags/tutorial.py
[2024-04-17T00:42:31.088+0000] {logging_mixin.py:188} INFO - [2024-04-17T00:42:31.088+0000] {dag.py:3096} INFO - Sync 1 DAGs
[2024-04-17T00:42:31.117+0000] {logging_mixin.py:188} INFO - [2024-04-17T00:42:31.117+0000] {dag.py:3954} INFO - Setting next_dagrun for tutorial to 2024-04-16 00:00:00+00:00, run_after=2024-04-17 00:00:00+00:00
[2024-04-17T00:42:31.138+0000] {processor.py:183} INFO - Processing /home/airflow/.local/lib/python3.12/site-packages/airflow/example_dags/tutorial.py took 0.082 seconds
[2024-04-17T00:45:12.689+0000] {processor.py:161} INFO - Started process (PID=264) to work on /home/airflow/.local/lib/python3.12/site-packages/airflow/example_dags/tutorial.py
[2024-04-17T00:45:12.690+0000] {processor.py:830} INFO - Processing file /home/airflow/.local/lib/python3.12/site-packages/airflow/example_dags/tutorial.py for tasks to queue
[2024-04-17T00:45:12.693+0000] {logging_mixin.py:188} INFO - [2024-04-17T00:45:12.693+0000] {dagbag.py:540} INFO - Filling up the DagBag from /home/airflow/.local/lib/python3.12/site-packages/airflow/example_dags/tutorial.py
[2024-04-17T00:45:12.709+0000] {processor.py:840} INFO - DAG(s) 'tutorial' retrieved from /home/airflow/.local/lib/python3.12/site-packages/airflow/example_dags/tutorial.py
[2024-04-17T00:45:12.843+0000] {logging_mixin.py:188} INFO - [2024-04-17T00:45:12.843+0000] {dag.py:3096} INFO - Sync 1 DAGs
[2024-04-17T00:45:12.865+0000] {logging_mixin.py:188} INFO - [2024-04-17T00:45:12.865+0000] {dag.py:3954} INFO - Setting next_dagrun for tutorial to 2024-04-16 00:00:00+00:00, run_after=2024-04-17 00:00:00+00:00
[2024-04-17T00:45:13.660+0000] {processor.py:183} INFO - Processing /home/airflow/.local/lib/python3.12/site-packages/airflow/example_dags/tutorial.py took 0.979 seconds
[2024-04-17T00:45:45.540+0000] {processor.py:161} INFO - Started process (PID=531) to work on /home/airflow/.local/lib/python3.12/site-packages/airflow/example_dags/tutorial.py
[2024-04-17T00:45:45.541+0000] {processor.py:830} INFO - Processing file /home/airflow/.local/lib/python3.12/site-packages/airflow/example_dags/tutorial.py for tasks to queue
[2024-04-17T00:45:45.549+0000] {logging_mixin.py:188} INFO - [2024-04-17T00:45:45.549+0000] {dagbag.py:540} INFO - Filling up the DagBag from /home/airflow/.local/lib/python3.12/site-packages/airflow/example_dags/tutorial.py
[2024-04-17T00:45:45.557+0000] {processor.py:840} INFO - DAG(s) 'tutorial' retrieved from /home/airflow/.local/lib/python3.12/site-packages/airflow/example_dags/tutorial.py
[2024-04-17T00:45:45.579+0000] {logging_mixin.py:188} INFO - [2024-04-17T00:45:45.578+0000] {dag.py:3096} INFO - Sync 1 DAGs
[2024-04-17T00:45:45.613+0000] {logging_mixin.py:188} INFO - [2024-04-17T00:45:45.612+0000] {dag.py:3954} INFO - Setting next_dagrun for tutorial to 2024-04-16 00:00:00+00:00, run_after=2024-04-17 00:00:00+00:00
[2024-04-17T00:45:46.030+0000] {processor.py:183} INFO - Processing /home/airflow/.local/lib/python3.12/site-packages/airflow/example_dags/tutorial.py took 0.497 seconds
[2024-04-17T00:46:16.818+0000] {processor.py:161} INFO - Started process (PID=796) to work on /home/airflow/.local/lib/python3.12/site-packages/airflow/example_dags/tutorial.py
[2024-04-17T00:46:16.821+0000] {processor.py:830} INFO - Processing file /home/airflow/.local/lib/python3.12/site-packages/airflow/example_dags/tutorial.py for tasks to queue
[2024-04-17T00:46:16.828+0000] {logging_mixin.py:188} INFO - [2024-04-17T00:46:16.827+0000] {dagbag.py:540} INFO - Filling up the DagBag from /home/airflow/.local/lib/python3.12/site-packages/airflow/example_dags/tutorial.py
[2024-04-17T00:46:16.846+0000] {processor.py:840} INFO - DAG(s) 'tutorial' retrieved from /home/airflow/.local/lib/python3.12/site-packages/airflow/example_dags/tutorial.py
[2024-04-17T00:46:16.917+0000] {logging_mixin.py:188} INFO - [2024-04-17T00:46:16.916+0000] {dag.py:3096} INFO - Sync 1 DAGs
[2024-04-17T00:46:16.980+0000] {logging_mixin.py:188} INFO - [2024-04-17T00:46:16.977+0000] {dag.py:3954} INFO - Setting next_dagrun for tutorial to 2024-04-16 00:00:00+00:00, run_after=2024-04-17 00:00:00+00:00
[2024-04-17T00:46:17.174+0000] {processor.py:183} INFO - Processing /home/airflow/.local/lib/python3.12/site-packages/airflow/example_dags/tutorial.py took 0.364 seconds
[2024-04-17T00:46:47.726+0000] {processor.py:161} INFO - Started process (PID=1068) to work on /home/airflow/.local/lib/python3.12/site-packages/airflow/example_dags/tutorial.py
[2024-04-17T00:46:47.727+0000] {processor.py:830} INFO - Processing file /home/airflow/.local/lib/python3.12/site-packages/airflow/example_dags/tutorial.py for tasks to queue
[2024-04-17T00:46:47.730+0000] {logging_mixin.py:188} INFO - [2024-04-17T00:46:47.729+0000] {dagbag.py:540} INFO - Filling up the DagBag from /home/airflow/.local/lib/python3.12/site-packages/airflow/example_dags/tutorial.py
[2024-04-17T00:46:47.737+0000] {processor.py:840} INFO - DAG(s) 'tutorial' retrieved from /home/airflow/.local/lib/python3.12/site-packages/airflow/example_dags/tutorial.py
[2024-04-17T00:46:47.766+0000] {logging_mixin.py:188} INFO - [2024-04-17T00:46:47.766+0000] {dag.py:3096} INFO - Sync 1 DAGs
[2024-04-17T00:46:47.798+0000] {logging_mixin.py:188} INFO - [2024-04-17T00:46:47.797+0000] {dag.py:3954} INFO - Setting next_dagrun for tutorial to 2024-04-16 00:00:00+00:00, run_after=2024-04-17 00:00:00+00:00
[2024-04-17T00:46:48.215+0000] {processor.py:183} INFO - Processing /home/airflow/.local/lib/python3.12/site-packages/airflow/example_dags/tutorial.py took 0.499 seconds
[2024-04-17T00:47:18.502+0000] {processor.py:161} INFO - Started process (PID=1337) to work on /home/airflow/.local/lib/python3.12/site-packages/airflow/example_dags/tutorial.py
[2024-04-17T00:47:18.504+0000] {processor.py:830} INFO - Processing file /home/airflow/.local/lib/python3.12/site-packages/airflow/example_dags/tutorial.py for tasks to queue
[2024-04-17T00:47:18.508+0000] {logging_mixin.py:188} INFO - [2024-04-17T00:47:18.505+0000] {dagbag.py:540} INFO - Filling up the DagBag from /home/airflow/.local/lib/python3.12/site-packages/airflow/example_dags/tutorial.py
[2024-04-17T00:47:18.515+0000] {processor.py:840} INFO - DAG(s) 'tutorial' retrieved from /home/airflow/.local/lib/python3.12/site-packages/airflow/example_dags/tutorial.py
[2024-04-17T00:47:18.536+0000] {logging_mixin.py:188} INFO - [2024-04-17T00:47:18.536+0000] {dag.py:3096} INFO - Sync 1 DAGs
[2024-04-17T00:47:18.567+0000] {logging_mixin.py:188} INFO - [2024-04-17T00:47:18.567+0000] {dag.py:3954} INFO - Setting next_dagrun for tutorial to 2024-04-16 00:00:00+00:00, run_after=2024-04-17 00:00:00+00:00
[2024-04-17T00:47:18.798+0000] {processor.py:183} INFO - Processing /home/airflow/.local/lib/python3.12/site-packages/airflow/example_dags/tutorial.py took 0.301 seconds
[2024-04-17T00:47:48.995+0000] {processor.py:161} INFO - Started process (PID=1602) to work on /home/airflow/.local/lib/python3.12/site-packages/airflow/example_dags/tutorial.py
[2024-04-17T00:47:48.997+0000] {processor.py:830} INFO - Processing file /home/airflow/.local/lib/python3.12/site-packages/airflow/example_dags/tutorial.py for tasks to queue
[2024-04-17T00:47:48.999+0000] {logging_mixin.py:188} INFO - [2024-04-17T00:47:48.998+0000] {dagbag.py:540} INFO - Filling up the DagBag from /home/airflow/.local/lib/python3.12/site-packages/airflow/example_dags/tutorial.py
[2024-04-17T00:47:49.005+0000] {processor.py:840} INFO - DAG(s) 'tutorial' retrieved from /home/airflow/.local/lib/python3.12/site-packages/airflow/example_dags/tutorial.py
[2024-04-17T00:47:49.027+0000] {logging_mixin.py:188} INFO - [2024-04-17T00:47:49.027+0000] {dag.py:3096} INFO - Sync 1 DAGs
[2024-04-17T00:47:49.050+0000] {logging_mixin.py:188} INFO - [2024-04-17T00:47:49.050+0000] {dag.py:3954} INFO - Setting next_dagrun for tutorial to 2024-04-16 00:00:00+00:00, run_after=2024-04-17 00:00:00+00:00
[2024-04-17T00:47:49.223+0000] {processor.py:183} INFO - Processing /home/airflow/.local/lib/python3.12/site-packages/airflow/example_dags/tutorial.py took 0.233 seconds
[2024-04-17T00:48:19.520+0000] {processor.py:161} INFO - Started process (PID=1868) to work on /home/airflow/.local/lib/python3.12/site-packages/airflow/example_dags/tutorial.py
[2024-04-17T00:48:19.521+0000] {processor.py:830} INFO - Processing file /home/airflow/.local/lib/python3.12/site-packages/airflow/example_dags/tutorial.py for tasks to queue
[2024-04-17T00:48:19.523+0000] {logging_mixin.py:188} INFO - [2024-04-17T00:48:19.523+0000] {dagbag.py:540} INFO - Filling up the DagBag from /home/airflow/.local/lib/python3.12/site-packages/airflow/example_dags/tutorial.py
[2024-04-17T00:48:19.532+0000] {processor.py:840} INFO - DAG(s) 'tutorial' retrieved from /home/airflow/.local/lib/python3.12/site-packages/airflow/example_dags/tutorial.py
[2024-04-17T00:48:19.570+0000] {logging_mixin.py:188} INFO - [2024-04-17T00:48:19.570+0000] {dag.py:3096} INFO - Sync 1 DAGs
[2024-04-17T00:48:19.658+0000] {logging_mixin.py:188} INFO - [2024-04-17T00:48:19.658+0000] {dag.py:3954} INFO - Setting next_dagrun for tutorial to 2024-04-16 00:00:00+00:00, run_after=2024-04-17 00:00:00+00:00
[2024-04-17T00:48:19.716+0000] {processor.py:183} INFO - Processing /home/airflow/.local/lib/python3.12/site-packages/airflow/example_dags/tutorial.py took 0.204 seconds
